{"/app/server/src/middleware/auth.ts": {"path":"/app/server/src/middleware/auth.ts","statementMap":{"0":{"start":{"line":2,"column":0},"end":{"line":2,"column":43}},"1":{"start":{"line":21,"column":28},"end":{"line":36,"column":1}},"2":{"start":{"line":22,"column":23},"end":{"line":22,"column":48}},"3":{"start":{"line":23,"column":4},"end":{"line":25,"column":5}},"4":{"start":{"line":24,"column":8},"end":{"line":24,"column":82}},"5":{"start":{"line":27,"column":18},"end":{"line":27,"column":42}},"6":{"start":{"line":28,"column":20},"end":{"line":28,"column":38}},"7":{"start":{"line":30,"column":4},"end":{"line":32,"column":5}},"8":{"start":{"line":31,"column":8},"end":{"line":31,"column":89}},"9":{"start":{"line":34,"column":4},"end":{"line":34,"column":30}},"10":{"start":{"line":35,"column":4},"end":{"line":35,"column":11}},"11":{"start":{"line":21,"column":13},"end":{"line":21,"column":28}},"12":{"start":{"line":38,"column":27},"end":{"line":45,"column":1}},"13":{"start":{"line":39,"column":4},"end":{"line":44,"column":6}},"14":{"start":{"line":40,"column":8},"end":{"line":42,"column":9}},"15":{"start":{"line":41,"column":12},"end":{"line":41,"column":90}},"16":{"start":{"line":43,"column":8},"end":{"line":43,"column":15}},"17":{"start":{"line":38,"column":13},"end":{"line":38,"column":27}}},"fnMap":{"0":{"name":"(anonymous_0)","decl":{"start":{"line":21,"column":28},"end":{"line":21,"column":29}},"loc":{"start":{"line":21,"column":84},"end":{"line":36,"column":1}}},"1":{"name":"(anonymous_1)","decl":{"start":{"line":38,"column":27},"end":{"line":38,"column":28}},"loc":{"start":{"line":38,"column":44},"end":{"line":45,"column":1}}},"2":{"name":"(anonymous_2)","decl":{"start":{"line":39,"column":11},"end":{"line":39,"column":12}},"loc":{"start":{"line":39,"column":67},"end":{"line":44,"column":5}}}},"branchMap":{"0":{"loc":{"start":{"line":23,"column":4},"end":{"line":25,"column":5}},"type":"if","locations":[{"start":{"line":23,"column":4},"end":{"line":25,"column":5}}]},"1":{"loc":{"start":{"line":23,"column":8},"end":{"line":23,"column":56}},"type":"binary-expr","locations":[{"start":{"line":23,"column":8},"end":{"line":23,"column":19}},{"start":{"line":23,"column":23},"end":{"line":23,"column":56}}]},"2":{"loc":{"start":{"line":30,"column":4},"end":{"line":32,"column":5}},"type":"if","locations":[{"start":{"line":30,"column":4},"end":{"line":32,"column":5}}]},"3":{"loc":{"start":{"line":30,"column":8},"end":{"line":30,"column":47}},"type":"binary-expr","locations":[{"start":{"line":30,"column":8},"end":{"line":30,"column":16}},{"start":{"line":30,"column":20},"end":{"line":30,"column":47}}]},"4":{"loc":{"start":{"line":40,"column":8},"end":{"line":42,"column":9}},"type":"if","locations":[{"start":{"line":40,"column":8},"end":{"line":42,"column":9}}]},"5":{"loc":{"start":{"line":40,"column":12},"end":{"line":40,"column":47}},"type":"binary-expr","locations":[{"start":{"line":40,"column":12},"end":{"line":40,"column":21}},{"start":{"line":40,"column":25},"end":{"line":40,"column":47}}]}},"s":{"0":1,"1":1,"2":0,"3":0,"4":0,"5":0,"6":0,"7":0,"8":0,"9":0,"10":0,"11":1,"12":1,"13":11,"14":0,"15":0,"16":0,"17":1},"f":{"0":0,"1":11,"2":0},"b":{"0":[0],"1":[0,0],"2":[0],"3":[0,0],"4":[0],"5":[0,0]}}
,"/app/server/src/middleware/errorHandler.ts": {"path":"/app/server/src/middleware/errorHandler.ts","statementMap":{"0":{"start":{"line":3,"column":28},"end":{"line":23,"column":1}},"1":{"start":{"line":4,"column":2},"end":{"line":4,"column":null}},"2":{"start":{"line":6,"column":2},"end":{"line":8,"column":3}},"3":{"start":{"line":7,"column":4},"end":{"line":7,"column":null}},"4":{"start":{"line":10,"column":2},"end":{"line":12,"column":3}},"5":{"start":{"line":11,"column":4},"end":{"line":11,"column":null}},"6":{"start":{"line":14,"column":2},"end":{"line":16,"column":3}},"7":{"start":{"line":15,"column":4},"end":{"line":15,"column":null}},"8":{"start":{"line":18,"column":2},"end":{"line":20,"column":3}},"9":{"start":{"line":19,"column":4},"end":{"line":19,"column":null}},"10":{"start":{"line":22,"column":2},"end":{"line":22,"column":null}},"11":{"start":{"line":3,"column":13},"end":{"line":3,"column":28}}},"fnMap":{"0":{"name":"(anonymous_0)","decl":{"start":{"line":3,"column":28},"end":{"line":3,"column":29}},"loc":{"start":{"line":3,"column":90},"end":{"line":23,"column":1}}}},"branchMap":{"0":{"loc":{"start":{"line":6,"column":2},"end":{"line":8,"column":3}},"type":"if","locations":[{"start":{"line":6,"column":2},"end":{"line":8,"column":3}}]},"1":{"loc":{"start":{"line":10,"column":2},"end":{"line":12,"column":3}},"type":"if","locations":[{"start":{"line":10,"column":2},"end":{"line":12,"column":3}}]},"2":{"loc":{"start":{"line":14,"column":2},"end":{"line":16,"column":3}},"type":"if","locations":[{"start":{"line":14,"column":2},"end":{"line":16,"column":3}}]},"3":{"loc":{"start":{"line":18,"column":2},"end":{"line":20,"column":3}},"type":"if","locations":[{"start":{"line":18,"column":2},"end":{"line":20,"column":3}}]}},"s":{"0":0,"1":0,"2":0,"3":0,"4":0,"5":0,"6":0,"7":0,"8":0,"9":0,"10":0,"11":0},"f":{"0":0},"b":{"0":[0],"1":[0],"2":[0],"3":[0]}}
,"/app/server/src/middleware/rateLimiter.ts": {"path":"/app/server/src/middleware/rateLimiter.ts","statementMap":{"0":{"start":{"line":1,"column":0},"end":{"line":1,"column":42}},"1":{"start":{"line":3,"column":13},"end":{"line":7,"column":null}},"2":{"start":{"line":9,"column":13},"end":{"line":13,"column":null}},"3":{"start":{"line":15,"column":13},"end":{"line":19,"column":null}}},"fnMap":{},"branchMap":{},"s":{"0":0,"1":0,"2":0,"3":0},"f":{},"b":{}}
,"/app/server/src/middleware/roleGuard.ts": {"path":"/app/server/src/middleware/roleGuard.ts","statementMap":{"0":{"start":{"line":2,"column":0},"end":{"line":2,"column":36}},"1":{"start":{"line":10,"column":31},"end":{"line":28,"column":1}},"2":{"start":{"line":11,"column":2},"end":{"line":27,"column":3}},"3":{"start":{"line":12,"column":4},"end":{"line":14,"column":5}},"4":{"start":{"line":13,"column":6},"end":{"line":13,"column":null}},"5":{"start":{"line":16,"column":15},"end":{"line":16,"column":28}},"6":{"start":{"line":17,"column":17},"end":{"line":17,"column":83}},"7":{"start":{"line":19,"column":4},"end":{"line":21,"column":5}},"8":{"start":{"line":20,"column":6},"end":{"line":20,"column":null}},"9":{"start":{"line":23,"column":4},"end":{"line":23,"column":null}},"10":{"start":{"line":25,"column":4},"end":{"line":25,"column":null}},"11":{"start":{"line":26,"column":4},"end":{"line":26,"column":null}},"12":{"start":{"line":10,"column":13},"end":{"line":10,"column":31}},"13":{"start":{"line":30,"column":33},"end":{"line":48,"column":1}},"14":{"start":{"line":31,"column":2},"end":{"line":47,"column":3}},"15":{"start":{"line":32,"column":4},"end":{"line":34,"column":5}},"16":{"start":{"line":33,"column":6},"end":{"line":33,"column":null}},"17":{"start":{"line":36,"column":15},"end":{"line":36,"column":28}},"18":{"start":{"line":37,"column":17},"end":{"line":37,"column":83}},"19":{"start":{"line":39,"column":4},"end":{"line":41,"column":5}},"20":{"start":{"line":40,"column":6},"end":{"line":40,"column":null}},"21":{"start":{"line":43,"column":4},"end":{"line":43,"column":null}},"22":{"start":{"line":45,"column":4},"end":{"line":45,"column":null}},"23":{"start":{"line":46,"column":4},"end":{"line":46,"column":null}},"24":{"start":{"line":30,"column":13},"end":{"line":30,"column":33}}},"fnMap":{"0":{"name":"(anonymous_0)","decl":{"start":{"line":10,"column":31},"end":{"line":10,"column":36}},"loc":{"start":{"line":10,"column":93},"end":{"line":28,"column":1}}},"1":{"name":"(anonymous_1)","decl":{"start":{"line":30,"column":33},"end":{"line":30,"column":38}},"loc":{"start":{"line":30,"column":95},"end":{"line":48,"column":1}}}},"branchMap":{"0":{"loc":{"start":{"line":12,"column":4},"end":{"line":14,"column":5}},"type":"if","locations":[{"start":{"line":12,"column":4},"end":{"line":14,"column":5}}]},"1":{"loc":{"start":{"line":19,"column":4},"end":{"line":21,"column":5}},"type":"if","locations":[{"start":{"line":19,"column":4},"end":{"line":21,"column":5}}]},"2":{"loc":{"start":{"line":19,"column":8},"end":{"line":19,"column":38}},"type":"binary-expr","locations":[{"start":{"line":19,"column":8},"end":{"line":19,"column":13}},{"start":{"line":19,"column":17},"end":{"line":19,"column":38}}]},"3":{"loc":{"start":{"line":32,"column":4},"end":{"line":34,"column":5}},"type":"if","locations":[{"start":{"line":32,"column":4},"end":{"line":34,"column":5}}]},"4":{"loc":{"start":{"line":39,"column":4},"end":{"line":41,"column":5}},"type":"if","locations":[{"start":{"line":39,"column":4},"end":{"line":41,"column":5}}]},"5":{"loc":{"start":{"line":39,"column":8},"end":{"line":39,"column":40}},"type":"binary-expr","locations":[{"start":{"line":39,"column":8},"end":{"line":39,"column":13}},{"start":{"line":39,"column":17},"end":{"line":39,"column":40}}]}},"s":{"0":0,"1":0,"2":0,"3":0,"4":0,"5":0,"6":0,"7":0,"8":0,"9":0,"10":0,"11":0,"12":0,"13":0,"14":0,"15":0,"16":0,"17":0,"18":0,"19":0,"20":0,"21":0,"22":0,"23":0,"24":0},"f":{"0":0,"1":0},"b":{"0":[0],"1":[0],"2":[0,0],"3":[0],"4":[0],"5":[0,0]}}
,"/app/server/src/middleware/validate.ts": {"path":"/app/server/src/middleware/validate.ts","statementMap":{"0":{"start":{"line":3,"column":0},"end":{"line":3,"column":46}},"1":{"start":{"line":5,"column":24},"end":{"line":14,"column":1}},"2":{"start":{"line":6,"column":2},"end":{"line":13,"column":null}},"3":{"start":{"line":7,"column":22},"end":{"line":7,"column":90}},"4":{"start":{"line":8,"column":4},"end":{"line":11,"column":5}},"5":{"start":{"line":9,"column":23},"end":{"line":9,"column":68}},"6":{"start":{"line":9,"column":46},"end":{"line":9,"column":55}},"7":{"start":{"line":10,"column":6},"end":{"line":10,"column":null}},"8":{"start":{"line":12,"column":4},"end":{"line":12,"column":null}},"9":{"start":{"line":5,"column":13},"end":{"line":5,"column":24}}},"fnMap":{"0":{"name":"(anonymous_0)","decl":{"start":{"line":5,"column":24},"end":{"line":5,"column":25}},"loc":{"start":{"line":5,"column":49},"end":{"line":14,"column":1}}},"1":{"name":"(anonymous_1)","decl":{"start":{"line":6,"column":9},"end":{"line":6,"column":10}},"loc":{"start":{"line":6,"column":61},"end":{"line":13,"column":3}}},"2":{"name":"(anonymous_2)","decl":{"start":{"line":9,"column":41},"end":{"line":9,"column":42}},"loc":{"start":{"line":9,"column":46},"end":{"line":9,"column":55}}}},"branchMap":{"0":{"loc":{"start":{"line":8,"column":4},"end":{"line":11,"column":5}},"type":"if","locations":[{"start":{"line":8,"column":4},"end":{"line":11,"column":5}}]}},"s":{"0":1,"1":1,"2":4,"3":0,"4":0,"5":0,"6":0,"7":0,"8":0,"9":1},"f":{"0":4,"1":0,"2":0},"b":{"0":[0]}}
,"/app/server/src/routes/admin.ts": {"path":"/app/server/src/routes/admin.ts","statementMap":{"0":{"start":{"line":1,"column":0},"end":{"line":1,"column":33}},"1":{"start":{"line":2,"column":0},"end":{"line":2,"column":37}},"2":{"start":{"line":3,"column":0},"end":{"line":3,"column":63}},"3":{"start":{"line":4,"column":0},"end":{"line":4,"column":50}},"4":{"start":{"line":5,"column":0},"end":{"line":5,"column":82}},"5":{"start":{"line":6,"column":0},"end":{"line":6,"column":45}},"6":{"start":{"line":9,"column":15},"end":{"line":9,"column":23}},"7":{"start":{"line":11,"column":0},"end":{"line":11,"column":47}},"8":{"start":{"line":13,"column":0},"end":{"line":34,"column":3}},"9":{"start":{"line":14,"column":4},"end":{"line":33,"column":5}},"10":{"start":{"line":15,"column":19},"end":{"line":15,"column":32}},"11":{"start":{"line":16,"column":28},"end":{"line":16,"column":102}},"12":{"start":{"line":17,"column":27},"end":{"line":17,"column":123}},"13":{"start":{"line":18,"column":25},"end":{"line":18,"column":105}},"14":{"start":{"line":19,"column":27},"end":{"line":23,"column":10}},"15":{"start":{"line":25,"column":8},"end":{"line":30,"column":11}},"16":{"start":{"line":32,"column":8},"end":{"line":32,"column":56}},"17":{"start":{"line":36,"column":0},"end":{"line":56,"column":3}},"18":{"start":{"line":37,"column":4},"end":{"line":55,"column":5}},"19":{"start":{"line":38,"column":19},"end":{"line":38,"column":32}},"20":{"start":{"line":39,"column":22},"end":{"line":47,"column":10}},"21":{"start":{"line":48,"column":8},"end":{"line":52,"column":13}},"22":{"start":{"line":48,"column":33},"end":{"line":52,"column":10}},"23":{"start":{"line":54,"column":8},"end":{"line":54,"column":56}},"24":{"start":{"line":58,"column":0},"end":{"line":93,"column":3}},"25":{"start":{"line":60,"column":4},"end":{"line":92,"column":5}},"26":{"start":{"line":61,"column":8},"end":{"line":61,"column":27}},"27":{"start":{"line":62,"column":37},"end":{"line":62,"column":45}},"28":{"start":{"line":63,"column":22},"end":{"line":63,"column":33}},"29":{"start":{"line":65,"column":8},"end":{"line":65,"column":43}},"30":{"start":{"line":66,"column":31},"end":{"line":66,"column":33}},"31":{"start":{"line":68,"column":8},"end":{"line":84,"column":9}},"32":{"start":{"line":68,"column":21},"end":{"line":68,"column":22}},"33":{"start":{"line":70,"column":25},"end":{"line":70,"column":29}},"34":{"start":{"line":71,"column":12},"end":{"line":80,"column":13}},"35":{"start":{"line":73,"column":30},"end":{"line":73,"column":64}},"36":{"start":{"line":74,"column":27},"end":{"line":74,"column":116}},"37":{"start":{"line":74,"column":59},"end":{"line":74,"column":106}},"38":{"start":{"line":75,"column":27},"end":{"line":75,"column":116}},"39":{"start":{"line":75,"column":59},"end":{"line":75,"column":106}},"40":{"start":{"line":76,"column":16},"end":{"line":76,"column":41}},"41":{"start":{"line":78,"column":33},"end":{"line":78,"column":99}},"42":{"start":{"line":79,"column":16},"end":{"line":79,"column":46}},"43":{"start":{"line":79,"column":31},"end":{"line":79,"column":46}},"44":{"start":{"line":82,"column":12},"end":{"line":82,"column":104}},"45":{"start":{"line":83,"column":12},"end":{"line":83,"column":38}},"46":{"start":{"line":86,"column":8},"end":{"line":86,"column":32}},"47":{"start":{"line":87,"column":8},"end":{"line":87,"column":78}},"48":{"start":{"line":89,"column":8},"end":{"line":89,"column":42}},"49":{"start":{"line":89,"column":16},"end":{"line":89,"column":42}},"50":{"start":{"line":90,"column":8},"end":{"line":90,"column":53}},"51":{"start":{"line":91,"column":8},"end":{"line":91,"column":56}},"52":{"start":{"line":95,"column":0},"end":{"line":104,"column":3}},"53":{"start":{"line":96,"column":4},"end":{"line":103,"column":5}},"54":{"start":{"line":97,"column":19},"end":{"line":97,"column":32}},"55":{"start":{"line":98,"column":8},"end":{"line":98,"column":97}},"56":{"start":{"line":99,"column":8},"end":{"line":99,"column":31}},"57":{"start":{"line":100,"column":8},"end":{"line":100,"column":36}},"58":{"start":{"line":102,"column":8},"end":{"line":102,"column":56}},"59":{"start":{"line":106,"column":0},"end":{"line":134,"column":3}},"60":{"start":{"line":108,"column":4},"end":{"line":133,"column":5}},"61":{"start":{"line":109,"column":8},"end":{"line":109,"column":27}},"62":{"start":{"line":110,"column":42},"end":{"line":110,"column":50}},"63":{"start":{"line":112,"column":8},"end":{"line":112,"column":43}},"64":{"start":{"line":114,"column":28},"end":{"line":114,"column":30}},"65":{"start":{"line":115,"column":8},"end":{"line":121,"column":9}},"66":{"start":{"line":116,"column":32},"end":{"line":116,"column":115}},"67":{"start":{"line":117,"column":12},"end":{"line":117,"column":63}},"68":{"start":{"line":117,"column":49},"end":{"line":117,"column":61}},"69":{"start":{"line":119,"column":26},"end":{"line":119,"column":85}},"70":{"start":{"line":120,"column":12},"end":{"line":120,"column":49}},"71":{"start":{"line":120,"column":43},"end":{"line":120,"column":47}},"72":{"start":{"line":123,"column":8},"end":{"line":125,"column":9}},"73":{"start":{"line":124,"column":12},"end":{"line":124,"column":115}},"74":{"start":{"line":127,"column":8},"end":{"line":127,"column":32}},"75":{"start":{"line":128,"column":8},"end":{"line":128,"column":65}},"76":{"start":{"line":130,"column":8},"end":{"line":130,"column":42}},"77":{"start":{"line":130,"column":16},"end":{"line":130,"column":42}},"78":{"start":{"line":131,"column":8},"end":{"line":131,"column":57}},"79":{"start":{"line":132,"column":8},"end":{"line":132,"column":56}},"80":{"start":{"line":136,"column":0},"end":{"line":136,"column":22}}},"fnMap":{"0":{"name":"(anonymous_0)","decl":{"start":{"line":13,"column":25},"end":{"line":13,"column":30}},"loc":{"start":{"line":13,"column":44},"end":{"line":34,"column":1}}},"1":{"name":"(anonymous_1)","decl":{"start":{"line":36,"column":21},"end":{"line":36,"column":26}},"loc":{"start":{"line":36,"column":40},"end":{"line":56,"column":1}}},"2":{"name":"(anonymous_2)","decl":{"start":{"line":48,"column":27},"end":{"line":48,"column":28}},"loc":{"start":{"line":48,"column":33},"end":{"line":52,"column":10}}},"3":{"name":"(anonymous_3)","decl":{"start":{"line":58,"column":62},"end":{"line":58,"column":67}},"loc":{"start":{"line":58,"column":81},"end":{"line":93,"column":1}}},"4":{"name":"(anonymous_4)","decl":{"start":{"line":74,"column":53},"end":{"line":74,"column":56}},"loc":{"start":{"line":74,"column":59},"end":{"line":74,"column":106}}},"5":{"name":"(anonymous_5)","decl":{"start":{"line":75,"column":53},"end":{"line":75,"column":56}},"loc":{"start":{"line":75,"column":59},"end":{"line":75,"column":106}}},"6":{"name":"(anonymous_6)","decl":{"start":{"line":95,"column":28},"end":{"line":95,"column":33}},"loc":{"start":{"line":95,"column":47},"end":{"line":104,"column":1}}},"7":{"name":"(anonymous_7)","decl":{"start":{"line":106,"column":69},"end":{"line":106,"column":74}},"loc":{"start":{"line":106,"column":88},"end":{"line":134,"column":1}}},"8":{"name":"(anonymous_8)","decl":{"start":{"line":117,"column":44},"end":{"line":117,"column":45}},"loc":{"start":{"line":117,"column":49},"end":{"line":117,"column":61}}},"9":{"name":"(anonymous_9)","decl":{"start":{"line":120,"column":38},"end":{"line":120,"column":39}},"loc":{"start":{"line":120,"column":43},"end":{"line":120,"column":47}}}},"branchMap":{"0":{"loc":{"start":{"line":26,"column":27},"end":{"line":26,"column":50}},"type":"binary-expr","locations":[{"start":{"line":26,"column":27},"end":{"line":26,"column":45}},{"start":{"line":26,"column":49},"end":{"line":26,"column":50}}]},"1":{"loc":{"start":{"line":27,"column":27},"end":{"line":27,"column":49}},"type":"binary-expr","locations":[{"start":{"line":27,"column":27},"end":{"line":27,"column":44}},{"start":{"line":27,"column":48},"end":{"line":27,"column":49}}]},"2":{"loc":{"start":{"line":28,"column":28},"end":{"line":28,"column":48}},"type":"binary-expr","locations":[{"start":{"line":28,"column":28},"end":{"line":28,"column":43}},{"start":{"line":28,"column":47},"end":{"line":28,"column":48}}]},"3":{"loc":{"start":{"line":29,"column":35},"end":{"line":29,"column":57}},"type":"binary-expr","locations":[{"start":{"line":29,"column":35},"end":{"line":29,"column":52}},{"start":{"line":29,"column":56},"end":{"line":29,"column":57}}]},"4":{"loc":{"start":{"line":51,"column":22},"end":{"line":51,"column":75}},"type":"cond-expr","locations":[{"start":{"line":51,"column":39},"end":{"line":51,"column":68}},{"start":{"line":51,"column":71},"end":{"line":51,"column":75}}]},"5":{"loc":{"start":{"line":63,"column":22},"end":{"line":63,"column":33}},"type":"binary-expr","locations":[{"start":{"line":63,"column":22},"end":{"line":63,"column":27}},{"start":{"line":63,"column":31},"end":{"line":63,"column":33}}]},"6":{"loc":{"start":{"line":79,"column":16},"end":{"line":79,"column":46}},"type":"if","locations":[{"start":{"line":79,"column":16},"end":{"line":79,"column":46}}]},"7":{"loc":{"start":{"line":89,"column":8},"end":{"line":89,"column":42}},"type":"if","locations":[{"start":{"line":89,"column":8},"end":{"line":89,"column":42}}]},"8":{"loc":{"start":{"line":115,"column":8},"end":{"line":121,"column":9}},"type":"if","locations":[{"start":{"line":115,"column":8},"end":{"line":121,"column":9}},{"start":{"line":118,"column":15},"end":{"line":121,"column":9}}]},"9":{"loc":{"start":{"line":115,"column":12},"end":{"line":115,"column":44}},"type":"binary-expr","locations":[{"start":{"line":115,"column":12},"end":{"line":115,"column":21}},{"start":{"line":115,"column":25},"end":{"line":115,"column":44}}]},"10":{"loc":{"start":{"line":130,"column":8},"end":{"line":130,"column":42}},"type":"if","locations":[{"start":{"line":130,"column":8},"end":{"line":130,"column":42}}]}},"s":{"0":0,"1":0,"2":0,"3":0,"4":0,"5":0,"6":0,"7":0,"8":0,"9":0,"10":0,"11":0,"12":0,"13":0,"14":0,"15":0,"16":0,"17":0,"18":0,"19":0,"20":0,"21":0,"22":0,"23":0,"24":0,"25":0,"26":0,"27":0,"28":0,"29":0,"30":0,"31":0,"32":0,"33":0,"34":0,"35":0,"36":0,"37":0,"38":0,"39":0,"40":0,"41":0,"42":0,"43":0,"44":0,"45":0,"46":0,"47":0,"48":0,"49":0,"50":0,"51":0,"52":0,"53":0,"54":0,"55":0,"56":0,"57":0,"58":0,"59":0,"60":0,"61":0,"62":0,"63":0,"64":0,"65":0,"66":0,"67":0,"68":0,"69":0,"70":0,"71":0,"72":0,"73":0,"74":0,"75":0,"76":0,"77":0,"78":0,"79":0,"80":0},"f":{"0":0,"1":0,"2":0,"3":0,"4":0,"5":0,"6":0,"7":0,"8":0,"9":0},"b":{"0":[0,0],"1":[0,0],"2":[0,0],"3":[0,0],"4":[0,0],"5":[0,0],"6":[0],"7":[0],"8":[0,0],"9":[0,0],"10":[0]}}
,"/app/server/src/routes/auth.ts": {"path":"/app/server/src/routes/auth.ts","statementMap":{"0":{"start":{"line":1,"column":0},"end":{"line":1,"column":33}},"1":{"start":{"line":2,"column":0},"end":{"line":2,"column":37}},"2":{"start":{"line":3,"column":0},"end":{"line":3,"column":28}},"3":{"start":{"line":4,"column":0},"end":{"line":4,"column":45}},"4":{"start":{"line":5,"column":0},"end":{"line":5,"column":50}},"5":{"start":{"line":6,"column":0},"end":{"line":6,"column":57}},"6":{"start":{"line":7,"column":0},"end":{"line":7,"column":50}},"7":{"start":{"line":8,"column":0},"end":{"line":8,"column":82}},"8":{"start":{"line":9,"column":0},"end":{"line":9,"column":28}},"9":{"start":{"line":11,"column":15},"end":{"line":11,"column":23}},"10":{"start":{"line":14,"column":0},"end":{"line":43,"column":3}},"11":{"start":{"line":15,"column":4},"end":{"line":42,"column":5}},"12":{"start":{"line":16,"column":54},"end":{"line":16,"column":62}},"13":{"start":{"line":18,"column":19},"end":{"line":18,"column":32}},"14":{"start":{"line":21,"column":29},"end":{"line":21,"column":90}},"15":{"start":{"line":22,"column":8},"end":{"line":24,"column":9}},"16":{"start":{"line":23,"column":12},"end":{"line":23,"column":79}},"17":{"start":{"line":26,"column":31},"end":{"line":26,"column":62}},"18":{"start":{"line":27,"column":19},"end":{"line":27,"column":38}},"19":{"start":{"line":30,"column":25},"end":{"line":30,"column":34}},"20":{"start":{"line":32,"column":8},"end":{"line":35,"column":10}},"21":{"start":{"line":37,"column":22},"end":{"line":37,"column":49}},"22":{"start":{"line":38,"column":8},"end":{"line":38,"column":76}},"23":{"start":{"line":40,"column":8},"end":{"line":40,"column":52}},"24":{"start":{"line":41,"column":8},"end":{"line":41,"column":56}},"25":{"start":{"line":46,"column":0},"end":{"line":76,"column":3}},"26":{"start":{"line":47,"column":4},"end":{"line":75,"column":5}},"27":{"start":{"line":48,"column":55},"end":{"line":48,"column":63}},"28":{"start":{"line":50,"column":8},"end":{"line":52,"column":9}},"29":{"start":{"line":51,"column":12},"end":{"line":51,"column":75}},"30":{"start":{"line":54,"column":19},"end":{"line":54,"column":32}},"31":{"start":{"line":56,"column":29},"end":{"line":56,"column":90}},"32":{"start":{"line":57,"column":8},"end":{"line":59,"column":9}},"33":{"start":{"line":58,"column":12},"end":{"line":58,"column":79}},"34":{"start":{"line":61,"column":31},"end":{"line":61,"column":62}},"35":{"start":{"line":62,"column":19},"end":{"line":62,"column":38}},"36":{"start":{"line":63,"column":25},"end":{"line":63,"column":32}},"37":{"start":{"line":65,"column":8},"end":{"line":68,"column":10}},"38":{"start":{"line":70,"column":22},"end":{"line":70,"column":49}},"39":{"start":{"line":71,"column":8},"end":{"line":71,"column":76}},"40":{"start":{"line":73,"column":8},"end":{"line":73,"column":58}},"41":{"start":{"line":74,"column":8},"end":{"line":74,"column":56}},"42":{"start":{"line":79,"column":0},"end":{"line":110,"column":3}},"43":{"start":{"line":80,"column":4},"end":{"line":109,"column":5}},"44":{"start":{"line":81,"column":36},"end":{"line":81,"column":44}},"45":{"start":{"line":83,"column":19},"end":{"line":83,"column":32}},"46":{"start":{"line":84,"column":21},"end":{"line":84,"column":81}},"47":{"start":{"line":86,"column":8},"end":{"line":88,"column":9}},"48":{"start":{"line":87,"column":12},"end":{"line":87,"column":74}},"49":{"start":{"line":90,"column":24},"end":{"line":90,"column":74}},"50":{"start":{"line":91,"column":8},"end":{"line":93,"column":9}},"51":{"start":{"line":92,"column":12},"end":{"line":92,"column":74}},"52":{"start":{"line":95,"column":22},"end":{"line":95,"column":55}},"53":{"start":{"line":97,"column":8},"end":{"line":105,"column":11}},"54":{"start":{"line":107,"column":8},"end":{"line":107,"column":52}},"55":{"start":{"line":108,"column":8},"end":{"line":108,"column":56}},"56":{"start":{"line":113,"column":0},"end":{"line":127,"column":3}},"57":{"start":{"line":114,"column":4},"end":{"line":126,"column":5}},"58":{"start":{"line":115,"column":19},"end":{"line":115,"column":32}},"59":{"start":{"line":116,"column":21},"end":{"line":116,"column":137}},"60":{"start":{"line":118,"column":8},"end":{"line":120,"column":9}},"61":{"start":{"line":119,"column":12},"end":{"line":119,"column":69}},"62":{"start":{"line":122,"column":8},"end":{"line":122,"column":27}},"63":{"start":{"line":124,"column":8},"end":{"line":124,"column":42}},"64":{"start":{"line":125,"column":8},"end":{"line":125,"column":56}},"65":{"start":{"line":129,"column":0},"end":{"line":129,"column":22}}},"fnMap":{"0":{"name":"(anonymous_1)","decl":{"start":{"line":14,"column":63},"end":{"line":14,"column":68}},"loc":{"start":{"line":14,"column":82},"end":{"line":43,"column":1}}},"1":{"name":"(anonymous_2)","decl":{"start":{"line":46,"column":74},"end":{"line":46,"column":79}},"loc":{"start":{"line":46,"column":93},"end":{"line":76,"column":1}}},"2":{"name":"(anonymous_3)","decl":{"start":{"line":79,"column":59},"end":{"line":79,"column":64}},"loc":{"start":{"line":79,"column":78},"end":{"line":110,"column":1}}},"3":{"name":"(anonymous_4)","decl":{"start":{"line":113,"column":32},"end":{"line":113,"column":37}},"loc":{"start":{"line":113,"column":56},"end":{"line":127,"column":1}}}},"branchMap":{"0":{"loc":{"start":{"line":22,"column":8},"end":{"line":24,"column":9}},"type":"if","locations":[{"start":{"line":22,"column":8},"end":{"line":24,"column":9}}]},"1":{"loc":{"start":{"line":34,"column":51},"end":{"line":34,"column":64}},"type":"binary-expr","locations":[{"start":{"line":34,"column":51},"end":{"line":34,"column":56}},{"start":{"line":34,"column":60},"end":{"line":34,"column":64}}]},"2":{"loc":{"start":{"line":50,"column":8},"end":{"line":52,"column":9}},"type":"if","locations":[{"start":{"line":50,"column":8},"end":{"line":52,"column":9}}]},"3":{"loc":{"start":{"line":57,"column":8},"end":{"line":59,"column":9}},"type":"if","locations":[{"start":{"line":57,"column":8},"end":{"line":59,"column":9}}]},"4":{"loc":{"start":{"line":86,"column":8},"end":{"line":88,"column":9}},"type":"if","locations":[{"start":{"line":86,"column":8},"end":{"line":88,"column":9}}]},"5":{"loc":{"start":{"line":91,"column":8},"end":{"line":93,"column":9}},"type":"if","locations":[{"start":{"line":91,"column":8},"end":{"line":93,"column":9}}]},"6":{"loc":{"start":{"line":118,"column":8},"end":{"line":120,"column":9}},"type":"if","locations":[{"start":{"line":118,"column":8},"end":{"line":120,"column":9}}]}},"s":{"0":0,"1":0,"2":0,"3":0,"4":0,"5":0,"6":0,"7":0,"8":0,"9":0,"10":0,"11":0,"12":0,"13":0,"14":0,"15":0,"16":0,"17":0,"18":0,"19":0,"20":0,"21":0,"22":0,"23":0,"24":0,"25":0,"26":0,"27":0,"28":0,"29":0,"30":0,"31":0,"32":0,"33":0,"34":0,"35":0,"36":0,"37":0,"38":0,"39":0,"40":0,"41":0,"42":0,"43":0,"44":0,"45":0,"46":0,"47":0,"48":0,"49":0,"50":0,"51":0,"52":0,"53":0,"54":0,"55":0,"56":0,"57":0,"58":0,"59":0,"60":0,"61":0,"62":0,"63":0,"64":0,"65":0},"f":{"0":0,"1":0,"2":0,"3":0},"b":{"0":[0],"1":[0,0],"2":[0],"3":[0],"4":[0],"5":[0],"6":[0]}}
,"/app/server/src/routes/courses.ts": {"path":"/app/server/src/routes/courses.ts","statementMap":{"0":{"start":{"line":1,"column":0},"end":{"line":1,"column":33}},"1":{"start":{"line":2,"column":0},"end":{"line":2,"column":37}},"2":{"start":{"line":3,"column":0},"end":{"line":3,"column":63}},"3":{"start":{"line":4,"column":0},"end":{"line":4,"column":50}},"4":{"start":{"line":5,"column":0},"end":{"line":5,"column":111}},"5":{"start":{"line":6,"column":0},"end":{"line":6,"column":45}},"6":{"start":{"line":8,"column":15},"end":{"line":8,"column":23}},"7":{"start":{"line":13,"column":0},"end":{"line":24,"column":3}},"8":{"start":{"line":14,"column":4},"end":{"line":23,"column":5}},"9":{"start":{"line":15,"column":19},"end":{"line":15,"column":32}},"10":{"start":{"line":16,"column":24},"end":{"line":17,"column":null}},"11":{"start":{"line":19,"column":8},"end":{"line":19,"column":26}},"12":{"start":{"line":21,"column":8},"end":{"line":21,"column":52}},"13":{"start":{"line":22,"column":8},"end":{"line":22,"column":56}},"14":{"start":{"line":27,"column":0},"end":{"line":40,"column":3}},"15":{"start":{"line":28,"column":4},"end":{"line":39,"column":5}},"16":{"start":{"line":29,"column":19},"end":{"line":29,"column":32}},"17":{"start":{"line":30,"column":23},"end":{"line":32,"column":null}},"18":{"start":{"line":34,"column":8},"end":{"line":34,"column":80}},"19":{"start":{"line":34,"column":21},"end":{"line":34,"column":80}},"20":{"start":{"line":35,"column":8},"end":{"line":35,"column":25}},"21":{"start":{"line":37,"column":8},"end":{"line":37,"column":55}},"22":{"start":{"line":38,"column":8},"end":{"line":38,"column":56}},"23":{"start":{"line":43,"column":0},"end":{"line":73,"column":3}},"24":{"start":{"line":44,"column":4},"end":{"line":72,"column":5}},"25":{"start":{"line":45,"column":19},"end":{"line":45,"column":32}},"26":{"start":{"line":48,"column":23},"end":{"line":48,"column":90}},"27":{"start":{"line":49,"column":8},"end":{"line":49,"column":80}},"28":{"start":{"line":49,"column":21},"end":{"line":49,"column":80}},"29":{"start":{"line":52,"column":22},"end":{"line":52,"column":118}},"30":{"start":{"line":55,"column":24},"end":{"line":55,"column":44}},"31":{"start":{"line":55,"column":39},"end":{"line":55,"column":43}},"32":{"start":{"line":56,"column":29},"end":{"line":56,"column":31}},"33":{"start":{"line":57,"column":8},"end":{"line":60,"column":9}},"34":{"start":{"line":58,"column":33},"end":{"line":58,"column":65}},"35":{"start":{"line":58,"column":51},"end":{"line":58,"column":54}},"36":{"start":{"line":59,"column":12},"end":{"line":59,"column":128}},"37":{"start":{"line":63,"column":27},"end":{"line":66,"column":11}},"38":{"start":{"line":63,"column":46},"end":{"line":66,"column":10}},"39":{"start":{"line":65,"column":41},"end":{"line":65,"column":62}},"40":{"start":{"line":68,"column":8},"end":{"line":68,"column":44}},"41":{"start":{"line":70,"column":8},"end":{"line":70,"column":65}},"42":{"start":{"line":71,"column":8},"end":{"line":71,"column":56}},"43":{"start":{"line":76,"column":0},"end":{"line":94,"column":3}},"44":{"start":{"line":77,"column":4},"end":{"line":93,"column":5}},"45":{"start":{"line":78,"column":19},"end":{"line":78,"column":32}},"46":{"start":{"line":79,"column":133},"end":{"line":79,"column":141}},"47":{"start":{"line":81,"column":23},"end":{"line":84,"column":null}},"48":{"start":{"line":87,"column":26},"end":{"line":87,"column":93}},"49":{"start":{"line":88,"column":8},"end":{"line":88,"column":33}},"50":{"start":{"line":89,"column":8},"end":{"line":89,"column":40}},"51":{"start":{"line":91,"column":8},"end":{"line":91,"column":52}},"52":{"start":{"line":92,"column":8},"end":{"line":92,"column":56}},"53":{"start":{"line":97,"column":0},"end":{"line":123,"column":3}},"54":{"start":{"line":98,"column":4},"end":{"line":122,"column":5}},"55":{"start":{"line":99,"column":19},"end":{"line":99,"column":32}},"56":{"start":{"line":100,"column":24},"end":{"line":100,"column":32}},"57":{"start":{"line":103,"column":21},"end":{"line":103,"column":41}},"58":{"start":{"line":104,"column":8},"end":{"line":104,"column":93}},"59":{"start":{"line":104,"column":31},"end":{"line":104,"column":93}},"60":{"start":{"line":107,"column":8},"end":{"line":107,"column":32}},"61":{"start":{"line":108,"column":8},"end":{"line":108,"column":54}},"62":{"start":{"line":110,"column":26},"end":{"line":110,"column":62}},"63":{"start":{"line":110,"column":40},"end":{"line":110,"column":50}},"64":{"start":{"line":111,"column":23},"end":{"line":111,"column":48}},"65":{"start":{"line":111,"column":37},"end":{"line":111,"column":47}},"66":{"start":{"line":112,"column":8},"end":{"line":112,"column":35}},"67":{"start":{"line":114,"column":8},"end":{"line":114,"column":77}},"68":{"start":{"line":116,"column":30},"end":{"line":116,"column":97}},"69":{"start":{"line":117,"column":8},"end":{"line":117,"column":33}},"70":{"start":{"line":118,"column":8},"end":{"line":118,"column":32}},"71":{"start":{"line":120,"column":8},"end":{"line":120,"column":52}},"72":{"start":{"line":121,"column":8},"end":{"line":121,"column":56}},"73":{"start":{"line":126,"column":0},"end":{"line":139,"column":3}},"74":{"start":{"line":127,"column":4},"end":{"line":138,"column":5}},"75":{"start":{"line":128,"column":19},"end":{"line":128,"column":32}},"76":{"start":{"line":129,"column":8},"end":{"line":132,"column":10}},"77":{"start":{"line":133,"column":8},"end":{"line":133,"column":33}},"78":{"start":{"line":134,"column":8},"end":{"line":134,"column":36}},"79":{"start":{"line":136,"column":8},"end":{"line":136,"column":52}},"80":{"start":{"line":137,"column":8},"end":{"line":137,"column":56}},"81":{"start":{"line":142,"column":0},"end":{"line":155,"column":3}},"82":{"start":{"line":143,"column":4},"end":{"line":154,"column":5}},"83":{"start":{"line":144,"column":19},"end":{"line":144,"column":32}},"84":{"start":{"line":145,"column":8},"end":{"line":148,"column":10}},"85":{"start":{"line":149,"column":8},"end":{"line":149,"column":33}},"86":{"start":{"line":150,"column":8},"end":{"line":150,"column":36}},"87":{"start":{"line":152,"column":8},"end":{"line":152,"column":53}},"88":{"start":{"line":153,"column":8},"end":{"line":153,"column":56}},"89":{"start":{"line":160,"column":0},"end":{"line":168,"column":3}},"90":{"start":{"line":161,"column":4},"end":{"line":167,"column":5}},"91":{"start":{"line":162,"column":19},"end":{"line":162,"column":32}},"92":{"start":{"line":163,"column":22},"end":{"line":163,"column":124}},"93":{"start":{"line":164,"column":8},"end":{"line":164,"column":24}},"94":{"start":{"line":166,"column":8},"end":{"line":166,"column":56}},"95":{"start":{"line":171,"column":0},"end":{"line":185,"column":3}},"96":{"start":{"line":172,"column":4},"end":{"line":184,"column":5}},"97":{"start":{"line":173,"column":19},"end":{"line":173,"column":32}},"98":{"start":{"line":174,"column":53},"end":{"line":174,"column":61}},"99":{"start":{"line":175,"column":23},"end":{"line":177,"column":null}},"100":{"start":{"line":179,"column":24},"end":{"line":179,"column":89}},"101":{"start":{"line":180,"column":8},"end":{"line":180,"column":33}},"102":{"start":{"line":181,"column":8},"end":{"line":181,"column":38}},"103":{"start":{"line":183,"column":8},"end":{"line":183,"column":56}},"104":{"start":{"line":188,"column":0},"end":{"line":206,"column":3}},"105":{"start":{"line":189,"column":4},"end":{"line":205,"column":5}},"106":{"start":{"line":190,"column":19},"end":{"line":190,"column":32}},"107":{"start":{"line":191,"column":24},"end":{"line":191,"column":32}},"108":{"start":{"line":192,"column":21},"end":{"line":192,"column":41}},"109":{"start":{"line":193,"column":8},"end":{"line":193,"column":93}},"110":{"start":{"line":193,"column":31},"end":{"line":193,"column":93}},"111":{"start":{"line":195,"column":26},"end":{"line":195,"column":62}},"112":{"start":{"line":195,"column":40},"end":{"line":195,"column":50}},"113":{"start":{"line":196,"column":23},"end":{"line":196,"column":48}},"114":{"start":{"line":196,"column":37},"end":{"line":196,"column":47}},"115":{"start":{"line":197,"column":8},"end":{"line":197,"column":39}},"116":{"start":{"line":199,"column":8},"end":{"line":199,"column":75}},"117":{"start":{"line":200,"column":24},"end":{"line":200,"column":162}},"118":{"start":{"line":201,"column":8},"end":{"line":201,"column":33}},"119":{"start":{"line":202,"column":8},"end":{"line":202,"column":26}},"120":{"start":{"line":204,"column":8},"end":{"line":204,"column":56}},"121":{"start":{"line":209,"column":0},"end":{"line":218,"column":3}},"122":{"start":{"line":210,"column":4},"end":{"line":217,"column":5}},"123":{"start":{"line":211,"column":19},"end":{"line":211,"column":32}},"124":{"start":{"line":212,"column":8},"end":{"line":212,"column":106}},"125":{"start":{"line":213,"column":8},"end":{"line":213,"column":33}},"126":{"start":{"line":214,"column":8},"end":{"line":214,"column":36}},"127":{"start":{"line":216,"column":8},"end":{"line":216,"column":56}},"128":{"start":{"line":223,"column":0},"end":{"line":231,"column":3}},"129":{"start":{"line":224,"column":4},"end":{"line":230,"column":5}},"130":{"start":{"line":225,"column":19},"end":{"line":225,"column":32}},"131":{"start":{"line":226,"column":24},"end":{"line":226,"column":124}},"132":{"start":{"line":227,"column":8},"end":{"line":227,"column":26}},"133":{"start":{"line":229,"column":8},"end":{"line":229,"column":56}},"134":{"start":{"line":234,"column":0},"end":{"line":248,"column":3}},"135":{"start":{"line":235,"column":4},"end":{"line":247,"column":5}},"136":{"start":{"line":236,"column":19},"end":{"line":236,"column":32}},"137":{"start":{"line":237,"column":121},"end":{"line":237,"column":129}},"138":{"start":{"line":238,"column":23},"end":{"line":241,"column":null}},"139":{"start":{"line":243,"column":26},"end":{"line":243,"column":93}},"140":{"start":{"line":244,"column":8},"end":{"line":244,"column":40}},"141":{"start":{"line":246,"column":8},"end":{"line":246,"column":56}},"142":{"start":{"line":251,"column":0},"end":{"line":268,"column":3}},"143":{"start":{"line":252,"column":4},"end":{"line":267,"column":5}},"144":{"start":{"line":253,"column":19},"end":{"line":253,"column":32}},"145":{"start":{"line":254,"column":24},"end":{"line":254,"column":32}},"146":{"start":{"line":255,"column":21},"end":{"line":255,"column":41}},"147":{"start":{"line":256,"column":8},"end":{"line":256,"column":93}},"148":{"start":{"line":256,"column":31},"end":{"line":256,"column":93}},"149":{"start":{"line":258,"column":26},"end":{"line":258,"column":62}},"150":{"start":{"line":258,"column":40},"end":{"line":258,"column":50}},"151":{"start":{"line":259,"column":23},"end":{"line":259,"column":48}},"152":{"start":{"line":259,"column":37},"end":{"line":259,"column":47}},"153":{"start":{"line":260,"column":8},"end":{"line":260,"column":41}},"154":{"start":{"line":262,"column":8},"end":{"line":262,"column":77}},"155":{"start":{"line":263,"column":30},"end":{"line":263,"column":103}},"156":{"start":{"line":264,"column":8},"end":{"line":264,"column":32}},"157":{"start":{"line":266,"column":8},"end":{"line":266,"column":56}},"158":{"start":{"line":271,"column":0},"end":{"line":280,"column":3}},"159":{"start":{"line":272,"column":4},"end":{"line":279,"column":5}},"160":{"start":{"line":273,"column":19},"end":{"line":273,"column":32}},"161":{"start":{"line":274,"column":8},"end":{"line":274,"column":110}},"162":{"start":{"line":275,"column":8},"end":{"line":275,"column":33}},"163":{"start":{"line":276,"column":8},"end":{"line":276,"column":36}},"164":{"start":{"line":278,"column":8},"end":{"line":278,"column":56}},"165":{"start":{"line":283,"column":0},"end":{"line":299,"column":3}},"166":{"start":{"line":284,"column":4},"end":{"line":298,"column":5}},"167":{"start":{"line":285,"column":19},"end":{"line":285,"column":32}},"168":{"start":{"line":286,"column":28},"end":{"line":286,"column":36}},"169":{"start":{"line":288,"column":8},"end":{"line":288,"column":43}},"170":{"start":{"line":289,"column":8},"end":{"line":291,"column":9}},"171":{"start":{"line":290,"column":12},"end":{"line":290,"column":107}},"172":{"start":{"line":292,"column":8},"end":{"line":292,"column":32}},"173":{"start":{"line":294,"column":8},"end":{"line":294,"column":33}},"174":{"start":{"line":295,"column":8},"end":{"line":295,"column":36}},"175":{"start":{"line":297,"column":8},"end":{"line":297,"column":56}},"176":{"start":{"line":302,"column":0},"end":{"line":330,"column":3}},"177":{"start":{"line":303,"column":4},"end":{"line":329,"column":5}},"178":{"start":{"line":304,"column":19},"end":{"line":304,"column":32}},"179":{"start":{"line":306,"column":23},"end":{"line":306,"column":96}},"180":{"start":{"line":307,"column":8},"end":{"line":307,"column":80}},"181":{"start":{"line":307,"column":21},"end":{"line":307,"column":80}},"182":{"start":{"line":309,"column":21},"end":{"line":309,"column":87}},"183":{"start":{"line":310,"column":23},"end":{"line":310,"column":91}},"184":{"start":{"line":312,"column":25},"end":{"line":312,"column":117}},"185":{"start":{"line":314,"column":24},"end":{"line":314,"column":47}},"186":{"start":{"line":314,"column":42},"end":{"line":314,"column":46}},"187":{"start":{"line":315,"column":32},"end":{"line":315,"column":34}},"188":{"start":{"line":316,"column":8},"end":{"line":319,"column":9}},"189":{"start":{"line":317,"column":33},"end":{"line":317,"column":65}},"190":{"start":{"line":317,"column":51},"end":{"line":317,"column":54}},"191":{"start":{"line":318,"column":12},"end":{"line":318,"column":131}},"192":{"start":{"line":321,"column":27},"end":{"line":324,"column":11}},"193":{"start":{"line":321,"column":46},"end":{"line":324,"column":10}},"194":{"start":{"line":323,"column":44},"end":{"line":323,"column":62}},"195":{"start":{"line":326,"column":8},"end":{"line":326,"column":49}},"196":{"start":{"line":328,"column":8},"end":{"line":328,"column":56}},"197":{"start":{"line":333,"column":0},"end":{"line":353,"column":3}},"198":{"start":{"line":334,"column":4},"end":{"line":352,"column":5}},"199":{"start":{"line":335,"column":19},"end":{"line":335,"column":32}},"200":{"start":{"line":336,"column":24},"end":{"line":342,"column":33}},"201":{"start":{"line":345,"column":33},"end":{"line":348,"column":11}},"202":{"start":{"line":345,"column":51},"end":{"line":348,"column":10}},"203":{"start":{"line":349,"column":8},"end":{"line":349,"column":35}},"204":{"start":{"line":351,"column":8},"end":{"line":351,"column":56}},"205":{"start":{"line":355,"column":0},"end":{"line":370,"column":3}},"206":{"start":{"line":356,"column":4},"end":{"line":369,"column":5}},"207":{"start":{"line":357,"column":19},"end":{"line":357,"column":32}},"208":{"start":{"line":358,"column":36},"end":{"line":358,"column":44}},"209":{"start":{"line":359,"column":26},"end":{"line":359,"column":37}},"210":{"start":{"line":361,"column":23},"end":{"line":363,"column":null}},"211":{"start":{"line":365,"column":23},"end":{"line":365,"column":97}},"212":{"start":{"line":366,"column":8},"end":{"line":366,"column":37}},"213":{"start":{"line":368,"column":8},"end":{"line":368,"column":56}},"214":{"start":{"line":372,"column":0},"end":{"line":372,"column":22}}},"fnMap":{"0":{"name":"(anonymous_0)","decl":{"start":{"line":13,"column":16},"end":{"line":13,"column":21}},"loc":{"start":{"line":13,"column":35},"end":{"line":24,"column":1}}},"1":{"name":"(anonymous_1)","decl":{"start":{"line":27,"column":19},"end":{"line":27,"column":24}},"loc":{"start":{"line":27,"column":38},"end":{"line":40,"column":1}}},"2":{"name":"(anonymous_2)","decl":{"start":{"line":43,"column":30},"end":{"line":43,"column":35}},"loc":{"start":{"line":43,"column":49},"end":{"line":73,"column":1}}},"3":{"name":"(anonymous_3)","decl":{"start":{"line":55,"column":34},"end":{"line":55,"column":35}},"loc":{"start":{"line":55,"column":39},"end":{"line":55,"column":43}}},"4":{"name":"(anonymous_4)","decl":{"start":{"line":58,"column":45},"end":{"line":58,"column":48}},"loc":{"start":{"line":58,"column":51},"end":{"line":58,"column":54}}},"5":{"name":"(anonymous_5)","decl":{"start":{"line":63,"column":37},"end":{"line":63,"column":41}},"loc":{"start":{"line":63,"column":46},"end":{"line":66,"column":10}}},"6":{"name":"(anonymous_6)","decl":{"start":{"line":65,"column":36},"end":{"line":65,"column":37}},"loc":{"start":{"line":65,"column":41},"end":{"line":65,"column":62}}},"7":{"name":"(anonymous_7)","decl":{"start":{"line":76,"column":83},"end":{"line":76,"column":88}},"loc":{"start":{"line":76,"column":102},"end":{"line":94,"column":1}}},"8":{"name":"(anonymous_8)","decl":{"start":{"line":97,"column":55},"end":{"line":97,"column":60}},"loc":{"start":{"line":97,"column":74},"end":{"line":123,"column":1}}},"9":{"name":"(anonymous_9)","decl":{"start":{"line":110,"column":35},"end":{"line":110,"column":36}},"loc":{"start":{"line":110,"column":40},"end":{"line":110,"column":50}}},"10":{"name":"(anonymous_10)","decl":{"start":{"line":111,"column":32},"end":{"line":111,"column":33}},"loc":{"start":{"line":111,"column":37},"end":{"line":111,"column":47}}},"11":{"name":"(anonymous_11)","decl":{"start":{"line":126,"column":58},"end":{"line":126,"column":63}},"loc":{"start":{"line":126,"column":77},"end":{"line":139,"column":1}}},"12":{"name":"(anonymous_12)","decl":{"start":{"line":142,"column":63},"end":{"line":142,"column":68}},"loc":{"start":{"line":142,"column":82},"end":{"line":155,"column":1}}},"13":{"name":"(anonymous_13)","decl":{"start":{"line":160,"column":31},"end":{"line":160,"column":36}},"loc":{"start":{"line":160,"column":50},"end":{"line":168,"column":1}}},"14":{"name":"(anonymous_14)","decl":{"start":{"line":171,"column":96},"end":{"line":171,"column":101}},"loc":{"start":{"line":171,"column":115},"end":{"line":185,"column":1}}},"15":{"name":"(anonymous_15)","decl":{"start":{"line":188,"column":65},"end":{"line":188,"column":70}},"loc":{"start":{"line":188,"column":84},"end":{"line":206,"column":1}}},"16":{"name":"(anonymous_16)","decl":{"start":{"line":195,"column":35},"end":{"line":195,"column":36}},"loc":{"start":{"line":195,"column":40},"end":{"line":195,"column":50}}},"17":{"name":"(anonymous_17)","decl":{"start":{"line":196,"column":32},"end":{"line":196,"column":33}},"loc":{"start":{"line":196,"column":37},"end":{"line":196,"column":47}}},"18":{"name":"(anonymous_18)","decl":{"start":{"line":209,"column":68},"end":{"line":209,"column":73}},"loc":{"start":{"line":209,"column":87},"end":{"line":218,"column":1}}},"19":{"name":"(anonymous_19)","decl":{"start":{"line":223,"column":37},"end":{"line":223,"column":42}},"loc":{"start":{"line":223,"column":56},"end":{"line":231,"column":1}}},"20":{"name":"(anonymous_20)","decl":{"start":{"line":234,"column":104},"end":{"line":234,"column":109}},"loc":{"start":{"line":234,"column":123},"end":{"line":248,"column":1}}},"21":{"name":"(anonymous_21)","decl":{"start":{"line":251,"column":69},"end":{"line":251,"column":74}},"loc":{"start":{"line":251,"column":88},"end":{"line":268,"column":1}}},"22":{"name":"(anonymous_22)","decl":{"start":{"line":258,"column":35},"end":{"line":258,"column":36}},"loc":{"start":{"line":258,"column":40},"end":{"line":258,"column":50}}},"23":{"name":"(anonymous_23)","decl":{"start":{"line":259,"column":32},"end":{"line":259,"column":33}},"loc":{"start":{"line":259,"column":37},"end":{"line":259,"column":47}}},"24":{"name":"(anonymous_24)","decl":{"start":{"line":271,"column":72},"end":{"line":271,"column":77}},"loc":{"start":{"line":271,"column":91},"end":{"line":280,"column":1}}},"25":{"name":"(anonymous_25)","decl":{"start":{"line":283,"column":68},"end":{"line":283,"column":73}},"loc":{"start":{"line":283,"column":87},"end":{"line":299,"column":1}}},"26":{"name":"(anonymous_26)","decl":{"start":{"line":302,"column":41},"end":{"line":302,"column":46}},"loc":{"start":{"line":302,"column":60},"end":{"line":330,"column":1}}},"27":{"name":"(anonymous_27)","decl":{"start":{"line":314,"column":37},"end":{"line":314,"column":38}},"loc":{"start":{"line":314,"column":42},"end":{"line":314,"column":46}}},"28":{"name":"(anonymous_28)","decl":{"start":{"line":317,"column":45},"end":{"line":317,"column":48}},"loc":{"start":{"line":317,"column":51},"end":{"line":317,"column":54}}},"29":{"name":"(anonymous_29)","decl":{"start":{"line":321,"column":40},"end":{"line":321,"column":41}},"loc":{"start":{"line":321,"column":46},"end":{"line":324,"column":10}}},"30":{"name":"(anonymous_30)","decl":{"start":{"line":323,"column":39},"end":{"line":323,"column":40}},"loc":{"start":{"line":323,"column":44},"end":{"line":323,"column":62}}},"31":{"name":"(anonymous_31)","decl":{"start":{"line":333,"column":33},"end":{"line":333,"column":38}},"loc":{"start":{"line":333,"column":52},"end":{"line":353,"column":1}}},"32":{"name":"(anonymous_32)","decl":{"start":{"line":345,"column":45},"end":{"line":345,"column":46}},"loc":{"start":{"line":345,"column":51},"end":{"line":348,"column":10}}},"33":{"name":"(anonymous_33)","decl":{"start":{"line":355,"column":72},"end":{"line":355,"column":77}},"loc":{"start":{"line":355,"column":91},"end":{"line":370,"column":1}}}},"branchMap":{"0":{"loc":{"start":{"line":34,"column":8},"end":{"line":34,"column":80}},"type":"if","locations":[{"start":{"line":34,"column":8},"end":{"line":34,"column":80}}]},"1":{"loc":{"start":{"line":49,"column":8},"end":{"line":49,"column":80}},"type":"if","locations":[{"start":{"line":49,"column":8},"end":{"line":49,"column":80}}]},"2":{"loc":{"start":{"line":57,"column":8},"end":{"line":60,"column":9}},"type":"if","locations":[{"start":{"line":57,"column":8},"end":{"line":60,"column":9}}]},"3":{"loc":{"start":{"line":84,"column":52},"end":{"line":84,"column":67}},"type":"binary-expr","locations":[{"start":{"line":84,"column":52},"end":{"line":84,"column":56}},{"start":{"line":84,"column":60},"end":{"line":84,"column":67}}]},"4":{"loc":{"start":{"line":84,"column":69},"end":{"line":84,"column":79}},"type":"binary-expr","locations":[{"start":{"line":84,"column":69},"end":{"line":84,"column":74}},{"start":{"line":84,"column":78},"end":{"line":84,"column":79}}]},"5":{"loc":{"start":{"line":84,"column":81},"end":{"line":84,"column":100}},"type":"binary-expr","locations":[{"start":{"line":84,"column":81},"end":{"line":84,"column":95}},{"start":{"line":84,"column":99},"end":{"line":84,"column":100}}]},"6":{"loc":{"start":{"line":84,"column":124},"end":{"line":84,"column":143}},"type":"cond-expr","locations":[{"start":{"line":84,"column":138},"end":{"line":84,"column":139}},{"start":{"line":84,"column":142},"end":{"line":84,"column":143}}]},"7":{"loc":{"start":{"line":84,"column":145},"end":{"line":84,"column":172}},"type":"cond-expr","locations":[{"start":{"line":84,"column":167},"end":{"line":84,"column":168}},{"start":{"line":84,"column":171},"end":{"line":84,"column":172}}]},"8":{"loc":{"start":{"line":104,"column":8},"end":{"line":104,"column":93}},"type":"if","locations":[{"start":{"line":104,"column":8},"end":{"line":104,"column":93}}]},"9":{"loc":{"start":{"line":177,"column":41},"end":{"line":177,"column":56}},"type":"binary-expr","locations":[{"start":{"line":177,"column":41},"end":{"line":177,"column":51}},{"start":{"line":177,"column":55},"end":{"line":177,"column":56}}]},"10":{"loc":{"start":{"line":193,"column":8},"end":{"line":193,"column":93}},"type":"if","locations":[{"start":{"line":193,"column":8},"end":{"line":193,"column":93}}]},"11":{"loc":{"start":{"line":200,"column":54},"end":{"line":200,"column":102}},"type":"cond-expr","locations":[{"start":{"line":200,"column":83},"end":{"line":200,"column":90}},{"start":{"line":200,"column":93},"end":{"line":200,"column":102}}]},"12":{"loc":{"start":{"line":200,"column":120},"end":{"line":200,"column":160}},"type":"binary-expr","locations":[{"start":{"line":200,"column":120},"end":{"line":200,"column":137}},{"start":{"line":200,"column":141},"end":{"line":200,"column":160}}]},"13":{"loc":{"start":{"line":241,"column":39},"end":{"line":241,"column":54}},"type":"binary-expr","locations":[{"start":{"line":241,"column":39},"end":{"line":241,"column":43}},{"start":{"line":241,"column":47},"end":{"line":241,"column":54}}]},"14":{"loc":{"start":{"line":241,"column":104},"end":{"line":241,"column":119}},"type":"binary-expr","locations":[{"start":{"line":241,"column":104},"end":{"line":241,"column":114}},{"start":{"line":241,"column":118},"end":{"line":241,"column":119}}]},"15":{"loc":{"start":{"line":241,"column":136},"end":{"line":241,"column":166}},"type":"cond-expr","locations":[{"start":{"line":241,"column":161},"end":{"line":241,"column":162}},{"start":{"line":241,"column":165},"end":{"line":241,"column":166}}]},"16":{"loc":{"start":{"line":256,"column":8},"end":{"line":256,"column":93}},"type":"if","locations":[{"start":{"line":256,"column":8},"end":{"line":256,"column":93}}]},"17":{"loc":{"start":{"line":307,"column":8},"end":{"line":307,"column":80}},"type":"if","locations":[{"start":{"line":307,"column":8},"end":{"line":307,"column":80}}]},"18":{"loc":{"start":{"line":316,"column":8},"end":{"line":319,"column":9}},"type":"if","locations":[{"start":{"line":316,"column":8},"end":{"line":319,"column":9}}]}},"s":{"0":1,"1":1,"2":1,"3":1,"4":1,"5":1,"6":1,"7":1,"8":1,"9":1,"10":1,"11":0,"12":1,"13":1,"14":1,"15":1,"16":1,"17":1,"18":0,"19":0,"20":0,"21":1,"22":1,"23":1,"24":0,"25":0,"26":0,"27":0,"28":0,"29":0,"30":0,"31":0,"32":0,"33":0,"34":0,"35":0,"36":0,"37":0,"38":0,"39":0,"40":0,"41":0,"42":0,"43":1,"44":0,"45":0,"46":0,"47":0,"48":0,"49":0,"50":0,"51":0,"52":0,"53":1,"54":0,"55":0,"56":0,"57":0,"58":0,"59":0,"60":0,"61":0,"62":0,"63":0,"64":0,"65":0,"66":0,"67":0,"68":0,"69":0,"70":0,"71":0,"72":0,"73":1,"74":0,"75":0,"76":0,"77":0,"78":0,"79":0,"80":0,"81":1,"82":0,"83":0,"84":0,"85":0,"86":0,"87":0,"88":0,"89":1,"90":0,"91":0,"92":0,"93":0,"94":0,"95":1,"96":0,"97":0,"98":0,"99":0,"100":0,"101":0,"102":0,"103":0,"104":1,"105":0,"106":0,"107":0,"108":0,"109":0,"110":0,"111":0,"112":0,"113":0,"114":0,"115":0,"116":0,"117":0,"118":0,"119":0,"120":0,"121":1,"122":0,"123":0,"124":0,"125":0,"126":0,"127":0,"128":1,"129":0,"130":0,"131":0,"132":0,"133":0,"134":1,"135":0,"136":0,"137":0,"138":0,"139":0,"140":0,"141":0,"142":1,"143":0,"144":0,"145":0,"146":0,"147":0,"148":0,"149":0,"150":0,"151":0,"152":0,"153":0,"154":0,"155":0,"156":0,"157":0,"158":1,"159":0,"160":0,"161":0,"162":0,"163":0,"164":0,"165":1,"166":0,"167":0,"168":0,"169":0,"170":0,"171":0,"172":0,"173":0,"174":0,"175":0,"176":1,"177":0,"178":0,"179":0,"180":0,"181":0,"182":0,"183":0,"184":0,"185":0,"186":0,"187":0,"188":0,"189":0,"190":0,"191":0,"192":0,"193":0,"194":0,"195":0,"196":0,"197":1,"198":0,"199":0,"200":0,"201":0,"202":0,"203":0,"204":0,"205":1,"206":0,"207":0,"208":0,"209":0,"210":0,"211":0,"212":0,"213":0,"214":1},"f":{"0":1,"1":1,"2":0,"3":0,"4":0,"5":0,"6":0,"7":0,"8":0,"9":0,"10":0,"11":0,"12":0,"13":0,"14":0,"15":0,"16":0,"17":0,"18":0,"19":0,"20":0,"21":0,"22":0,"23":0,"24":0,"25":0,"26":0,"27":0,"28":0,"29":0,"30":0,"31":0,"32":0,"33":0},"b":{"0":[0],"1":[0],"2":[0],"3":[0,0],"4":[0,0],"5":[0,0],"6":[0,0],"7":[0,0],"8":[0],"9":[0,0],"10":[0],"11":[0,0],"12":[0,0],"13":[0,0],"14":[0,0],"15":[0,0],"16":[0],"17":[0],"18":[0]}}
,"/app/server/src/routes/quizzes.ts": {"path":"/app/server/src/routes/quizzes.ts","statementMap":{"0":{"start":{"line":1,"column":0},"end":{"line":1,"column":33}},"1":{"start":{"line":2,"column":0},"end":{"line":2,"column":37}},"2":{"start":{"line":3,"column":0},"end":{"line":3,"column":63}},"3":{"start":{"line":4,"column":0},"end":{"line":4,"column":50}},"4":{"start":{"line":5,"column":0},"end":{"line":5,"column":131}},"5":{"start":{"line":6,"column":0},"end":{"line":6,"column":45}},"6":{"start":{"line":8,"column":15},"end":{"line":8,"column":23}},"7":{"start":{"line":11,"column":0},"end":{"line":25,"column":3}},"8":{"start":{"line":12,"column":4},"end":{"line":24,"column":5}},"9":{"start":{"line":13,"column":19},"end":{"line":13,"column":32}},"10":{"start":{"line":14,"column":24},"end":{"line":19,"column":10}},"11":{"start":{"line":21,"column":8},"end":{"line":21,"column":83}},"12":{"start":{"line":21,"column":35},"end":{"line":21,"column":79}},"13":{"start":{"line":23,"column":8},"end":{"line":23,"column":56}},"14":{"start":{"line":27,"column":0},"end":{"line":41,"column":3}},"15":{"start":{"line":28,"column":4},"end":{"line":40,"column":5}},"16":{"start":{"line":29,"column":19},"end":{"line":29,"column":32}},"17":{"start":{"line":30,"column":21},"end":{"line":35,"column":27}},"18":{"start":{"line":36,"column":8},"end":{"line":36,"column":71}},"19":{"start":{"line":36,"column":19},"end":{"line":36,"column":71}},"20":{"start":{"line":37,"column":8},"end":{"line":37,"column":69}},"21":{"start":{"line":39,"column":8},"end":{"line":39,"column":56}},"22":{"start":{"line":43,"column":0},"end":{"line":57,"column":3}},"23":{"start":{"line":44,"column":4},"end":{"line":56,"column":5}},"24":{"start":{"line":45,"column":19},"end":{"line":45,"column":32}},"25":{"start":{"line":46,"column":88},"end":{"line":46,"column":96}},"26":{"start":{"line":47,"column":23},"end":{"line":49,"column":null}},"27":{"start":{"line":51,"column":24},"end":{"line":51,"column":91}},"28":{"start":{"line":52,"column":8},"end":{"line":52,"column":33}},"29":{"start":{"line":53,"column":8},"end":{"line":53,"column":38}},"30":{"start":{"line":55,"column":8},"end":{"line":55,"column":56}},"31":{"start":{"line":59,"column":0},"end":{"line":67,"column":3}},"32":{"start":{"line":60,"column":4},"end":{"line":66,"column":5}},"33":{"start":{"line":61,"column":19},"end":{"line":61,"column":32}},"34":{"start":{"line":62,"column":8},"end":{"line":62,"column":119}},"35":{"start":{"line":63,"column":8},"end":{"line":63,"column":36}},"36":{"start":{"line":65,"column":8},"end":{"line":65,"column":56}},"37":{"start":{"line":70,"column":0},"end":{"line":88,"column":3}},"38":{"start":{"line":71,"column":4},"end":{"line":87,"column":5}},"39":{"start":{"line":72,"column":19},"end":{"line":72,"column":32}},"40":{"start":{"line":73,"column":26},"end":{"line":73,"column":133}},"41":{"start":{"line":74,"column":8},"end":{"line":84,"column":12}},"42":{"start":{"line":75,"column":26},"end":{"line":75,"column":28}},"43":{"start":{"line":76,"column":12},"end":{"line":82,"column":13}},"44":{"start":{"line":77,"column":16},"end":{"line":77,"column":56}},"45":{"start":{"line":79,"column":16},"end":{"line":79,"column":79}},"46":{"start":{"line":79,"column":49},"end":{"line":79,"column":79}},"47":{"start":{"line":81,"column":16},"end":{"line":81,"column":64}},"48":{"start":{"line":83,"column":12},"end":{"line":83,"column":76}},"49":{"start":{"line":86,"column":8},"end":{"line":86,"column":56}},"50":{"start":{"line":90,"column":0},"end":{"line":104,"column":3}},"51":{"start":{"line":91,"column":4},"end":{"line":103,"column":5}},"52":{"start":{"line":92,"column":19},"end":{"line":92,"column":32}},"53":{"start":{"line":93,"column":66},"end":{"line":93,"column":74}},"54":{"start":{"line":94,"column":23},"end":{"line":96,"column":null}},"55":{"start":{"line":98,"column":21},"end":{"line":98,"column":95}},"56":{"start":{"line":99,"column":8},"end":{"line":99,"column":33}},"57":{"start":{"line":100,"column":8},"end":{"line":100,"column":77}},"58":{"start":{"line":102,"column":8},"end":{"line":102,"column":56}},"59":{"start":{"line":106,"column":0},"end":{"line":115,"column":3}},"60":{"start":{"line":107,"column":4},"end":{"line":114,"column":5}},"61":{"start":{"line":108,"column":19},"end":{"line":108,"column":32}},"62":{"start":{"line":109,"column":8},"end":{"line":109,"column":81}},"63":{"start":{"line":110,"column":8},"end":{"line":110,"column":33}},"64":{"start":{"line":111,"column":8},"end":{"line":111,"column":36}},"65":{"start":{"line":113,"column":8},"end":{"line":113,"column":56}},"66":{"start":{"line":118,"column":0},"end":{"line":126,"column":3}},"67":{"start":{"line":119,"column":4},"end":{"line":125,"column":5}},"68":{"start":{"line":120,"column":19},"end":{"line":120,"column":32}},"69":{"start":{"line":121,"column":26},"end":{"line":121,"column":139}},"70":{"start":{"line":122,"column":8},"end":{"line":122,"column":89}},"71":{"start":{"line":122,"column":37},"end":{"line":122,"column":85}},"72":{"start":{"line":124,"column":8},"end":{"line":124,"column":56}},"73":{"start":{"line":128,"column":0},"end":{"line":141,"column":3}},"74":{"start":{"line":129,"column":4},"end":{"line":140,"column":5}},"75":{"start":{"line":130,"column":19},"end":{"line":130,"column":32}},"76":{"start":{"line":131,"column":77},"end":{"line":131,"column":85}},"77":{"start":{"line":132,"column":23},"end":{"line":134,"column":null}},"78":{"start":{"line":136,"column":21},"end":{"line":136,"column":97}},"79":{"start":{"line":137,"column":8},"end":{"line":137,"column":77}},"80":{"start":{"line":139,"column":8},"end":{"line":139,"column":56}},"81":{"start":{"line":143,"column":0},"end":{"line":160,"column":3}},"82":{"start":{"line":144,"column":4},"end":{"line":159,"column":5}},"83":{"start":{"line":145,"column":19},"end":{"line":145,"column":32}},"84":{"start":{"line":146,"column":24},"end":{"line":146,"column":32}},"85":{"start":{"line":147,"column":21},"end":{"line":147,"column":65}},"86":{"start":{"line":147,"column":54},"end":{"line":147,"column":64}},"87":{"start":{"line":148,"column":8},"end":{"line":148,"column":83}},"88":{"start":{"line":148,"column":31},"end":{"line":148,"column":83}},"89":{"start":{"line":150,"column":26},"end":{"line":150,"column":62}},"90":{"start":{"line":150,"column":40},"end":{"line":150,"column":50}},"91":{"start":{"line":151,"column":23},"end":{"line":151,"column":95}},"92":{"start":{"line":151,"column":37},"end":{"line":151,"column":94}},"93":{"start":{"line":152,"column":8},"end":{"line":152,"column":35}},"94":{"start":{"line":154,"column":8},"end":{"line":154,"column":86}},"95":{"start":{"line":155,"column":24},"end":{"line":155,"column":100}},"96":{"start":{"line":156,"column":8},"end":{"line":156,"column":71}},"97":{"start":{"line":158,"column":8},"end":{"line":158,"column":56}},"98":{"start":{"line":162,"column":0},"end":{"line":170,"column":3}},"99":{"start":{"line":163,"column":4},"end":{"line":169,"column":5}},"100":{"start":{"line":164,"column":19},"end":{"line":164,"column":32}},"101":{"start":{"line":165,"column":8},"end":{"line":165,"column":83}},"102":{"start":{"line":166,"column":8},"end":{"line":166,"column":36}},"103":{"start":{"line":168,"column":8},"end":{"line":168,"column":56}},"104":{"start":{"line":173,"column":0},"end":{"line":189,"column":3}},"105":{"start":{"line":174,"column":4},"end":{"line":188,"column":5}},"106":{"start":{"line":175,"column":19},"end":{"line":175,"column":32}},"107":{"start":{"line":176,"column":62},"end":{"line":176,"column":70}},"108":{"start":{"line":177,"column":27},"end":{"line":177,"column":38}},"109":{"start":{"line":179,"column":23},"end":{"line":181,"column":null}},"110":{"start":{"line":183,"column":22},"end":{"line":183,"column":94}},"111":{"start":{"line":184,"column":8},"end":{"line":184,"column":33}},"112":{"start":{"line":185,"column":8},"end":{"line":185,"column":36}},"113":{"start":{"line":187,"column":8},"end":{"line":187,"column":56}},"114":{"start":{"line":191,"column":0},"end":{"line":212,"column":3}},"115":{"start":{"line":192,"column":4},"end":{"line":211,"column":5}},"116":{"start":{"line":193,"column":19},"end":{"line":193,"column":32}},"117":{"start":{"line":194,"column":24},"end":{"line":201,"column":34}},"118":{"start":{"line":203,"column":8},"end":{"line":208,"column":13}},"119":{"start":{"line":203,"column":35},"end":{"line":208,"column":10}},"120":{"start":{"line":210,"column":8},"end":{"line":210,"column":56}},"121":{"start":{"line":214,"column":0},"end":{"line":234,"column":3}},"122":{"start":{"line":215,"column":4},"end":{"line":233,"column":5}},"123":{"start":{"line":216,"column":19},"end":{"line":216,"column":32}},"124":{"start":{"line":217,"column":23},"end":{"line":222,"column":44}},"125":{"start":{"line":224,"column":8},"end":{"line":224,"column":73}},"126":{"start":{"line":224,"column":21},"end":{"line":224,"column":73}},"127":{"start":{"line":226,"column":8},"end":{"line":230,"column":11}},"128":{"start":{"line":232,"column":8},"end":{"line":232,"column":56}},"129":{"start":{"line":236,"column":0},"end":{"line":236,"column":22}}},"fnMap":{"0":{"name":"(anonymous_0)","decl":{"start":{"line":11,"column":16},"end":{"line":11,"column":21}},"loc":{"start":{"line":11,"column":35},"end":{"line":25,"column":1}}},"1":{"name":"(anonymous_1)","decl":{"start":{"line":21,"column":29},"end":{"line":21,"column":30}},"loc":{"start":{"line":21,"column":35},"end":{"line":21,"column":79}}},"2":{"name":"(anonymous_2)","decl":{"start":{"line":27,"column":19},"end":{"line":27,"column":24}},"loc":{"start":{"line":27,"column":38},"end":{"line":41,"column":1}}},"3":{"name":"(anonymous_3)","decl":{"start":{"line":43,"column":81},"end":{"line":43,"column":86}},"loc":{"start":{"line":43,"column":100},"end":{"line":57,"column":1}}},"4":{"name":"(anonymous_4)","decl":{"start":{"line":59,"column":58},"end":{"line":59,"column":63}},"loc":{"start":{"line":59,"column":77},"end":{"line":67,"column":1}}},"5":{"name":"(anonymous_5)","decl":{"start":{"line":70,"column":33},"end":{"line":70,"column":38}},"loc":{"start":{"line":70,"column":52},"end":{"line":88,"column":1}}},"6":{"name":"(anonymous_6)","decl":{"start":{"line":74,"column":31},"end":{"line":74,"column":32}},"loc":{"start":{"line":74,"column":35},"end":{"line":84,"column":9}}},"7":{"name":"(anonymous_7)","decl":{"start":{"line":90,"column":106},"end":{"line":90,"column":111}},"loc":{"start":{"line":90,"column":125},"end":{"line":104,"column":1}}},"8":{"name":"(anonymous_8)","decl":{"start":{"line":106,"column":68},"end":{"line":106,"column":73}},"loc":{"start":{"line":106,"column":87},"end":{"line":115,"column":1}}},"9":{"name":"(anonymous_9)","decl":{"start":{"line":118,"column":32},"end":{"line":118,"column":37}},"loc":{"start":{"line":118,"column":51},"end":{"line":126,"column":1}}},"10":{"name":"(anonymous_10)","decl":{"start":{"line":122,"column":31},"end":{"line":122,"column":32}},"loc":{"start":{"line":122,"column":37},"end":{"line":122,"column":85}}},"11":{"name":"(anonymous_11)","decl":{"start":{"line":128,"column":97},"end":{"line":128,"column":102}},"loc":{"start":{"line":128,"column":116},"end":{"line":141,"column":1}}},"12":{"name":"(anonymous_12)","decl":{"start":{"line":143,"column":62},"end":{"line":143,"column":67}},"loc":{"start":{"line":143,"column":81},"end":{"line":160,"column":1}}},"13":{"name":"(anonymous_13)","decl":{"start":{"line":147,"column":49},"end":{"line":147,"column":50}},"loc":{"start":{"line":147,"column":54},"end":{"line":147,"column":64}}},"14":{"name":"(anonymous_14)","decl":{"start":{"line":150,"column":35},"end":{"line":150,"column":36}},"loc":{"start":{"line":150,"column":40},"end":{"line":150,"column":50}}},"15":{"name":"(anonymous_15)","decl":{"start":{"line":151,"column":32},"end":{"line":151,"column":33}},"loc":{"start":{"line":151,"column":37},"end":{"line":151,"column":94}}},"16":{"name":"(anonymous_16)","decl":{"start":{"line":162,"column":65},"end":{"line":162,"column":70}},"loc":{"start":{"line":162,"column":84},"end":{"line":170,"column":1}}},"17":{"name":"(anonymous_17)","decl":{"start":{"line":173,"column":68},"end":{"line":173,"column":73}},"loc":{"start":{"line":173,"column":87},"end":{"line":189,"column":1}}},"18":{"name":"(anonymous_18)","decl":{"start":{"line":191,"column":56},"end":{"line":191,"column":61}},"loc":{"start":{"line":191,"column":75},"end":{"line":212,"column":1}}},"19":{"name":"(anonymous_19)","decl":{"start":{"line":203,"column":29},"end":{"line":203,"column":30}},"loc":{"start":{"line":203,"column":35},"end":{"line":208,"column":10}}},"20":{"name":"(anonymous_20)","decl":{"start":{"line":214,"column":53},"end":{"line":214,"column":58}},"loc":{"start":{"line":214,"column":72},"end":{"line":234,"column":1}}}},"branchMap":{"0":{"loc":{"start":{"line":36,"column":8},"end":{"line":36,"column":71}},"type":"if","locations":[{"start":{"line":36,"column":8},"end":{"line":36,"column":71}}]},"1":{"loc":{"start":{"line":49,"column":31},"end":{"line":49,"column":45}},"type":"binary-expr","locations":[{"start":{"line":49,"column":31},"end":{"line":49,"column":39}},{"start":{"line":49,"column":43},"end":{"line":49,"column":45}}]},"2":{"loc":{"start":{"line":49,"column":63},"end":{"line":49,"column":90}},"type":"cond-expr","locations":[{"start":{"line":49,"column":85},"end":{"line":49,"column":86}},{"start":{"line":49,"column":89},"end":{"line":49,"column":90}}]},"3":{"loc":{"start":{"line":49,"column":92},"end":{"line":49,"column":122}},"type":"cond-expr","locations":[{"start":{"line":49,"column":117},"end":{"line":49,"column":118}},{"start":{"line":49,"column":121},"end":{"line":49,"column":122}}]},"4":{"loc":{"start":{"line":77,"column":37},"end":{"line":77,"column":54}},"type":"binary-expr","locations":[{"start":{"line":77,"column":37},"end":{"line":77,"column":46}},{"start":{"line":77,"column":50},"end":{"line":77,"column":54}}]},"5":{"loc":{"start":{"line":79,"column":16},"end":{"line":79,"column":79}},"type":"if","locations":[{"start":{"line":79,"column":16},"end":{"line":79,"column":79}}]},"6":{"loc":{"start":{"line":83,"column":36},"end":{"line":83,"column":73}},"type":"cond-expr","locations":[{"start":{"line":83,"column":61},"end":{"line":83,"column":68}},{"start":{"line":83,"column":71},"end":{"line":83,"column":73}}]},"7":{"loc":{"start":{"line":96,"column":57},"end":{"line":96,"column":70}},"type":"binary-expr","locations":[{"start":{"line":96,"column":57},"end":{"line":96,"column":64}},{"start":{"line":96,"column":68},"end":{"line":96,"column":70}}]},"8":{"loc":{"start":{"line":96,"column":73},"end":{"line":96,"column":92}},"type":"binary-expr","locations":[{"start":{"line":96,"column":73},"end":{"line":96,"column":87}},{"start":{"line":96,"column":91},"end":{"line":96,"column":92}}]},"9":{"loc":{"start":{"line":96,"column":94},"end":{"line":96,"column":109}},"type":"binary-expr","locations":[{"start":{"line":96,"column":94},"end":{"line":96,"column":104}},{"start":{"line":96,"column":108},"end":{"line":96,"column":109}}]},"10":{"loc":{"start":{"line":122,"column":65},"end":{"line":122,"column":82}},"type":"binary-expr","locations":[{"start":{"line":122,"column":65},"end":{"line":122,"column":74}},{"start":{"line":122,"column":78},"end":{"line":122,"column":82}}]},"11":{"loc":{"start":{"line":134,"column":49},"end":{"line":134,"column":62}},"type":"binary-expr","locations":[{"start":{"line":134,"column":49},"end":{"line":134,"column":56}},{"start":{"line":134,"column":60},"end":{"line":134,"column":62}}]},"12":{"loc":{"start":{"line":134,"column":65},"end":{"line":134,"column":84}},"type":"binary-expr","locations":[{"start":{"line":134,"column":65},"end":{"line":134,"column":79}},{"start":{"line":134,"column":83},"end":{"line":134,"column":84}}]},"13":{"loc":{"start":{"line":134,"column":86},"end":{"line":134,"column":101}},"type":"binary-expr","locations":[{"start":{"line":134,"column":86},"end":{"line":134,"column":96}},{"start":{"line":134,"column":100},"end":{"line":134,"column":101}}]},"14":{"loc":{"start":{"line":148,"column":8},"end":{"line":148,"column":83}},"type":"if","locations":[{"start":{"line":148,"column":8},"end":{"line":148,"column":83}}]},"15":{"loc":{"start":{"line":151,"column":37},"end":{"line":151,"column":94}},"type":"cond-expr","locations":[{"start":{"line":151,"column":55},"end":{"line":151,"column":81}},{"start":{"line":151,"column":84},"end":{"line":151,"column":94}}]},"16":{"loc":{"start":{"line":181,"column":25},"end":{"line":181,"column":42}},"type":"binary-expr","locations":[{"start":{"line":181,"column":25},"end":{"line":181,"column":34}},{"start":{"line":181,"column":38},"end":{"line":181,"column":42}}]},"17":{"loc":{"start":{"line":181,"column":44},"end":{"line":181,"column":59}},"type":"binary-expr","locations":[{"start":{"line":181,"column":44},"end":{"line":181,"column":51}},{"start":{"line":181,"column":55},"end":{"line":181,"column":59}}]},"18":{"loc":{"start":{"line":181,"column":90},"end":{"line":181,"column":103}},"type":"binary-expr","locations":[{"start":{"line":181,"column":90},"end":{"line":181,"column":97}},{"start":{"line":181,"column":101},"end":{"line":181,"column":103}}]},"19":{"loc":{"start":{"line":205,"column":32},"end":{"line":205,"column":49}},"type":"binary-expr","locations":[{"start":{"line":205,"column":32},"end":{"line":205,"column":41}},{"start":{"line":205,"column":45},"end":{"line":205,"column":49}}]},"20":{"loc":{"start":{"line":206,"column":21},"end":{"line":206,"column":88}},"type":"cond-expr","locations":[{"start":{"line":206,"column":35},"end":{"line":206,"column":81}},{"start":{"line":206,"column":84},"end":{"line":206,"column":88}}]},"21":{"loc":{"start":{"line":207,"column":21},"end":{"line":207,"column":63}},"type":"cond-expr","locations":[{"start":{"line":207,"column":33},"end":{"line":207,"column":56}},{"start":{"line":207,"column":59},"end":{"line":207,"column":63}}]},"22":{"loc":{"start":{"line":224,"column":8},"end":{"line":224,"column":73}},"type":"if","locations":[{"start":{"line":224,"column":8},"end":{"line":224,"column":73}}]},"23":{"loc":{"start":{"line":228,"column":32},"end":{"line":228,"column":54}},"type":"binary-expr","locations":[{"start":{"line":228,"column":32},"end":{"line":228,"column":46}},{"start":{"line":228,"column":50},"end":{"line":228,"column":54}}]}},"s":{"0":0,"1":0,"2":0,"3":0,"4":0,"5":0,"6":0,"7":0,"8":0,"9":0,"10":0,"11":0,"12":0,"13":0,"14":0,"15":0,"16":0,"17":0,"18":0,"19":0,"20":0,"21":0,"22":0,"23":0,"24":0,"25":0,"26":0,"27":0,"28":0,"29":0,"30":0,"31":0,"32":0,"33":0,"34":0,"35":0,"36":0,"37":0,"38":0,"39":0,"40":0,"41":0,"42":0,"43":0,"44":0,"45":0,"46":0,"47":0,"48":0,"49":0,"50":0,"51":0,"52":0,"53":0,"54":0,"55":0,"56":0,"57":0,"58":0,"59":0,"60":0,"61":0,"62":0,"63":0,"64":0,"65":0,"66":0,"67":0,"68":0,"69":0,"70":0,"71":0,"72":0,"73":0,"74":0,"75":0,"76":0,"77":0,"78":0,"79":0,"80":0,"81":0,"82":0,"83":0,"84":0,"85":0,"86":0,"87":0,"88":0,"89":0,"90":0,"91":0,"92":0,"93":0,"94":0,"95":0,"96":0,"97":0,"98":0,"99":0,"100":0,"101":0,"102":0,"103":0,"104":0,"105":0,"106":0,"107":0,"108":0,"109":0,"110":0,"111":0,"112":0,"113":0,"114":0,"115":0,"116":0,"117":0,"118":0,"119":0,"120":0,"121":0,"122":0,"123":0,"124":0,"125":0,"126":0,"127":0,"128":0,"129":0},"f":{"0":0,"1":0,"2":0,"3":0,"4":0,"5":0,"6":0,"7":0,"8":0,"9":0,"10":0,"11":0,"12":0,"13":0,"14":0,"15":0,"16":0,"17":0,"18":0,"19":0,"20":0},"b":{"0":[0],"1":[0,0],"2":[0,0],"3":[0,0],"4":[0,0],"5":[0],"6":[0,0],"7":[0,0],"8":[0,0],"9":[0,0],"10":[0,0],"11":[0,0],"12":[0,0],"13":[0,0],"14":[0],"15":[0,0],"16":[0,0],"17":[0,0],"18":[0,0],"19":[0,0],"20":[0,0],"21":[0,0],"22":[0],"23":[0,0]}}
,"/app/server/src/routes/settings.ts": {"path":"/app/server/src/routes/settings.ts","statementMap":{"0":{"start":{"line":1,"column":0},"end":{"line":1,"column":33}},"1":{"start":{"line":2,"column":0},"end":{"line":2,"column":37}},"2":{"start":{"line":3,"column":0},"end":{"line":3,"column":63}},"3":{"start":{"line":5,"column":15},"end":{"line":5,"column":23}},"4":{"start":{"line":8,"column":0},"end":{"line":20,"column":3}},"5":{"start":{"line":9,"column":4},"end":{"line":19,"column":5}},"6":{"start":{"line":10,"column":19},"end":{"line":10,"column":32}},"7":{"start":{"line":11,"column":21},"end":{"line":11,"column":59}},"8":{"start":{"line":12,"column":25},"end":{"line":15,"column":14}},"9":{"start":{"line":13,"column":12},"end":{"line":13,"column":69}},"10":{"start":{"line":13,"column":18},"end":{"line":13,"column":55}},"11":{"start":{"line":14,"column":12},"end":{"line":14,"column":23}},"12":{"start":{"line":16,"column":8},"end":{"line":16,"column":27}},"13":{"start":{"line":18,"column":8},"end":{"line":18,"column":68}},"14":{"start":{"line":23,"column":0},"end":{"line":38,"column":3}},"15":{"start":{"line":24,"column":4},"end":{"line":37,"column":5}},"16":{"start":{"line":25,"column":19},"end":{"line":25,"column":32}},"17":{"start":{"line":26,"column":33},"end":{"line":26,"column":41}},"18":{"start":{"line":28,"column":8},"end":{"line":33,"column":9}},"19":{"start":{"line":29,"column":12},"end":{"line":32,"column":14}},"20":{"start":{"line":34,"column":8},"end":{"line":34,"column":63}},"21":{"start":{"line":36,"column":8},"end":{"line":36,"column":69}},"22":{"start":{"line":40,"column":0},"end":{"line":40,"column":22}}},"fnMap":{"0":{"name":"(anonymous_0)","decl":{"start":{"line":8,"column":16},"end":{"line":8,"column":21}},"loc":{"start":{"line":8,"column":35},"end":{"line":20,"column":1}}},"1":{"name":"(anonymous_1)","decl":{"start":{"line":12,"column":37},"end":{"line":12,"column":38}},"loc":{"start":{"line":12,"column":50},"end":{"line":15,"column":9}}},"2":{"name":"(anonymous_2)","decl":{"start":{"line":23,"column":52},"end":{"line":23,"column":57}},"loc":{"start":{"line":23,"column":71},"end":{"line":38,"column":1}}}},"branchMap":{},"s":{"0":0,"1":0,"2":0,"3":0,"4":0,"5":0,"6":0,"7":0,"8":0,"9":0,"10":0,"11":0,"12":0,"13":0,"14":0,"15":0,"16":0,"17":0,"18":0,"19":0,"20":0,"21":0,"22":0},"f":{"0":0,"1":0,"2":0},"b":{}}
,"/app/server/src/routes/students.ts": {"path":"/app/server/src/routes/students.ts","statementMap":{"0":{"start":{"line":1,"column":0},"end":{"line":1,"column":33}},"1":{"start":{"line":2,"column":0},"end":{"line":2,"column":37}},"2":{"start":{"line":3,"column":0},"end":{"line":3,"column":63}},"3":{"start":{"line":4,"column":0},"end":{"line":4,"column":50}},"4":{"start":{"line":5,"column":0},"end":{"line":5,"column":135}},"5":{"start":{"line":6,"column":0},"end":{"line":6,"column":45}},"6":{"start":{"line":8,"column":15},"end":{"line":8,"column":23}},"7":{"start":{"line":11,"column":0},"end":{"line":19,"column":3}},"8":{"start":{"line":12,"column":4},"end":{"line":18,"column":5}},"9":{"start":{"line":13,"column":19},"end":{"line":13,"column":32}},"10":{"start":{"line":14,"column":25},"end":{"line":14,"column":192}},"11":{"start":{"line":15,"column":8},"end":{"line":15,"column":27}},"12":{"start":{"line":17,"column":8},"end":{"line":17,"column":56}},"13":{"start":{"line":21,"column":0},"end":{"line":29,"column":3}},"14":{"start":{"line":22,"column":4},"end":{"line":28,"column":5}},"15":{"start":{"line":23,"column":19},"end":{"line":23,"column":32}},"16":{"start":{"line":24,"column":23},"end":{"line":24,"column":158}},"17":{"start":{"line":25,"column":8},"end":{"line":25,"column":25}},"18":{"start":{"line":27,"column":8},"end":{"line":27,"column":56}},"19":{"start":{"line":31,"column":0},"end":{"line":55,"column":3}},"20":{"start":{"line":32,"column":4},"end":{"line":54,"column":5}},"21":{"start":{"line":34,"column":8},"end":{"line":36,"column":9}},"22":{"start":{"line":35,"column":12},"end":{"line":35,"column":64}},"23":{"start":{"line":38,"column":19},"end":{"line":38,"column":32}},"24":{"start":{"line":39,"column":24},"end":{"line":39,"column":32}},"25":{"start":{"line":40,"column":21},"end":{"line":40,"column":110}},"26":{"start":{"line":40,"column":54},"end":{"line":40,"column":109}},"27":{"start":{"line":42,"column":8},"end":{"line":42,"column":89}},"28":{"start":{"line":42,"column":31},"end":{"line":42,"column":89}},"29":{"start":{"line":44,"column":26},"end":{"line":44,"column":62}},"30":{"start":{"line":44,"column":40},"end":{"line":44,"column":50}},"31":{"start":{"line":45,"column":23},"end":{"line":45,"column":48}},"32":{"start":{"line":45,"column":37},"end":{"line":45,"column":47}},"33":{"start":{"line":46,"column":8},"end":{"line":46,"column":35}},"34":{"start":{"line":48,"c
[...]
262,"column":35},"end":{"line":262,"column":46}}},"19":{"name":"(anonymous_19)","decl":{"start":{"line":268,"column":65},"end":{"line":268,"column":70}},"loc":{"start":{"line":268,"column":84},"end":{"line":284,"column":1}}},"20":{"name":"(anonymous_20)","decl":{"start":{"line":287,"column":59},"end":{"line":287,"column":64}},"loc":{"start":{"line":287,"column":78},"end":{"line":323,"column":1}}},"21":{"name":"(anonymous_21)","decl":{"start":{"line":326,"column":47},"end":{"line":326,"column":52}},"loc":{"start":{"line":326,"column":66},"end":{"line":335,"column":1}}},"22":{"name":"(anonymous_22)","decl":{"start":{"line":337,"column":61},"end":{"line":337,"column":66}},"loc":{"start":{"line":337,"column":80},"end":{"line":363,"column":1}}},"23":{"name":"(anonymous_23)","decl":{"start":{"line":360,"column":48},"end":{"line":360,"column":51}},"loc":{"start":{"line":360,"column":53},"end":{"line":360,"column":56}}},"24":{"name":"(anonymous_24)","decl":{"start":{"line":366,"column":49},"end":{"line":366,"column":54}},"loc":{"start":{"line":366,"column":68},"end":{"line":381,"column":1}}},"25":{"name":"(anonymous_25)","decl":{"start":{"line":377,"column":31},"end":{"line":377,"column":32}},"loc":{"start":{"line":377,"column":37},"end":{"line":377,"column":86}}},"26":{"name":"(anonymous_26)","decl":{"start":{"line":383,"column":58},"end":{"line":383,"column":63}},"loc":{"start":{"line":383,"column":77},"end":{"line":404,"column":1}}},"27":{"name":"(anonymous_27)","decl":{"start":{"line":396,"column":31},"end":{"line":396,"column":32}},"loc":{"start":{"line":396,"column":37},"end":{"line":400,"column":10}}},"28":{"name":"(anonymous_28)","decl":{"start":{"line":406,"column":59},"end":{"line":406,"column":64}},"loc":{"start":{"line":406,"column":78},"end":{"line":420,"column":1}}},"29":{"name":"(anonymous_29)","decl":{"start":{"line":422,"column":89},"end":{"line":422,"column":94}},"loc":{"start":{"line":422,"column":108},"end":{"line":433,"column":1}}},"30":{"name":"(anonymous_30)","decl":{"start":{"line":435,"column":61},"end":{"line":435,"column":66}},"loc":{"start":{"line":435,"column":80},"end":{"line":444,"column":1}}},"31":{"name":"(anonymous_31)","decl":{"start":{"line":447,"column":54},"end":{"line":447,"column":59}},"loc":{"start":{"line":447,"column":73},"end":{"line":457,"column":1}}},"32":{"name":"(anonymous_32)","decl":{"start":{"line":453,"column":35},"end":{"line":453,"column":36}},"loc":{"start":{"line":453,"column":41},"end":{"line":453,"column":73}}},"33":{"name":"(anonymous_33)","decl":{"start":{"line":459,"column":59},"end":{"line":459,"column":64}},"loc":{"start":{"line":459,"column":78},"end":{"line":469,"column":1}}}},"branchMap":{"0":{"loc":{"start":{"line":34,"column":8},"end":{"line":36,"column":9}},"type":"if","locations":[{"start":{"line":34,"column":8},"end":{"line":36,"column":9}}]},"1":{"loc":{"start":{"line":34,"column":12},"end":{"line":34,"column":70}},"type":"binary-expr","locations":[{"start":{"line":34,"column":12},"end":{"line":34,"column":37}},{"start":{"line":34,"column":41},"end":{"line":34,"column":70}}]},"2":{"loc":{"start":{"line":42,"column":8},"end":{"line":42,"column":89}},"type":"if","locations":[{"start":{"line":42,"column":8},"end":{"line":42,"column":89}}]},"3":{"loc":{"start":{"line":80,"column":29},"end":{"line":80,"column":51}},"type":"binary-expr","locations":[{"start":{"line":80,"column":29},"end":{"line":80,"column":46}},{"start":{"line":80,"column":50},"end":{"line":80,"column":51}}]},"4":{"loc":{"start":{"line":124,"column":12},"end":{"line":124,"column":67}},"type":"if","locations":[{"start":{"line":124,"column":12},"end":{"line":124,"column":67}}]},"5":{"loc":{"start":{"line":126,"column":12},"end":{"line":128,"column":13}},"type":"if","locations":[{"start":{"line":126,"column":12},"end":{"line":128,"column":13}}]},"6":{"loc":{"start":{"line":133,"column":30},"end":{"line":133,"column":58}},"type":"binary-expr","locations":[{"start":{"line":133,"column":30},"end":{"line":133,"column":53}},{"start":{"line":133,"column":57},"end":{"line":133,"column":58}}]},"7":{"loc":{"start":{"line":134,"column":29},"end":{"line":134,"column":96}},"type":"cond-expr","locations":[{"start":{"line":134,"column":48},"end":{"line":134,"column":92}},{"start":{"line":134,"column":95},"end":{"line":134,"column":96}}]},"8":{"loc":{"start":{"line":137,"column":28},"end":{"line":139,"column":19}},"type":"cond-expr","locations":[{"start":{"line":138,"column":18},"end":{"line":138,"column":72}},{"start":{"line":139,"column":18},"end":{"line":139,"column":19}}]},"9":{"loc":{"start":{"line":137,"column":28},"end":{"line":137,"column":61}},"type":"binary-expr","locations":[{"start":{"line":137,"column":28},"end":{"line":137,"column":36}},{"start":{"line":137,"column":40},"end":{"line":137,"column":61}}]},"10":{"loc":{"start":{"line":141,"column":33},"end":{"line":141,"column":58}},"type":"binary-expr","locations":[{"start":{"line":141,"column":33},"end":{"line":141,"column":52}},{"start":{"line":141,"column":56},"end":{"line":141,"column":58}}]},"11":{"loc":{"start":{"line":147,"column":27},"end":{"line":147,"column":45}},"type":"binary-expr","locations":[{"start":{"line":147,"column":27},"end":{"line":147,"column":40}},{"start":{"line":147,"column":44},"end":{"line":147,"column":45}}]},"12":{"loc":{"start":{"line":148,"column":27},"end":{"line":148,"column":45}},"type":"binary-expr","locations":[{"start":{"line":148,"column":27},"end":{"line":148,"column":40}},{"start":{"line":148,"column":44},"end":{"line":148,"column":45}}]},"13":{"loc":{"start":{"line":149,"column":32},"end":{"line":149,"column":112}},"type":"cond-expr","locations":[{"start":{"line":149,"column":61},"end":{"line":149,"column":108}},{"start":{"line":149,"column":111},"end":{"line":149,"column":112}}]},"14":{"loc":{"start":{"line":149,"column":32},"end":{"line":149,"column":58}},"type":"binary-expr","locations":[{"start":{"line":149,"column":32},"end":{"line":149,"column":38}},{"start":{"line":149,"column":42},"end":{"line":149,"column":58}}]},"15":{"loc":{"start":{"line":171,"column":8},"end":{"line":173,"column":9}},"type":"if","locations":[{"start":{"line":171,"column":8},"end":{"line":173,"column":9}}]},"16":{"loc":{"start":{"line":171,"column":12},"end":{"line":171,"column":77}},"type":"binary-expr","locations":[{"start":{"line":171,"column":12},"end":{"line":171,"column":37}},{"start":{"line":171,"column":41},"end":{"line":171,"column":77}}]},"17":{"loc":{"start":{"line":220,"column":8},"end":{"line":223,"column":9}},"type":"if","locations":[{"start":{"line":220,"column":8},"end":{"line":223,"column":9}}]},"18":{"loc":{"start":{"line":220,"column":12},"end":{"line":220,"column":48}},"type":"binary-expr","locations":[{"start":{"line":220,"column":12},"end":{"line":220,"column":17}},{"start":{"line":220,"column":21},"end":{"line":220,"column":48}}]},"19":{"loc":{"start":{"line":220,"column":37},"end":{"line":220,"column":47}},"type":"binary-expr","locations":[{"start":{"line":220,"column":37},"end":{"line":220,"column":42}},{"start":{"line":220,"column":46},"end":{"line":220,"column":47}}]},"20":{"loc":{"start":{"line":227,"column":8},"end":{"line":230,"column":9}},"type":"if","locations":[{"start":{"line":227,"column":8},"end":{"line":230,"column":9}}]},"21":{"loc":{"start":{"line":233,"column":8},"end":{"line":239,"column":9}},"type":"if","locations":[{"start":{"line":233,"column":8},"end":{"line":239,"column":9}}]},"22":{"loc":{"start":{"line":242,"column":26},"end":{"line":242,"column":121}},"type":"cond-expr","locations":[{"start":{"line":242,"column":42},"end":{"line":242,"column":114}},{"start":{"line":242,"column":117},"end":{"line":242,"column":121}}]},"23":{"loc":{"start":{"line":252,"column":8},"end":{"line":252,"column":58}},"type":"if","locations":[{"start":{"line":252,"column":8},"end":{"line":252,"column":58}}]},"24":{"loc":{"start":{"line":315,"column":26},"end":{"line":315,"column":46}},"type":"binary-expr","locations":[{"start":{"line":315,"column":26},"end":{"line":315,"column":41}},{"start":{"line":315,"column":45},"end":{"line":315,"column":46}}]},"25":{"loc":{"start":{"line":316,"column":30},"end":{"line":316,"column":58}},"type":"binary-expr","locations":[{"start":{"line":316,"column":30},"end":{"line":316,"column":53}},{"start":{"line":316,"column":57},"end":{"line":316,"column":58}}]},"26":{"loc":{"start":{"line":317,"column":36},"end":{"line":317,"column":89}},"type":"cond-expr","locations":[{"start":{"line":317,"column":48},"end":{"line":317,"column":85}},{"start":{"line":317,"column":88},"end":{"line":317,"column":89}}]},"27":{"loc":{"start":{"line":328,"column":8},"end":{"line":328,"column":131}},"type":"if","locations":[{"start":{"line":328,"column":8},"end":{"line":328,"column":131}}]},"28":{"loc":{"start":{"line":328,"column":12},"end":{"line":328,"column":77}},"type":"binary-expr","locations":[{"start":{"line":328,"column":12},"end":{"line":328,"column":37}},{"start":{"line":328,"column":41},"end":{"line":328,"column":77}}]},"29":{"loc":{"start":{"line":347,"column":8},"end":{"line":350,"column":9}},"type":"if","locations":[{"start":{"line":347,"column":8},"end":{"line":350,"column":9}}]},"30":{"loc":{"start":{"line":360,"column":8},"end":{"line":360,"column":58}},"type":"if","locations":[{"start":{"line":360,"column":8},"end":{"line":360,"column":58}}]},"31":{"loc":{"start":{"line":449,"column":8},"end":{"line":449,"column":131}},"type":"if","locations":[{"start":{"line":449,"column":8},"end":{"line":449,"column":131}}]},"32":{"loc":{"start":{"line":449,"column":12},"end":{"line":449,"column":77}},"type":"binary-expr","locations":[{"start":{"line":449,"column":12},"end":{"line":449,"column":37}},{"start":{"line":449,"column":41},"end":{"line":449,"column":77}}]},"33":{"loc":{"start":{"line":461,"column":8},"end":{"line":461,"column":131}},"type":"if","locations":[{"start":{"line":461,"column":8},"end":{"line":461,"column":131}}]},"34":{"loc":{"start":{"line":461,"column":12},"end":{"line":461,"column":77}},"type":"binary-expr","locations":[{"start":{"line":461,"column":12},"end":{"line":461,"column":37}},{"start":{"line":461,"column":41},"end":{"line":461,"column":77}}]}},"s":{"0":0,"1":0,"2":0,"3":0,"4":0,"5":0,"6":0,"7":0,"8":0,"9":0,"10":0,"11":0,"12":0,"13":0,"14":0,"15":0,"16":0,"17":0,"18":0,"19":0,"20":0,"21":0,"22":0,"23":0,"24":0,"25":0,"26":0,"27":0,"28":0,"29":0,"30":0,"31":0,"32":0,"33":0,"34":0,"35":0,"36":0,"37":0,"38":0,"39":0,"40":0,"41":0,"42":0,"43":0,"44":0,"45":0,"46":0,"47":0,"48":0,"49":0,"50":0,"51":0,"52":0,"53":0,"54":0,"55":0,"56":0,"57":0,"58":0,"59":0,"60":0,"61":0,"62":0,"63":0,"64":0,"65":0,"66":0,"67":0,"68":0,"69":0,"70":0,"71":0,"72":0,"73":0,"74":0,"75":0,"76":0,"77":0,"78":0,"79":0,"80":0,"81":0,"82":0,"83":0,"84":0,"85":0,"86":0,"87":0,"88":0,"89":0,"90":0,"91":0,"92":0,"93":0,"94":0,"95":0,"96":0,"97":0,"98":0,"99":0,"100":0,"101":0,"102":0,"103":0,"104":0,"105":0,"106":0,"107":0,"108":0,"109":0,"110":0,"111":0,"112":0,"113":0,"114":0,"115":0,"116":0,"117":0,"118":0,"119":0,"120":0,"121":0,"122":0,"123":0,"124":0,"125":0,"126":0,"127":0,"128":0,"129":0,"130":0,"131":0,"132":0,"133":0,"134":0,"135":0,"136":0,"137":0,"138":0,"139":0,"140":0,"141":0,"142":0,"143":0,"144":0,"145":0,"146":0,"147":0,"148":0,"149":0,"150":0,"151":0,"152":0,"153":0,"154":0,"155":0,"156":0,"157":0,"158":0,"159":0,"160":0,"161":0,"162":0,"163":0,"164":0,"165":0,"166":0,"167":0,"168":0,"169":0,"170":0,"171":0,"172":0,"173":0,"174":0,"175":0,"176":0,"177":0,"178":0,"179":0,"180":0,"181":0,"182":0,"183":0,"184":0,"185":0,"186":0,"187":0,"188":0,"189":0,"190":0,"191":0,"192":0,"193":0,"194":0,"195":0,"196":0,"197":0,"198":0,"199":0,"200":0,"201":0,"202":0,"203":0,"204":0,"205":0,"206":0,"207":0,"208":0,"209":0,"210":0,"211":0,"212":0,"213":0,"214":0,"215":0,"216":0,"217":0,"218":0,"219":0,"220":0,"221":0,"222":0,"223":0,"224":0,"225":0,"226":0,"227":0,"228":0},"f":{"0":0,"1":0,"2":0,"3":0,"4":0,"5":0,"6":0,"7":0,"8":0,"9":0,"10":0,"11":0,"12":0,"13":0,"14":0,"15":0,"16":0,"17":0,"18":0,"19":0,"20":0,"21":0,"22":0,"23":0,"24":0,"25":0,"26":0,"27":0,"28":0,"29":0,"30":0,"31":0,"32":0,"33":0},"b":{"0":[0],"1":[0,0],"2":[0],"3":[0,0],"4":[0],"5":[0],"6":[0,0],"7":[0,0],"8":[0,0],"9":[0,0],"10":[0,0],"11":[0,0],"12":[0,0],"13":[0,0],"14":[0,0],"15":[0],"16":[0,0],"17":[0],"18":[0,0],"19":[0,0],"20":[0],"21":[0],"22":[0,0],"23":[0],"24":[0,0],"25":[0,0],"26":[0,0],"27":[0],"28":[0,0],"29":[0],"30":[0],"31":[0],"32":[0,0],"33":[0],"34":[0,0]}}
,"/app/server/src/routes/upload.ts": {"path":"/app/server/src/routes/upload.ts","statementMap":{"0":{"start":{"line":1,"column":0},"end":{"line":1,"column":33}},"1":{"start":{"line":2,"column":0},"end":{"line":2,"column":28}},"2":{"start":{"line":3,"column":0},"end":{"line":3,"column":24}},"3":{"start":{"line":4,"column":0},"end":{"line":4,"column":20}},"4":{"start":{"line":5,"column":0},"end":{"line":5,"column":63}},"5":{"start":{"line":7,"column":15},"end":{"line":7,"column":23}},"6":{"start":{"line":10,"column":16},"end":{"line":22,"column":2}},"7":{"start":{"line":12,"column":26},"end":{"line":12,"column":61}},"8":{"start":{"line":13,"column":8},"end":{"line":15,"column":9}},"9":{"start":{"line":14,"column":12},"end":{"line":14,"column":57}},"10":{"start":{"line":16,"column":8},"end":{"line":16,"column":28}},"11":{"start":{"line":19,"column":29},"end":{"line":19,"column":79}},"12":{"start":{"line":20,"column":8},"end":{"line":20,"column":65}},"13":{"start":{"line":24,"column":15},"end":{"line":41,"column":2}},"14":{"start":{"line":31,"column":29},"end":{"line":31,"column":107}},"15":{"start":{"line":32,"column":24},"end":{"line":32,"column":88}},"16":{"start":{"line":33,"column":25},"end":{"line":33,"column":57}},"17":{"start":{"line":35,"column":8},"end":{"line":39,"column":9}},"18":{"start":{"line":36,"column":12},"end":{"line":36,"column":34}},"19":{"start":{"line":38,"column":12},"end":{"line":38,"column":75}},"20":{"start":{"line":44,"column":0},"end":{"line":54,"column":3}},"21":{"start":{"line":45,"column":4},"end":{"line":47,"column":5}},"22":{"start":{"line":46,"column":8},"end":{"line":46,"column":67}},"23":{"start":{"line":50,"column":4},"end":{"line":53,"column":7}},"24":{"start":{"line":57,"column":0},"end":{"line":70,"column":3}},"25":{"start":{"line":58,"column":31},"end":{"line":58,"column":39}},"26":{"start":{"line":59,"column":4},"end":{"line":59,"column":75}},"27":{"start":{"line":59,"column":19},"end":{"line":59,"column":75}},"28":{"start":{"line":62,"column":25},"end":{"line":62,"column":48}},"29":{"start":{"line":63,"column":21},"end":{"line":63,"column":70}},"30":{"start":{"line":65,"column":4},"end":{"line":68,"column":5}},"31":{"start":{"line":66,"column":8},"end":{"line":66,"column":32}},"32":{"start":{"line":67,"column":8},"end":{"line":67,"column":53}},"33":{"start":{"line":69,"column":4},"end":{"line":69,"column":54}},"34":{"start":{"line":72,"column":0},"end":{"line":72,"column":22}}},"fnMap":{"0":{"name":"(anonymous_1)","decl":{"start":{"line":11,"column":17},"end":{"line":11,"column":18}},"loc":{"start":{"line":11,"column":35},"end":{"line":17,"column":5}}},"1":{"name":"(anonymous_2)","decl":{"start":{"line":18,"column":14},"end":{"line":18,"column":15}},"loc":{"start":{"line":18,"column":32},"end":{"line":21,"column":5}}},"2":{"name":"(anonymous_3)","decl":{"start":{"line":29,"column":16},"end":{"line":29,"column":17}},"loc":{"start":{"line":29,"column":34},"end":{"line":40,"column":5}}},"3":{"name":"(anonymous_4)","decl":{"start":{"line":44,"column":54},"end":{"line":44,"column":55}},"loc":{"start":{"line":44,"column":80},"end":{"line":54,"column":1}}},"4":{"name":"(anonymous_5)","decl":{"start":{"line":57,"column":33},"end":{"line":57,"column":34}},"loc":{"start":{"line":57,"column":46},"end":{"line":70,"column":1}}}},"branchMap":{"0":{"loc":{"start":{"line":13,"column":8},"end":{"line":15,"column":9}},"type":"if","locations":[{"start":{"line":13,"column":8},"end":{"line":15,"column":9}}]},"1":{"loc":{"start":{"line":35,"column":8},"end":{"line":39,"column":9}},"type":"if","locations":[{"start":{"line":35,"column":8},"end":{"line":39,"column":9}},{"start":{"line":37,"column":15},"end":{"line":39,"column":9}}]},"2":{"loc":{"start":{"line":35,"column":12},"end":{"line":35,"column":31}},"type":"binary-expr","locations":[{"start":{"line":35,"column":12},"end":{"line":35,"column":19}},{"start":{"line":35,"column":23},"end":{"line":35,"column":31}}]},"3":{"loc":{"start":{"line":45,"column":4},"end":{"line":47,"column":5}},"type":"if","locations":[{"start":{"line":45,"column":4},"end":{"line":47,"column":5}}]},"4":{"loc":{"start":{"line":59,"column":4},"end":{"line":59,"column":75}},"type":"if","locations":[{"start":{"line":59,"column":4},"end":{"line":59,"column":75}}]},"5":{"loc":{"start":{"line":65,"column":4},"end":{"line":68,"column":5}},"type":"if","locations":[{"start":{"line":65,"column":4},"end":{"line":68,"column":5}}]}},"s":{"0":0,"1":0,"2":0,"3":0,"4":0,"5":0,"6":0,"7":0,"8":0,"9":0,"10":0,"11":0,"12":0,"13":0,"14":0,"15":0,"16":0,"17":0,"18":0,"19":0,"20":0,"21":0,"22":0,"23":0,"24":0,"25":0,"26":0,"27":0,"28":0,"29":0,"30":0,"31":0,"32":0,"33":0,"34":0},"f":{"0":0,"1":0,"2":0,"3":0,"4":0},"b":{"0":[0],"1":[0,0],"2":[0,0],"3":[0],"4":[0],"5":[0]}}
,"/app/server/src/validators/admin.ts": {"path":"/app/server/src/validators/admin.ts","statementMap":{"0":{"start":{"line":4,"column":0},"end":{"line":4,"column":21}},"1":{"start":{"line":6,"column":13},"end":{"line":15,"column":null}},"2":{"start":{"line":17,"column":13},"end":{"line":29,"column":null}},"3":{"start":{"line":31,"column":13},"end":{"line":43,"column":null}}},"fnMap":{},"branchMap":{},"s":{"0":0,"1":0,"2":0,"3":0},"f":{},"b":{}}
,"/app/server/src/validators/auth.ts": {"path":"/app/server/src/validators/auth.ts","statementMap":{"0":{"start":{"line":1,"column":0},"end":{"line":1,"column":21}},"1":{"start":{"line":3,"column":13},"end":{"line":12,"column":null}},"2":{"start":{"line":14,"column":13},"end":{"line":21,"column":null}},"3":{"start":{"line":23,"column":13},"end":{"line":28,"column":null}}},"fnMap":{},"branchMap":{},"s":{"0":0,"1":0,"2":0,"3":0},"f":{},"b":{}}
,"/app/server/src/validators/courses.ts": {"path":"/app/server/src/validators/courses.ts","statementMap":{"0":{"start":{"line":4,"column":0},"end":{"line":4,"column":21}},"1":{"start":{"line":6,"column":13},"end":{"line":22,"column":null}},"2":{"start":{"line":24,"column":13},"end":{"line":36,"column":null}},"3":{"start":{"line":38,"column":13},"end":{"line":44,"column":null}},"4":{"start":{"line":46,"column":13},"end":{"line":58,"column":null}},"5":{"start":{"line":60,"column":13},"end":{"line":67,"column":null}}},"fnMap":{},"branchMap":{},"s":{"0":1,"1":1,"2":1,"3":1,"4":1,"5":1},"f":{},"b":{}}
,"/app/server/src/validators/quizzes.ts": {"path":"/app/server/src/validators/quizzes.ts","statementMap":{"0":{"start":{"line":4,"column":0},"end":{"line":4,"column":21}},"1":{"start":{"line":6,"column":13},"end":{"line":19,"column":null}},"2":{"start":{"line":21,"column":13},"end":{"line":31,"column":null}},"3":{"start":{"line":33,"column":13},"end":{"line":39,"column":null}},"4":{"start":{"line":41,"column":13},"end":{"line":52,"column":null}}},"fnMap":{},"branchMap":{},"s":{"0":0,"1":0,"2":0,"3":0,"4":0},"f":{},"b":{}}
,"/app/server/src/validators/students.ts": {"path":"/app/server/src/validators/students.ts","statementMap":{"0":{"start":{"line":4,"column":0},"end":{"line":4,"column":21}},"1":{"start":{"line":6,"column":13},"end":{"line":13,"column":null}},"2":{"start":{"line":15,"column":13},"end":{"line":20,"column":null}},"3":{"start":{"line":22,"column":13},"end":{"line":26,"column":null}},"4":{"start":{"line":28,"column":13},"end":{"line":38,"column":null}},"5":{"start":{"line":40,"column":13},"end":{"line":46,"column":null}},"6":{"start":{"line":48,"column":13},"end":{"line":52,"column":null}}},"fnMap":{},"branchMap":{},"s":{"0":0,"1":0,"2":0,"3":0,"4":0,"5":0,"6":0},"f":{},"b":{}}
}
