{"D:\\الملفات اللي كانت علي ويندوز\\موقع الاستاذ احمد 2 - Copy\\lms-platform\\server\\src\\middleware\\errorHandler.ts": {"path":"D:\\الملفات اللي كانت علي ويندوز\\موقع الاستاذ احمد 2 - Copy\\lms-platform\\server\\src\\middleware\\errorHandler.ts","statementMap":{"0":{"start":{"line":3,"column":28},"end":{"line":23,"column":1}},"1":{"start":{"line":4,"column":2},"end":{"line":4,"column":null}},"2":{"start":{"line":6,"column":2},"end":{"line":8,"column":3}},"3":{"start":{"line":7,"column":4},"end":{"line":7,"column":null}},"4":{"start":{"line":10,"column":2},"end":{"line":12,"column":3}},"5":{"start":{"line":11,"column":4},"end":{"line":11,"column":null}},"6":{"start":{"line":14,"column":2},"end":{"line":16,"column":3}},"7":{"start":{"line":15,"column":4},"end":{"line":15,"column":null}},"8":{"start":{"line":18,"column":2},"end":{"line":20,"column":3}},"9":{"start":{"line":19,"column":4},"end":{"line":19,"column":null}},"10":{"start":{"line":22,"column":2},"end":{"line":22,"column":null}},"11":{"start":{"line":3,"column":13},"end":{"line":3,"column":28}}},"fnMap":{"0":{"name":"(anonymous_0)","decl":{"start":{"line":3,"column":28},"end":{"line":3,"column":29}},"loc":{"start":{"line":3,"column":90},"end":{"line":23,"column":1}}}},"branchMap":{"0":{"loc":{"start":{"line":6,"column":2},"end":{"line":8,"column":3}},"type":"if","locations":[{"start":{"line":6,"column":2},"end":{"line":8,"column":3}}]},"1":{"loc":{"start":{"line":10,"column":2},"end":{"line":12,"column":3}},"type":"if","locations":[{"start":{"line":10,"column":2},"end":{"line":12,"column":3}}]},"2":{"loc":{"start":{"line":14,"column":2},"end":{"line":16,"column":3}},"type":"if","locations":[{"start":{"line":14,"column":2},"end":{"line":16,"column":3}}]},"3":{"loc":{"start":{"line":18,"column":2},"end":{"line":20,"column":3}},"type":"if","locations":[{"start":{"line":18,"column":2},"end":{"line":20,"column":3}}]}},"s":{"0":0,"1":0,"2":0,"3":0,"4":0,"5":0,"6":0,"7":0,"8":0,"9":0,"10":0,"11":0},"f":{"0":0},"b":{"0":[0],"1":[0],"2":[0],"3":[0]}}
,"D:\\الملفات اللي كانت علي ويندوز\\موقع الاستاذ احمد 2 - Copy\\lms-platform\\server\\src\\middleware\\roleGuard.ts": {"path":"D:\\الملفات اللي كانت علي ويندوز\\موقع الاستاذ احمد 2 - Copy\\lms-platform\\server\\src\\middleware\\roleGuard.ts","statementMap":{"0":{"start":{"line":2,"column":0},"end":{"line":2,"column":36}},"1":{"start":{"line":10,"column":31},"end":{"line":28,"column":1}},"2":{"start":{"line":11,"column":2},"end":{"line":27,"column":3}},"3":{"start":{"line":12,"column":4},"end":{"line":14,"column":5}},"4":{"start":{"line":13,"column":6},"end":{"line":13,"column":null}},"5":{"start":{"line":16,"column":15},"end":{"line":16,"column":28}},"6":{"start":{"line":17,"column":17},"end":{"line":17,"column":83}},"7":{"start":{"line":19,"column":4},"end":{"line":21,"column":5}},"8":{"start":{"line":20,"column":6},"end":{"line":20,"column":null}},"9":{"start":{"line":23,"column":4},"end":{"line":23,"column":null}},"10":{"start":{"line":25,"column":4},"end":{"line":25,"column":null}},"11":{"start":{"line":26,"column":4},"end":{"line":26,"column":null}},"12":{"start":{"line":10,"column":13},"end":{"line":10,"column":31}},"13":{"start":{"line":30,"column":33},"end":{"line":48,"column":1}},"14":{"start":{"line":31,"column":2},"end":{"line":47,"column":3}},"15":{"start":{"line":32,"column":4},"end":{"line":34,"column":5}},"16":{"start":{"line":33,"column":6},"end":{"line":33,"column":null}},"17":{"start":{"line":36,"column":15},"end":{"line":36,"column":28}},"18":{"start":{"line":37,"column":17},"end":{"line":37,"column":83}},"19":{"start":{"line":39,"column":4},"end":{"line":41,"column":5}},"20":{"start":{"line":40,"column":6},"end":{"line":40,"column":null}},"21":{"start":{"line":43,"column":4},"end":{"line":43,"column":null}},"22":{"start":{"line":45,"column":4},"end":{"line":45,"column":null}},"23":{"start":{"line":46,"column":4},"end":{"line":46,"column":null}},"24":{"start":{"line":30,"column":13},"end":{"line":30,"column":33}}},"fnMap":{"0":{"name":"(anonymous_0)","decl":{"start":{"line":10,"column":31},"end":{"line":10,"column":36}},"loc":{"start":{"line":10,"column":93},"end":{"line":28,"column":1}}},"1":{"name":"(anonymous_1)","decl":{"start":{"line":30,"column":33},"end":{"line":30,"column":38}},"loc":{"start":{"line":30,"column":95},"end":{"line":48,"column":1}}}},"branchMap":{"0":{"loc":{"start":{"line":12,"column":4},"end":{"line":14,"column":5}},"type":"if","locations":[{"start":{"line":12,"column":4},"end":{"line":14,"column":5}}]},"1":{"loc":{"start":{"line":19,"column":4},"end":{"line":21,"column":5}},"type":"if","locations":[{"start":{"line":19,"column":4},"end":{"line":21,"column":5}}]},"2":{"loc":{"start":{"line":19,"column":8},"end":{"line":19,"column":38}},"type":"binary-expr","locations":[{"start":{"line":19,"column":8},"end":{"line":19,"column":13}},{"start":{"line":19,"column":17},"end":{"line":19,"column":38}}]},"3":{"loc":{"start":{"line":32,"column":4},"end":{"line":34,"column":5}},"type":"if","locations":[{"start":{"line":32,"column":4},"end":{"line":34,"column":5}}]},"4":{"loc":{"start":{"line":39,"column":4},"end":{"line":41,"column":5}},"type":"if","locations":[{"start":{"line":39,"column":4},"end":{"line":41,"column":5}}]},"5":{"loc":{"start":{"line":39,"column":8},"end":{"line":39,"column":40}},"type":"binary-expr","locations":[{"start":{"line":39,"column":8},"end":{"line":39,"column":13}},{"start":{"line":39,"column":17},"end":{"line":39,"column":40}}]}},"s":{"0":0,"1":0,"2":0,"3":0,"4":0,"5":0,"6":0,"7":0,"8":0,"9":0,"10":0,"11":0,"12":0,"13":0,"14":0,"15":0,"16":0,"17":0,"18":0,"19":0,"20":0,"21":0,"22":0,"23":0,"24":0},"f":{"0":0,"1":0},"b":{"0":[0],"1":[0],"2":[0,0],"3":[0],"4":[0],"5":[0,0]}}
,"D:\\الملفات اللي كانت علي ويندوز\\موقع الاستاذ احمد 2 - Copy\\lms-platform\\server\\src\\middleware\\validate.ts": {"path":"D:\\الملفات اللي كانت علي ويندوز\\موقع الاستاذ احمد 2 - Copy\\lms-platform\\server\\src\\middleware\\validate.ts","statementMap":{"0":{"start":{"line":3,"column":0},"end":{"line":3,"column":46}},"1":{"start":{"line":5,"column":24},"end":{"line":14,"column":1}},"2":{"start":{"line":6,"column":2},"end":{"line":13,"column":null}},"3":{"start":{"line":7,"column":22},"end":{"line":7,"column":90}},"4":{"start":{"line":8,"column":4},"end":{"line":11,"column":5}},"5":{"start":{"line":9,"column":23},"end":{"line":9,"column":68}},"6":{"start":{"line":9,"column":46},"end":{"line":9,"column":55}},"7":{"start":{"line":10,"column":6},"end":{"line":10,"column":null}},"8":{"start":{"line":12,"column":4},"end":{"line":12,"column":null}},"9":{"start":{"line":5,"column":13},"end":{"line":5,"column":24}}},"fnMap":{"0":{"name":"(anonymous_0)","decl":{"start":{"line":5,"column":24},"end":{"line":5,"column":25}},"loc":{"start":{"line":5,"column":49},"end":{"line":14,"column":1}}},"1":{"name":"(anonymous_1)","decl":{"start":{"line":6,"column":9},"end":{"line":6,"column":10}},"loc":{"start":{"line":6,"column":61},"end":{"line":13,"column":3}}},"2":{"name":"(anonymous_2)","decl":{"start":{"line":9,"column":41},"end":{"line":9,"column":42}},"loc":{"start":{"line":9,"column":46},"end":{"line":9,"column":55}}}},"branchMap":{"0":{"loc":{"start":{"line":8,"column":4},"end":{"line":11,"column":5}},"type":"if","locations":[{"start":{"line":8,"column":4},"end":{"line":11,"column":5}}]}},"s":{"0":0,"1":0,"2":0,"3":0,"4":0,"5":0,"6":0,"7":0,"8":0,"9":0},"f":{"0":0,"1":0,"2":0},"b":{"0":[0]}}
,"D:\\الملفات اللي كانت علي ويندوز\\موقع الاستاذ احمد 2 - Copy\\lms-platform\\server\\src\\routes\\admin.ts": {"path":"D:\\الملفات اللي كانت علي ويندوز\\موقع الاستاذ احمد 2 - Copy\\lms-platform\\server\\src\\routes\\admin.ts","statementMap":{"0":{"start":{"line":1,"column":0},"end":{"line":1,"column":33}},"1":{"start":{"line":2,"column":0},"end":{"line":2,"column":37}},"2":{"start":{"line":3,"column":0},"end":{"line":3,"column":63}},"3":{"start":{"line":4,"column":0},"end":{"line":4,"column":45}},"4":{"start":{"line":7,"column":15},"end":{"line":7,"column":23}},"5":{"start":{"line":9,"column":0},"end":{"line":9,"column":47}},"6":{"start":{"line":11,"column":0},"end":{"line":26,"column":3}},"7":{"start":{"line":12,"column":4},"end":{"line":25,"column":5}},"8":{"start":{"line":13,"column":19},"end":{"line":13,"column":32}},"9":{"start":{"line":14,"column":28},"end":{"line":14,"column":102}},"10":{"start":{"line":15,"column":27},"end":{"line":15,"column":123}},"11":{"start":{"line":16,"column":27},"end":{"line":16,"column":134}},"12":{"start":{"line":18,"column":8},"end":{"line":22,"column":11}},"13":{"start":{"line":24,"column":8},"end":{"line":24,"column":56}},"14":{"start":{"line":28,"column":0},"end":{"line":46,"column":3}},"15":{"start":{"line":29,"column":4},"end":{"line":45,"column":5}},"16":{"start":{"line":30,"column":19},"end":{"line":30,"column":32}},"17":{"start":{"line":31,"column":22},"end":{"line":37,"column":10}},"18":{"start":{"line":38,"column":8},"end":{"line":42,"column":13}},"19":{"start":{"line":38,"column":33},"end":{"line":42,"column":10}},"20":{"start":{"line":44,"column":8},"end":{"line":44,"column":56}},"21":{"start":{"line":48,"column":0},"end":{"line":83,"column":3}},"22":{"start":{"line":50,"column":4},"end":{"line":82,"column":5}},"23":{"start":{"line":51,"column":8},"end":{"line":51,"column":27}},"24":{"start":{"line":52,"column":37},"end":{"line":52,"column":45}},"25":{"start":{"line":53,"column":22},"end":{"line":53,"column":33}},"26":{"start":{"line":55,"column":8},"end":{"line":55,"column":43}},"27":{"start":{"line":56,"column":31},"end":{"line":56,"column":33}},"28":{"start":{"line":58,"column":8},"end":{"line":74,"column":9}},"29":{"start":{"line":58,"column":21},"end":{"line":58,"column":22}},"30":{"start":{"line":60,"column":25},"end":{"line":60,"column":29}},"31":{"start":{"line":61,"column":12},"end":{"line":70,"column":13}},"32":{"start":{"line":63,"column":30},"end":{"line":63,"column":64}},"33":{"start":{"line":64,"column":27},"end":{"line":64,"column":116}},"34":{"start":{"line":64,"column":59},"end":{"line":64,"column":106}},"35":{"start":{"line":65,"column":27},"end":{"line":65,"column":116}},"36":{"start":{"line":65,"column":59},"end":{"line":65,"column":106}},"37":{"start":{"line":66,"column":16},"end":{"line":66,"column":41}},"38":{"start":{"line":68,"column":33},"end":{"line":68,"column":99}},"39":{"start":{"line":69,"column":16},"end":{"line":69,"column":46}},"40":{"start":{"line":69,"column":31},"end":{"line":69,"column":46}},"41":{"start":{"line":72,"column":12},"end":{"line":72,"column":104}},"42":{"start":{"line":73,"column":12},"end":{"line":73,"column":38}},"43":{"start":{"line":76,"column":8},"end":{"line":76,"column":32}},"44":{"start":{"line":77,"column":8},"end":{"line":77,"column":78}},"45":{"start":{"line":79,"column":8},"end":{"line":79,"column":42}},"46":{"start":{"line":79,"column":16},"end":{"line":79,"column":42}},"47":{"start":{"line":80,"column":8},"end":{"line":80,"column":53}},"48":{"start":{"line":81,"column":8},"end":{"line":81,"column":56}},"49":{"start":{"line":85,"column":0},"end":{"line":94,"column":3}},"50":{"start":{"line":86,"column":4},"end":{"line":93,"column":5}},"51":{"start":{"line":87,"column":19},"end":{"line":87,"column":32}},"52":{"start":{"line":88,"column":8},"end":{"line":88,"column":79}},"53":{"start":{"line":89,"column":8},"end":{"line":89,"column":31}},"54":{"start":{"line":90,"column":8},"end":{"line":90,"column":36}},"55":{"start":{"line":92,"column":8},"end":{"line":92,"column":56}},"56":{"start":{"line":96,"column":0},"end":{"line":124,"column":3}},"57":{"start":{"line":98,"column":4},"end":{"line":123,"column":5}},"58":{"start":{"line":99,"column":8},"end":{"line":99,"column":27}},"59":{"start":{"line":100,"column":42},"end":{"line":100,"column":50}},"60":{"start":{"line":102,"column":8},"end":{"line":102,"column":43}},"61":{"start":{"line":104,"column":28},"end":{"line":104,"column":30}},"62":{"start":{"line":105,"column":8},"end":{"line":111,"column":9}},"63":{"start":{"line":106,"column":32},"end":{"line":106,"column":115}},"64":{"start":{"line":107,"column":12},"end":{"line":107,"column":63}},"65":{"start":{"line":107,"column":49},"end":{"line":107,"column":61}},"66":{"start":{"line":109,"column":26},"end":{"line":109,"column":85}},"67":{"start":{"line":110,"column":12},"end":{"line":110,"column":49}},"68":{"start":{"line":110,"column":43},"end":{"line":110,"column":47}},"69":{"start":{"line":113,"column":8},"end":{"line":115,"column":9}},"70":{"start":{"line":114,"column":12},"end":{"line":114,"column":115}},"71":{"start":{"line":117,"column":8},"end":{"line":117,"column":32}},"72":{"start":{"line":118,"column":8},"end":{"line":118,"column":65}},"73":{"start":{"line":120,"column":8},"end":{"line":120,"column":42}},"74":{"start":{"line":120,"column":16},"end":{"line":120,"column":42}},"75":{"start":{"line":121,"column":8},"end":{"line":121,"column":57}},"76":{"start":{"line":122,"column":8},"end":{"line":122,"column":56}},"77":{"start":{"line":126,"column":0},"end":{"line":126,"column":22}}},"fnMap":{"0":{"name":"(anonymous_0)","decl":{"start":{"line":11,"column":25},"end":{"line":11,"column":30}},"loc":{"start":{"line":11,"column":44},"end":{"line":26,"column":1}}},"1":{"name":"(anonymous_1)","decl":{"start":{"line":28,"column":21},"end":{"line":28,"column":26}},"loc":{"start":{"line":28,"column":40},"end":{"line":46,"column":1}}},"2":{"name":"(anonymous_2)","decl":{"start":{"line":38,"column":27},"end":{"line":38,"column":28}},"loc":{"start":{"line":38,"column":33},"end":{"line":42,"column":10}}},"3":{"name":"(anonymous_3)","decl":{"start":{"line":48,"column":31},"end":{"line":48,"column":36}},"loc":{"start":{"line":48,"column":50},"end":{"line":83,"column":1}}},"4":{"name":"(anonymous_4)","decl":{"start":{"line":64,"column":53},"end":{"line":64,"column":56}},"loc":{"start":{"line":64,"column":59},"end":{"line":64,"column":106}}},"5":{"name":"(anonymous_5)","decl":{"start":{"line":65,"column":53},"end":{"line":65,"column":56}},"loc":{"start":{"line":65,"column":59},"end":{"line":65,"column":106}}},"6":{"name":"(anonymous_6)","decl":{"start":{"line":85,"column":28},"end":{"line":85,"column":33}},"loc":{"start":{"line":85,"column":47},"end":{"line":94,"column":1}}},"7":{"name":"(anonymous_7)","decl":{"start":{"line":96,"column":35},"end":{"line":96,"column":40}},"loc":{"start":{"line":96,"column":54},"end":{"line":124,"column":1}}},"8":{"name":"(anonymous_8)","decl":{"start":{"line":107,"column":44},"end":{"line":107,"column":45}},"loc":{"start":{"line":107,"column":49},"end":{"line":107,"column":61}}},"9":{"name":"(anonymous_9)","decl":{"start":{"line":110,"column":38},"end":{"line":110,"column":39}},"loc":{"start":{"line":110,"column":43},"end":{"line":110,"column":47}}}},"branchMap":{"0":{"loc":{"start":{"line":19,"column":27},"end":{"line":19,"column":50}},"type":"binary-expr","locations":[{"start":{"line":19,"column":27},"end":{"line":19,"column":45}},{"start":{"line":19,"column":49},"end":{"line":19,"column":50}}]},"1":{"loc":{"start":{"line":20,"column":26},"end":{"line":20,"column":48}},"type":"binary-expr","locations":[{"start":{"line":20,"column":26},"end":{"line":20,"column":43}},{"start":{"line":20,"column":47},"end":{"line":20,"column":48}}]},"2":{"loc":{"start":{"line":21,"column":35},"end":{"line":21,"column":57}},"type":"binary-expr","locations":[{"start":{"line":21,"column":35},"end":{"line":21,"column":52}},{"start":{"line":21,"column":56},"end":{"line":21,"column":57}}]},"3":{"loc":{"start":{"line":41,"column":22},"end":{"line":41,"column":75}},"type":"cond-expr","locations":[{"start":{"line":41,"column":39},"end":{"line":41,"column":68}},{"start":{"line":41,"column":71},"end":{"line":41,"column":75}}]},"4":{"loc":{"start":{"line":53,"column":22},"end":{"line":53,"column":33}},"type":"binary-expr","locations":[{"start":{"line":53,"column":22},"end":{"line":53,"column":27}},{"start":{"line":53,"column":31},"end":{"line":53,"column":33}}]},"5":{"loc":{"start":{"line":69,"column":16},"end":{"line":69,"column":46}},"type":"if","locations":[{"start":{"line":69,"column":16},"end":{"line":69,"column":46}}]},"6":{"loc":{"start":{"line":79,"column":8},"end":{"line":79,"column":42}},"type":"if","locations":[{"start":{"line":79,"column":8},"end":{"line":79,"column":42}}]},"7":{"loc":{"start":{"line":105,"column":8},"end":{"line":111,"column":9}},"type":"if","locations":[{"start":{"line":105,"column":8},"end":{"line":111,"column":9}},{"start":{"line":108,"column":15},"end":{"line":111,"column":9}}]},"8":{"loc":{"start":{"line":105,"column":12},"end":{"line":105,"column":44}},"type":"binary-expr","locations":[{"start":{"line":105,"column":12},"end":{"line":105,"column":21}},{"start":{"line":105,"column":25},"end":{"line":105,"column":44}}]},"9":{"loc":{"start":{"line":120,"column":8},"end":{"line":120,"column":42}},"type":"if","locations":[{"start":{"line":120,"column":8},"end":{"line":120,"column":42}}]}},"s":{"0":0,"1":0,"2":0,"3":0,"4":0,"5":0,"6":0,"7":0,"8":0,"9":0,"10":0,"11":0,"12":0,"13":0,"14":0,"15":0,"16":0,"17":0,"18":0,"19":0,"20":0,"21":0,"22":0,"23":0,"24":0,"25":0,"26":0,"27":0,"28":0,"29":0,"30":0,"31":0,"32":0,"33":0,"34":0,"35":0,"36":0,"37":0,"38":0,"39":0,"40":0,"41":0,"42":0,"43":0,"44":0,"45":0,"46":0,"47":0,"48":0,"49":0,"50":0,"51":0,"52":0,"53":0,"54":0,"55":0,"56":0,"57":0,"58":0,"59":0,"60":0,"61":0,"62":0,"63":0,"64":0,"65":0,"66":0,"67":0,"68":0,"69":0,"70":0,"71":0,"72":0,"73":0,"74":0,"75":0,"76":0,"77":0},"f":{"0":0,"1":0,"2":0,"3":0,"4":0,"5":0,"6":0,"7":0,"8":0,"9":0},"b":{"0":[0,0],"1":[0,0],"2":[0,0],"3":[0,0],"4":[0,0],"5":[0],"6":[0],"7":[0,0],"8":[0,0],"9":[0]}}
,"D:\\الملفات اللي كانت علي ويندوز\\موقع الاستاذ احمد 2 - Copy\\lms-platform\\server\\src\\routes\\auth.ts": {"path":"D:\\الملفات اللي كانت علي ويندوز\\موقع الاستاذ احمد 2 - Copy\\lms-platform\\server\\src\\routes\\auth.ts","statementMap":{"0":{"start":{"line":1,"column":0},"end":{"line":1,"column":33}},"1":{"start":{"line":2,"column":0},"end":{"line":2,"column":37}},"2":{"start":{"line":3,"column":0},"end":{"line":3,"column":28}},"3":{"start":{"line":4,"column":0},"end":{"line":4,"column":45}},"4":{"start":{"line":5,"column":0},"end":{"line":5,"column":50}},"5":{"start":{"line":6,"column":0},"end":{"line":6,"column":57}},"6":{"start":{"line":7,"column":0},"end":{"line":7,"column":50}},"7":{"start":{"line":8,"column":0},"end":{"line":8,"column":63}},"8":{"start":{"line":9,"column":0},"end":{"line":9,"column":28}},"9":{"start":{"line":11,"column":15},"end":{"line":11,"column":23}},"10":{"start":{"line":14,"column":0},"end":{"line":43,"column":3}},"11":{"start":{"line":15,"column":4},"end":{"line":42,"column":5}},"12":{"start":{"line":16,"column":54},"end":{"line":16,"column":62}},"13":{"start":{"line":18,"column":19},"end":{"line":18,"column":32}},"14":{"start":{"line":21,"column":29},"end":{"line":21,"column":90}},"15":{"start":{"line":22,"column":8},"end":{"line":24,"column":9}},"16":{"start":{"line":23,"column":12},"end":{"line":23,"column":79}},"17":{"start":{"line":26,"column":31},"end":{"line":26,"column":62}},"18":{"start":{"line":27,"column":19},"end":{"line":27,"column":38}},"19":{"start":{"line":30,"column":25},"end":{"line":30,"column":34}},"20":{"start":{"line":32,"column":8},"end":{"line":35,"column":10}},"21":{"start":{"line":37,"column":22},"end":{"line":37,"column":49}},"22":{"start":{"line":38,"column":8},"end":{"line":38,"column":76}},"23":{"start":{"line":40,"column":8},"end":{"line":40,"column":52}},"24":{"start":{"line":41,"column":8},"end":{"line":41,"column":56}},"25":{"start":{"line":46,"column":0},"end":{"line":77,"column":3}},"26":{"start":{"line":47,"column":4},"end":{"line":76,"column":5}},"27":{"start":{"line":48,"column":36},"end":{"line":48,"column":44}},"28":{"start":{"line":50,"column":19},"end":{"line":50,"column":32}},"29":{"start":{"line":51,"column":21},"end":{"line":51,"column":81}},"30":{"start":{"line":53,"column":8},"end":{"line":55,"column":9}},"31":{"start":{"line":54,"column":12},"end":{"line":54,"column":74}},"32":{"start":{"line":57,"column":24},"end":{"line":57,"column":74}},"33":{"start":{"line":58,"column":8},"end":{"line":60,"column":9}},"34":{"start":{"line":59,"column":12},"end":{"line":59,"column":74}},"35":{"start":{"line":62,"column":22},"end":{"line":62,"column":55}},"36":{"start":{"line":64,"column":8},"end":{"line":72,"column":11}},"37":{"start":{"line":74,"column":8},"end":{"line":74,"column":52}},"38":{"start":{"line":75,"column":8},"end":{"line":75,"column":56}},"39":{"start":{"line":80,"column":0},"end":{"line":94,"column":3}},"40":{"start":{"line":81,"column":4},"end":{"line":93,"column":5}},"41":{"start":{"line":82,"column":19},"end":{"line":82,"column":32}},"42":{"start":{"line":83,"column":21},"end":{"line":83,"column":137}},"43":{"start":{"line":85,"column":8},"end":{"line":87,"column":9}},"44":{"start":{"line":86,"column":12},"end":{"line":86,"column":69}},"45":{"start":{"line":89,"column":8},"end":{"line":89,"column":27}},"46":{"start":{"line":91,"column":8},"end":{"line":91,"column":42}},"47":{"start":{"line":92,"column":8},"end":{"line":92,"column":56}},"48":{"start":{"line":96,"column":0},"end":{"line":96,"column":22}}},"fnMap":{"0":{"name":"(anonymous_1)","decl":{"start":{"line":14,"column":63},"end":{"line":14,"column":68}},"loc":{"start":{"line":14,"column":82},"end":{"line":43,"column":1}}},"1":{"name":"(anonymous_2)","decl":{"start":{"line":46,"column":59},"end":{"line":46,"column":64}},"loc":{"start":{"line":46,"column":78},"end":{"line":77,"column":1}}},"2":{"name":"(anonymous_3)","decl":{"start":{"line":80,"column":32},"end":{"line":80,"column":37}},"loc":{"start":{"line":80,"column":56},"end":{"line":94,"column":1}}}},"branchMap":{"0":{"loc":{"start":{"line":22,"column":8},"end":{"line":24,"column":9}},"type":"if","locations":[{"start":{"line":22,"column":8},"end":{"line":24,"column":9}}]},"1":{"loc":{"start":{"line":34,"column":51},"end":{"line":34,"column":64}},"type":"binary-expr","locations":[{"start":{"line":34,"column":51},"end":{"line":34,"column":56}},{"start":{"line":34,"column":60},"end":{"line":34,"column":64}}]},"2":{"loc":{"start":{"line":53,"column":8},"end":{"line":55,"column":9}},"type":"if","locations":[{"start":{"line":53,"column":8},"end":{"line":55,"column":9}}]},"3":{"loc":{"start":{"line":58,"column":8},"end":{"line":60,"column":9}},"type":"if","locations":[{"start":{"line":58,"column":8},"end":{"line":60,"column":9}}]},"4":{"loc":{"start":{"line":85,"column":8},"end":{"line":87,"column":9}},"type":"if","locations":[{"start":{"line":85,"column":8},"end":{"line":87,"column":9}}]}},"s":{"0":0,"1":0,"2":0,"3":0,"4":0,"5":0,"6":0,"7":0,"8":0,"9":0,"10":0,"11":0,"12":0,"13":0,"14":0,"15":0,"16":0,"17":0,"18":0,"19":0,"20":0,"21":0,"22":0,"23":0,"24":0,"25":0,"26":0,"27":0,"28":0,"29":0,"30":0,"31":0,"32":0,"33":0,"34":0,"35":0,"36":0,"37":0,"38":0,"39":0,"40":0,"41":0,"42":0,"43":0,"44":0,"45":0,"46":0,"47":0,"48":0},"f":{"0":0,"1":0,"2":0},"b":{"0":[0],"1":[0,0],"2":[0],"3":[0],"4":[0]}}
,"D:\\الملفات اللي كانت علي ويندوز\\موقع الاستاذ احمد 2 - Copy\\lms-platform\\server\\src\\routes\\upload.ts": {"path":"D:\\الملفات اللي كانت علي ويندوز\\موقع الاستاذ احمد 2 - Copy\\lms-platform\\server\\src\\routes\\upload.ts","statementMap":{"0":{"start":{"line":1,"column":0},"end":{"line":1,"column":33}},"1":{"start":{"line":2,"column":0},"end":{"line":2,"column":28}},"2":{"start":{"line":3,"column":0},"end":{"line":3,"column":24}},"3":{"start":{"line":4,"column":0},"end":{"line":4,"column":20}},"4":{"start":{"line":5,"column":0},"end":{"line":5,"column":50}},"5":{"start":{"line":7,"column":15},"end":{"line":7,"column":23}},"6":{"start":{"line":10,"column":16},"end":{"line":22,"column":2}},"7":{"start":{"line":12,"column":26},"end":{"line":12,"column":61}},"8":{"start":{"line":13,"column":8},"end":{"line":15,"column":9}},"9":{"start":{"line":14,"column":12},"end":{"line":14,"column":57}},"10":{"start":{"line":16,"column":8},"end":{"line":16,"column":28}},"11":{"start":{"line":19,"column":29},"end":{"line":19,"column":79}},"12":{"start":{"line":20,"column":8},"end":{"line":20,"column":65}},"13":{"start":{"line":24,"column":15},"end":{"line":24,"column":34}},"14":{"start":{"line":27,"column":0},"end":{"line":37,"column":3}},"15":{"start":{"line":28,"column":4},"end":{"line":30,"column":5}},"16":{"start":{"line":29,"column":8},"end":{"line":29,"column":67}},"17":{"start":{"line":33,"column":4},"end":{"line":36,"column":7}},"18":{"start":{"line":40,"column":0},"end":{"line":50,"column":3}},"19":{"start":{"line":41,"column":31},"end":{"line":41,"column":39}},"20":{"start":{"line":42,"column":4},"end":{"line":42,"column":75}},"21":{"start":{"line":42,"column":19},"end":{"line":42,"column":75}},"22":{"start":{"line":44,"column":21},"end":{"line":44,"column":66}},"23":{"start":{"line":45,"column":4},"end":{"line":48,"column":5}},"24":{"start":{"line":46,"column":8},"end":{"line":46,"column":32}},"25":{"start":{"line":47,"column":8},"end":{"line":47,"column":53}},"26":{"start":{"line":49,"column":4},"end":{"line":49,"column":54}},"27":{"start":{"line":52,"column":0},"end":{"line":52,"column":22}}},"fnMap":{"0":{"name":"(anonymous_1)","decl":{"start":{"line":11,"column":17},"end":{"line":11,"column":18}},"loc":{"start":{"line":11,"column":35},"end":{"line":17,"column":5}}},"1":{"name":"(anonymous_2)","decl":{"start":{"line":18,"column":14},"end":{"line":18,"column":15}},"loc":{"start":{"line":18,"column":32},"end":{"line":21,"column":5}}},"2":{"name":"(anonymous_3)","decl":{"start":{"line":27,"column":54},"end":{"line":27,"column":55}},"loc":{"start":{"line":27,"column":72},"end":{"line":37,"column":1}}},"3":{"name":"(anonymous_4)","decl":{"start":{"line":40,"column":33},"end":{"line":40,"column":34}},"loc":{"start":{"line":40,"column":46},"end":{"line":50,"column":1}}}},"branchMap":{"0":{"loc":{"start":{"line":13,"column":8},"end":{"line":15,"column":9}},"type":"if","locations":[{"start":{"line":13,"column":8},"end":{"line":15,"column":9}}]},"1":{"loc":{"start":{"line":28,"column":4},"end":{"line":30,"column":5}},"type":"if","locations":[{"start":{"line":28,"column":4},"end":{"line":30,"column":5}}]},"2":{"loc":{"start":{"line":42,"column":4},"end":{"line":42,"column":75}},"type":"if","locations":[{"start":{"line":42,"column":4},"end":{"line":42,"column":75}}]},"3":{"loc":{"start":{"line":45,"column":4},"end":{"line":48,"column":5}},"type":"if","locations":[{"start":{"line":45,"column":4},"end":{"line":48,"column":5}}]}},"s":{"0":0,"1":0,"2":0,"3":0,"4":0,"5":0,"6":0,"7":0,"8":0,"9":0,"10":0,"11":0,"12":0,"13":0,"14":0,"15":0,"16":0,"17":0,"18":0,"19":0,"20":0,"21":0,"22":0,"23":0,"24":0,"25":0,"26":0,"27":0},"f":{"0":0,"1":0,"2":0,"3":0},"b":{"0":[0],"1":[0],"2":[0],"3":[0]}}
,"D:\\الملفات اللي كانت علي ويندوز\\موقع الاستاذ احمد 2 - Copy\\lms-platform\\server\\src\\validators\\students.ts": {"path":"D:\\الملفات اللي كانت علي ويندوز\\موقع الاستاذ احمد 2 - Copy\\lms-platform\\server\\src\\validators\\students.ts","statementMap":{"0":{"start":{"line":4,"column":0},"end":{"line":4,"column":21}},"1":{"start":{"line":6,"column":13},"end":{"line":13,"column":null}},"2":{"start":{"line":15,"column":13},"end":{"line":20,"column":null}},"3":{"start":{"line":22,"column":13},"end":{"line":26,"column":null}},"4":{"start":{"line":28,"column":13},"end":{"line":38,"column":null}},"5":{"start":{"line":40,"column":13},"end":{"line":46,"column":null}},"6":{"start":{"line":48,"column":13},"end":{"line":52,"column":null}}},"fnMap":{},"branchMap":{},"s":{"0":0,"1":0,"2":0,"3":0,"4":0,"5":0,"6":0},"f":{},"b":{}}
}
