TN:
SF:src/middleware/auth.ts
FN:21,(anonymous_0)
FN:38,(anonymous_1)
FN:39,(anonymous_2)
FNF:3
FNH:1
FNDA:0,(anonymous_0)
FNDA:11,(anonymous_1)
FNDA:0,(anonymous_2)
DA:2,1
DA:21,1
DA:22,0
DA:23,0
DA:24,0
DA:27,0
DA:28,0
DA:30,0
DA:31,0
DA:34,0
DA:35,0
DA:38,1
DA:39,11
DA:40,0
DA:41,0
DA:43,0
LF:16
LH:4
BRDA:23,0,0,0
BRDA:23,1,0,0
BRDA:23,1,1,0
BRDA:30,2,0,0
BRDA:30,3,0,0
BRDA:30,3,1,0
BRDA:40,4,0,0
BRDA:40,5,0,0
BRDA:40,5,1,0
BRF:9
BRH:0
end_of_record
TN:
SF:src/middleware/errorHandler.ts
FN:3,(anonymous_0)
FNF:1
FNH:0
FNDA:0,(anonymous_0)
DA:3,0
DA:4,0
DA:6,0
DA:7,0
DA:10,0
DA:11,0
DA:14,0
DA:15,0
DA:18,0
DA:19,0
DA:22,0
LF:11
LH:0
BRDA:6,0,0,0
BRDA:10,1,0,0
BRDA:14,2,0,0
BRDA:18,3,0,0
BRF:4
BRH:0
end_of_record
TN:
SF:src/middleware/rateLimiter.ts
FNF:0
FNH:0
DA:1,0
DA:3,0
DA:9,0
DA:15,0
LF:4
LH:0
BRF:0
BRH:0
end_of_record
TN:
SF:src/middleware/roleGuard.ts
FN:10,(anonymous_0)
FN:30,(anonymous_1)
FNF:2
FNH:0
FNDA:0,(anonymous_0)
FNDA:0,(anonymous_1)
DA:2,0
DA:10,0
DA:11,0
DA:12,0
DA:13,0
DA:16,0
DA:17,0
DA:19,0
DA:20,0
DA:23,0
DA:25,0
DA:26,0
DA:30,0
DA:31,0
DA:32,0
DA:33,0
DA:36,0
DA:37,0
DA:39,0
DA:40,0
DA:43,0
DA:45,0
DA:46,0
LF:23
LH:0
BRDA:12,0,0,0
BRDA:19,1,0,0
BRDA:19,2,0,0
BRDA:19,2,1,0
BRDA:32,3,0,0
BRDA:39,4,0,0
BRDA:39,5,0,0
BRDA:39,5,1,0
BRF:8
BRH:0
end_of_record
TN:
SF:src/middleware/validate.ts
FN:5,(anonymous_0)
FN:6,(anonymous_1)
FN:9,(anonymous_2)
FNF:3
FNH:1
FNDA:4,(anonymous_0)
FNDA:0,(anonymous_1)
FNDA:0,(anonymous_2)
DA:3,1
DA:5,1
DA:6,4
DA:7,0
DA:8,0
DA:9,0
DA:10,0
DA:12,0
LF:8
LH:3
BRDA:8,0,0,0
BRF:1
BRH:0
end_of_record
TN:
SF:src/routes/admin.ts
FN:13,(anonymous_0)
FN:36,(anonymous_1)
FN:48,(anonymous_2)
FN:58,(anonymous_3)
FN:74,(anonymous_4)
FN:75,(anonymous_5)
FN:95,(anonymous_6)
FN:106,(anonymous_7)
FN:117,(anonymous_8)
FN:120,(anonymous_9)
FNF:10
FNH:0
FNDA:0,(anonymous_0)
FNDA:0,(anonymous_1)
FNDA:0,(anonymous_2)
FNDA:0,(anonymous_3)
FNDA:0,(anonymous_4)
FNDA:0,(anonymous_5)
FNDA:0,(anonymous_6)
FNDA:0,(anonymous_7)
FNDA:0,(anonymous_8)
FNDA:0,(anonymous_9)
DA:1,0
DA:2,0
DA:3,0
DA:4,0
DA:5,0
DA:6,0
DA:9,0
DA:11,0
DA:13,0
DA:14,0
DA:15,0
DA:16,0
DA:17,0
DA:18,0
DA:19,0
DA:25,0
DA:32,0
DA:36,0
DA:37,0
DA:38,0
DA:39,0
DA:48,0
DA:54,0
DA:58,0
DA:60,0
DA:61,0
DA:62,0
DA:63,0
DA:65,0
DA:66,0
DA:68,0
DA:70,0
DA:71,0
DA:73,0
DA:74,0
DA:75,0
DA:76,0
DA:78,0
DA:79,0
DA:82,0
DA:83,0
DA:86,0
DA:87,0
DA:89,0
DA:90,0
DA:91,0
DA:95,0
DA:96,0
DA:97,0
DA:98,0
DA:99,0
DA:100,0
DA:102,0
DA:106,0
DA:108,0
DA:109,0
DA:110,0
DA:112,0
DA:114,0
DA:115,0
DA:116,0
DA:117,0
DA:119,0
DA:120,0
DA:123,0
DA:124,0
DA:127,0
DA:128,0
DA:130,0
DA:131,0
DA:132,0
DA:136,0
LF:72
LH:0
BRDA:26,0,0,0
BRDA:26,0,1,0
BRDA:27,1,0,0
BRDA:27,1,1,0
BRDA:28,2,0,0
BRDA:28,2,1,0
BRDA:29,3,0,0
BRDA:29,3,1,0
BRDA:51,4,0,0
BRDA:51,4,1,0
BRDA:63,5,0,0
BRDA:63,5,1,0
BRDA:79,6,0,0
BRDA:89,7,0,0
BRDA:115,8,0,0
BRDA:115,8,1,0
BRDA:115,9,0,0
BRDA:115,9,1,0
BRDA:130,10,0,0
BRF:19
BRH:0
end_of_record
TN:
SF:src/routes/auth.ts
FN:14,(anonymous_1)
FN:46,(anonymous_2)
FN:79,(anonymous_3)
FN:113,(anonymous_4)
FNF:4
FNH:0
FNDA:0,(anonymous_1)
FNDA:0,(anonymous_2)
FNDA:0,(anonymous_3)
FNDA:0,(anonymous_4)
DA:1,0
DA:2,0
DA:3,0
DA:4,0
DA:5,0
DA:6,0
DA:7,0
DA:8,0
DA:9,0
DA:11,0
DA:14,0
DA:15,0
DA:16,0
DA:18,0
DA:21,0
DA:22,0
DA:23,0
DA:26,0
DA:27,0
DA:30,0
DA:32,0
DA:37,0
DA:38,0
DA:40,0
DA:41,0
DA:46,0
DA:47,0
DA:48,0
DA:50,0
DA:51,0
DA:54,0
DA:56,0
DA:57,0
DA:58,0
DA:61,0
DA:62,0
DA:63,0
DA:65,0
DA:70,0
DA:71,0
DA:73,0
DA:74,0
DA:79,0
DA:80,0
DA:81,0
DA:83,0
DA:84,0
DA:86,0
DA:87,0
DA:90,0
DA:91,0
DA:92,0
DA:95,0
DA:97,0
DA:107,0
DA:108,0
DA:113,0
DA:114,0
DA:115,0
DA:116,0
DA:118,0
DA:119,0
DA:122,0
DA:124,0
DA:125,0
DA:129,0
LF:66
LH:0
BRDA:22,0,0,0
BRDA:34,1,0,0
BRDA:34,1,1,0
BRDA:50,2,0,0
BRDA:57,3,0,0
BRDA:86,4,0,0
BRDA:91,5,0,0
BRDA:118,6,0,0
BRF:8
BRH:0
end_of_record
TN:
SF:src/routes/courses.ts
FN:13,(anonymous_0)
FN:27,(anonymous_1)
FN:43,(anonymous_2)
FN:55,(anonymous_3)
FN:58,(anonymous_4)
FN:63,(anonymous_5)
FN:65,(anonymous_6)
FN:76,(anonymous_7)
FN:97,(anonymous_8)
FN:110,(anonymous_9)
FN:111,(anonymous_10)
FN:126,(anonymous_11)
FN:142,(anonymous_12)
FN:160,(anonymous_13)
FN:171,(anonymous_14)
FN:188,(anonymous_15)
FN:195,(anonymous_16)
FN:196,(anonymous_17)
FN:209,(anonymous_18)
FN:223,(anonymous_19)
FN:234,(anonymous_20)
FN:251,(anonymous_21)
FN:258,(anonymous_22)
FN:259,(anonymous_23)
FN:271,(anonymous_24)
FN:283,(anonymous_25)
FN:302,(anonymous_26)
FN:314,(anonymous_27)
FN:317,(anonymous_28)
FN:321,(anonymous_29)
FN:323,(anonymous_30)
FN:333,(anonymous_31)
FN:345,(anonymous_32)
FN:355,(anonymous_33)
FNF:34
FNH:2
FNDA:1,(anonymous_0)
FNDA:1,(anonymous_1)
FNDA:0,(anonymous_2)
FNDA:0,(anonymous_3)
FNDA:0,(anonymous_4)
FNDA:0,(anonymous_5)
FNDA:0,(anonymous_6)
FNDA:0,(anonymous_7)
FNDA:0,(anonymous_8)
FNDA:0,(anonymous_9)
FNDA:0,(anonymous_10)
FNDA:0,(anonymous_11)
FNDA:0,(anonymous_12)
FNDA:0,(anonymous_13)
FNDA:0,(anonymous_14)
FNDA:0,(anonymous_15)
FNDA:0,(anonymous_16)
FNDA:0,(anonymous_17)
FNDA:0,(anonymous_18)
FNDA:0,(anonymous_19)
FNDA:0,(anonymous_20)
FNDA:0,(anonymous_21)
FNDA:0,(anonymous_22)
FNDA:0,(anonymous_23)
FNDA:0,(anonymous_24)
FNDA:0,(anonymous_25)
FNDA:0,(anonymous_26)
FNDA:0,(anonymous_27)
FNDA:0,(anonymous_28)
FNDA:0,(anonymous_29)
FNDA:0,(anonymous_30)
FNDA:0,(anonymous_31)
FNDA:0,(anonymous_32)
FNDA:0,(anonymous_33)
DA:1,1
DA:2,1
DA:3,1
DA:4,1
DA:5,1
DA:6,1
DA:8,1
DA:13,1
DA:14,1
DA:15,1
DA:16,1
DA:19,0
DA:21,1
DA:22,1
DA:27,1
DA:28,1
DA:29,1
DA:30,1
DA:34,0
DA:35,0
DA:37,1
DA:38,1
DA:43,1
DA:44,0
DA:45,0
DA:48,0
DA:49,0
DA:52,0
DA:55,0
DA:56,0
DA:57,0
DA:58,0
DA:59,0
DA:63,0
DA:65,0
DA:68,0
DA:70,0
DA:71,0
DA:76,1
DA:77,0
DA:78,0
DA:79,0
DA:81,0
DA:87,0
DA:88,0
DA:89,0
DA:91,0
DA:92,0
DA:97,1
DA:98,0
DA:99,0
DA:100,0
DA:103,0
DA:104,0
DA:107,0
DA:108,0
DA:110,0
DA:111,0
DA:112,0
DA:114,0
DA:116,0
DA:117,0
DA:118,0
DA:120,0
DA:121,0
DA:126,1
DA:127,0
DA:128,0
DA:129,0
DA:133,0
DA:134,0
DA:136,0
DA:137,0
DA:142,1
DA:143,0
DA:144,0
DA:145,0
DA:149,0
DA:150,0
DA:152,0
DA:153,0
DA:160,1
DA:161,0
DA:162,0
DA:163,0
DA:164,0
DA:166,0
DA:171,1
DA:172,0
DA:173,0
DA:174,0
DA:175,0
DA:179,0
DA:180,0
DA:181,0
DA:183,0
DA:188,1
DA:189,0
DA:190,0
DA:191,0
DA:192,0
DA:193,0
DA:195,0
DA:196,0
DA:197,0
DA:199,0
DA:200,0
DA:201,0
DA:202,0
DA:204,0
DA:209,1
DA:210,0
DA:211,0
DA:212,0
DA:213,0
DA:214,0
DA:216,0
DA:223,1
DA:224,0
DA:225,0
DA:226,0
DA:227,0
DA:229,0
DA:234,1
DA:235,0
DA:236,0
DA:237,0
DA:238,0
DA:243,0
DA:244,0
DA:246,0
DA:251,1
DA:252,0
DA:253,0
DA:254,0
DA:255,0
DA:256,0
DA:258,0
DA:259,0
DA:260,0
DA:262,0
DA:263,0
DA:264,0
DA:266,0
DA:271,1
DA:272,0
DA:273,0
DA:274,0
DA:275,0
DA:276,0
DA:278,0
DA:283,1
DA:284,0
DA:285,0
DA:286,0
DA:288,0
DA:289,0
DA:290,0
DA:292,0
DA:294,0
DA:295,0
DA:297,0
DA:302,1
DA:303,0
DA:304,0
DA:306,0
DA:307,0
DA:309,0
DA:310,0
DA:312,0
DA:314,0
DA:315,0
DA:316,0
DA:317,0
DA:318,0
DA:321,0
DA:323,0
DA:326,0
DA:328,0
DA:333,1
DA:334,0
DA:335,0
DA:336,0
DA:345,0
DA:349,0
DA:351,0
DA:355,1
DA:356,0
DA:357,0
DA:358,0
DA:359,0
DA:361,0
DA:365,0
DA:366,0
DA:368,0
DA:372,1
LF:196
LH:37
BRDA:34,0,0,0
BRDA:49,1,0,0
BRDA:57,2,0,0
BRDA:84,3,0,0
BRDA:84,3,1,0
BRDA:84,4,0,0
BRDA:84,4,1,0
BRDA:84,5,0,0
BRDA:84,5,1,0
BRDA:84,6,0,0
BRDA:84,6,1,0
BRDA:84,7,0,0
BRDA:84,7,1,0
BRDA:104,8,0,0
BRDA:177,9,0,0
BRDA:177,9,1,0
BRDA:193,10,0,0
BRDA:200,11,0,0
BRDA:200,11,1,0
BRDA:200,12,0,0
BRDA:200,12,1,0
BRDA:241,13,0,0
BRDA:241,13,1,0
BRDA:241,14,0,0
BRDA:241,14,1,0
BRDA:241,15,0,0
BRDA:241,15,1,0
BRDA:256,16,0,0
BRDA:307,17,0,0
BRDA:316,18,0,0
BRF:30
BRH:0
end_of_record
TN:
SF:src/routes/quizzes.ts
FN:11,(anonymous_0)
FN:21,(anonymous_1)
FN:27,(anonymous_2)
FN:43,(anonymous_3)
FN:59,(anonymous_4)
FN:70,(anonymous_5)
FN:74,(anonymous_6)
FN:90,(anonymous_7)
FN:106,(anonymous_8)
FN:118,(anonymous_9)
FN:122,(anonymous_10)
FN:128,(anonymous_11)
FN:143,(anonymous_12)
FN:147,(anonymous_13)
FN:150,(anonymous_14)
FN:151,(anonymous_15)
FN:162,(anonymous_16)
FN:173,(anonymous_17)
FN:191,(anonymous_18)
FN:203,(anonymous_19)
FN:214,(anonymous_20)
FNF:21
FNH:0
FNDA:0,(anonymous_0)
FNDA:0,(anonymous_1)
FNDA:0,(anonymous_2)
FNDA:0,(anonymous_3)
FNDA:0,(anonymous_4)
FNDA:0,(anonymous_5)
FNDA:0,(anonymous_6)
FNDA:0,(anonymous_7)
FNDA:0,(anonymous_8)
FNDA:0,(anonymous_9)
FNDA:0,(anonymous_10)
FNDA:0,(anonymous_11)
FNDA:0,(anonymous_12)
FNDA:0,(anonymous_13)
FNDA:0,(anonymous_14)
FNDA:0,(anonymous_15)
FNDA:0,(anonymous_16)
FNDA:0,(anonymous_17)
FNDA:0,(anonymous_18)
FNDA:0,(anonymous_19)
FNDA:0,(anonymous_20)
DA:1,0
DA:2,0
DA:3,0
DA:4,0
DA:5,0
DA:6,0
DA:8,0
DA:11,0
DA:12,0
DA:13,0
DA:14,0
DA:21,0
DA:23,0
DA:27,0
DA:28,0
DA:29,0
DA:30,0
DA:36,0
DA:37,0
DA:39,0
DA:43,0
DA:44,0
DA:45,0
DA:46,0
DA:47,0
DA:51,0
DA:52,0
DA:53,0
DA:55,0
DA:59,0
DA:60,0
DA:61,0
DA:62,0
DA:63,0
DA:65,0
DA:70,0
DA:71,0
DA:72,0
DA:73,0
DA:74,0
DA:75,0
DA:76,0
DA:77,0
DA:79,0
DA:81,0
DA:83,0
DA:86,0
DA:90,0
DA:91,0
DA:92,0
DA:93,0
DA:94,0
DA:98,0
DA:99,0
DA:100,0
DA:102,0
DA:106,0
DA:107,0
DA:108,0
DA:109,0
DA:110,0
DA:111,0
DA:113,0
DA:118,0
DA:119,0
DA:120,0
DA:121,0
DA:122,0
DA:124,0
DA:128,0
DA:129,0
DA:130,0
DA:131,0
DA:132,0
DA:136,0
DA:137,0
DA:139,0
DA:143,0
DA:144,0
DA:145,0
DA:146,0
DA:147,0
DA:148,0
DA:150,0
DA:151,0
DA:152,0
DA:154,0
DA:155,0
DA:156,0
DA:158,0
DA:162,0
DA:163,0
DA:164,0
DA:165,0
DA:166,0
DA:168,0
DA:173,0
DA:174,0
DA:175,0
DA:176,0
DA:177,0
DA:179,0
DA:183,0
DA:184,0
DA:185,0
DA:187,0
DA:191,0
DA:192,0
DA:193,0
DA:194,0
DA:203,0
DA:210,0
DA:214,0
DA:215,0
DA:216,0
DA:217,0
DA:224,0
DA:226,0
DA:232,0
DA:236,0
LF:120
LH:0
BRDA:36,0,0,0
BRDA:49,1,0,0
BRDA:49,1,1,0
BRDA:49,2,0,0
BRDA:49,2,1,0
BRDA:49,3,0,0
BRDA:49,3,1,0
BRDA:77,4,0,0
BRDA:77,4,1,0
BRDA:79,5,0,0
BRDA:83,6,0,0
BRDA:83,6,1,0
BRDA:96,7,0,0
BRDA:96,7,1,0
BRDA:96,8,0,0
BRDA:96,8,1,0
BRDA:96,9,0,0
BRDA:96,9,1,0
BRDA:122,10,0,0
BRDA:122,10,1,0
BRDA:134,11,0,0
BRDA:134,11,1,0
BRDA:134,12,0,0
BRDA:134,12,1,0
BRDA:134,13,0,0
BRDA:134,13,1,0
BRDA:148,14,0,0
BRDA:151,15,0,0
BRDA:151,15,1,0
BRDA:181,16,0,0
BRDA:181,16,1,0
BRDA:181,17,0,0
BRDA:181,17,1,0
BRDA:181,18,0,0
BRDA:181,18,1,0
BRDA:205,19,0,0
BRDA:205,19,1,0
BRDA:206,20,0,0
BRDA:206,20,1,0
BRDA:207,21,0,0
BRDA:207,21,1,0
BRDA:224,22,0,0
BRDA:228,23,0,0
BRDA:228,23,1,0
BRF:44
BRH:0
end_of_record
TN:
SF:src/routes/settings.ts
FN:8,(anonymous_0)
FN:12,(anonymous_1)
FN:23,(anonymous_2)
FNF:3
FNH:0
FNDA:0,(anonymous_0)
FNDA:0,(anonymous_1)
FNDA:0,(anonymous_2)
DA:1,0
DA:2,0
DA:3,0
DA:5,0
DA:8,0
DA:9,0
DA:10,0
DA:11,0
DA:12,0
DA:13,0
DA:14,0
DA:16,0
DA:18,0
DA:23,0
DA:24,0
DA:25,0
DA:26,0
DA:28,0
DA:29,0
DA:34,0
DA:36,0
DA:40,0
LF:22
LH:0
BRF:0
BRH:0
end_of_record
TN:
SF:src/routes/students.ts
FN:11,(anonymous_0)
FN:21,(anonymous_1)
FN:31,(anonymous_2)
FN:40,(anonymous_3)
FN:44,(anonymous_4)
FN:45,(anonymous_5)
FN:60,(anonymous_6)
FN:92,(anonymous_7)
FN:106,(anonymous_8)
FN:123,(anonymous_9)
FN:132,(anonymous_10)
FN:142,(anonymous_11)
FN:169,(anonymous_12)
FN:185,(anonymous_13)
FN:194,(anonymous_14)
FN:208,(anonymous_15)
FN:252,(anonymous_16)
FN:258,(anonymous_17)
FN:262,(anonymous_18)
FN:268,(anonymous_19)
FN:287,(anonymous_20)
FN:326,(anonymous_21)
FN:337,(anonymous_22)
FN:360,(anonymous_23)
FN:366,(anonymous_24)
FN:377,(anonymous_25)
FN:383,(anonymous_26)
FN:396,(anonymous_27)
FN:406,(anonymous_28)
FN:422,(anonymous_29)
FN:435,(anonymous_30)
FN:447,(anonymous_31)
FN:453,(anonymous_32)
FN:459,(anonymous_33)
FNF:34
FNH:0
FNDA:0,(anonymous_0)
FNDA:0,(anonymous_1)
FNDA:0,(anonymous_2)
FNDA:0,(anonymous_3)
FNDA:0,(anonymous_4)
FNDA:0,(anonymous_5)
FNDA:0,(anonymous_6)
FNDA:0,(anonymous_7)
FNDA:0,(anonymous_8)
FNDA:0,(anonymous_9)
FNDA:0,(anonymous_10)
FNDA:0,(anonymous_11)
FNDA:0,(anonymous_12)
FNDA:0,(anonymous_13)
FNDA:0,(anonymous_14)
FNDA:0,(anonymous_15)
FNDA:0,(anonymous_16)
FNDA:0,(anonymous_17)
FNDA:0,(anonymous_18)
FNDA:0,(anonymous_19)
FNDA:0,(anonymous_20)
FNDA:0,(anonymous_21)
FNDA:0,(anonymous_22)
FNDA:0,(anonymous_23)
FNDA:0,(anonymous_24)
FNDA:0,(anonymous_25)
FNDA:0,(anonymous_26)
FNDA:0,(anonymous_27)
FNDA:0,(anonymous_28)
FNDA:0,(anonymous_29)
FNDA:0,(anonymous_30)
FNDA:0,(anonymous_31)
FNDA:0,(anonymous_32)
FNDA:0,(anonymous_33)
DA:1,0
DA:2,0
DA:3,0
DA:4,0
DA:5,0
DA:6,0
DA:8,0
DA:11,0
DA:12,0
DA:13,0
DA:14,0
DA:15,0
DA:17,0
DA:21,0
DA:22,0
DA:23,0
DA:24,0
DA:25,0
DA:27,0
DA:31,0
DA:32,0
DA:34,0
DA:35,0
DA:38,0
DA:39,0
DA:40,0
DA:42,0
DA:44,0
DA:45,0
DA:46,0
DA:48,0
DA:49,0
DA:50,0
DA:51,0
DA:53,0
DA:60,0
DA:61,0
DA:62,0
DA:63,0
DA:66,0
DA:74,0
DA:80,0
DA:83,0
DA:91,0
DA:92,0
DA:95,0
DA:105,0
DA:106,0
DA:107,0
DA:111,0
DA:113,0
DA:122,0
DA:123,0
DA:124,0
DA:126,0
DA:127,0
DA:132,0
DA:133,0
DA:134,0
DA:136,0
DA:137,0
DA:141,0
DA:142,0
DA:143,0
DA:144,0
DA:153,0
DA:161,0
DA:163,0
DA:164,0
DA:169,0
DA:170,0
DA:171,0
DA:172,0
DA:174,0
DA:175,0
DA:185,0
DA:190,0
DA:194,0
DA:195,0
DA:196,0
DA:197,0
DA:202,0
DA:204,0
DA:208,0
DA:211,0
DA:212,0
DA:213,0
DA:214,0
DA:216,0
DA:219,0
DA:220,0
DA:221,0
DA:222,0
DA:226,0
DA:227,0
DA:228,0
DA:229,0
DA:233,0
DA:234,0
DA:235,0
DA:242,0
DA:243,0
DA:248,0
DA:249,0
DA:250,0
DA:252,0
DA:253,0
DA:258,0
DA:259,0
DA:260,0
DA:261,0
DA:262,0
DA:264,0
DA:268,0
DA:269,0
DA:270,0
DA:271,0
DA:272,0
DA:274,0
DA:279,0
DA:280,0
DA:282,0
DA:287,0
DA:288,0
DA:289,0
DA:290,0
DA:295,0
DA:296,0
DA:298,0
DA:300,0
DA:307,0
DA:315,0
DA:316,0
DA:317,0
DA:319,0
DA:321,0
DA:326,0
DA:327,0
DA:328,0
DA:329,0
DA:330,0
DA:331,0
DA:333,0
DA:337,0
DA:340,0
DA:341,0
DA:342,0
DA:343,0
DA:345,0
DA:346,0
DA:347,0
DA:348,0
DA:349,0
DA:353,0
DA:354,0
DA:355,0
DA:357,0
DA:358,0
DA:360,0
DA:361,0
DA:366,0
DA:367,0
DA:368,0
DA:369,0
DA:377,0
DA:379,0
DA:383,0
DA:384,0
DA:385,0
DA:386,0
DA:396,0
DA:402,0
DA:406,0
DA:407,0
DA:408,0
DA:409,0
DA:410,0
DA:414,0
DA:415,0
DA:416,0
DA:418,0
DA:422,0
DA:423,0
DA:424,0
DA:425,0
DA:426,0
DA:427,0
DA:428,0
DA:429,0
DA:431,0
DA:435,0
DA:436,0
DA:437,0
DA:438,0
DA:439,0
DA:440,0
DA:442,0
DA:447,0
DA:448,0
DA:449,0
DA:450,0
DA:451,0
DA:453,0
DA:455,0
DA:459,0
DA:460,0
DA:461,0
DA:462,0
DA:463,0
DA:464,0
DA:465,0
DA:467,0
DA:471,0
LF:213
LH:0
BRDA:34,0,0,0
BRDA:34,1,0,0
BRDA:34,1,1,0
BRDA:42,2,0,0
BRDA:80,3,0,0
BRDA:80,3,1,0
BRDA:124,4,0,0
BRDA:126,5,0,0
BRDA:133,6,0,0
BRDA:133,6,1,0
BRDA:134,7,0,0
BRDA:134,7,1,0
BRDA:137,8,0,0
BRDA:137,8,1,0
BRDA:137,9,0,0
BRDA:137,9,1,0
BRDA:141,10,0,0
BRDA:141,10,1,0
BRDA:147,11,0,0
BRDA:147,11,1,0
BRDA:148,12,0,0
BRDA:148,12,1,0
BRDA:149,13,0,0
BRDA:149,13,1,0
BRDA:149,14,0,0
BRDA:149,14,1,0
BRDA:171,15,0,0
BRDA:171,16,0,0
BRDA:171,16,1,0
BRDA:220,17,0,0
BRDA:220,18,0,0
BRDA:220,18,1,0
BRDA:220,19,0,0
BRDA:220,19,1,0
BRDA:227,20,0,0
BRDA:233,21,0,0
BRDA:242,22,0,0
BRDA:242,22,1,0
BRDA:252,23,0,0
BRDA:315,24,0,0
BRDA:315,24,1,0
BRDA:316,25,0,0
BRDA:316,25,1,0
BRDA:317,26,0,0
BRDA:317,26,1,0
BRDA:328,27,0,0
BRDA:328,28,0,0
BRDA:328,28,1,0
BRDA:347,29,0,0
BRDA:360,30,0,0
BRDA:449,31,0,0
BRDA:449,32,0,0
BRDA:449,32,1,0
BRDA:461,33,0,0
BRDA:461,34,0,0
BRDA:461,34,1,0
BRF:56
BRH:0
end_of_record
TN:
SF:src/routes/upload.ts
FN:11,(anonymous_1)
FN:18,(anonymous_2)
FN:29,(anonymous_3)
FN:44,(anonymous_4)
FN:57,(anonymous_5)
FNF:5
FNH:0
FNDA:0,(anonymous_1)
FNDA:0,(anonymous_2)
FNDA:0,(anonymous_3)
FNDA:0,(anonymous_4)
FNDA:0,(anonymous_5)
DA:1,0
DA:2,0
DA:3,0
DA:4,0
DA:5,0
DA:7,0
DA:10,0
DA:12,0
DA:13,0
DA:14,0
DA:16,0
DA:19,0
DA:20,0
DA:24,0
DA:31,0
DA:32,0
DA:33,0
DA:35,0
DA:36,0
DA:38,0
DA:44,0
DA:45,0
DA:46,0
DA:50,0
DA:57,0
DA:58,0
DA:59,0
DA:62,0
DA:63,0
DA:65,0
DA:66,0
DA:67,0
DA:69,0
DA:72,0
LF:34
LH:0
BRDA:13,0,0,0
BRDA:35,1,0,0
BRDA:35,1,1,0
BRDA:35,2,0,0
BRDA:35,2,1,0
BRDA:45,3,0,0
BRDA:59,4,0,0
BRDA:65,5,0,0
BRF:8
BRH:0
end_of_record
TN:
SF:src/validators/admin.ts
FNF:0
FNH:0
DA:4,0
DA:6,0
DA:17,0
DA:31,0
LF:4
LH:0
BRF:0
BRH:0
end_of_record
TN:
SF:src/validators/auth.ts
FNF:0
FNH:0
DA:1,0
DA:3,0
DA:14,0
DA:23,0
LF:4
LH:0
BRF:0
BRH:0
end_of_record
TN:
SF:src/validators/courses.ts
FNF:0
FNH:0
DA:4,1
DA:6,1
DA:24,1
DA:38,1
DA:46,1
DA:60,1
LF:6
LH:6
BRF:0
BRH:0
end_of_record
TN:
SF:src/validators/quizzes.ts
FNF:0
FNH:0
DA:4,0
DA:6,0
DA:21,0
DA:33,0
DA:41,0
LF:5
LH:0
BRF:0
BRH:0
end_of_record
TN:
SF:src/validators/students.ts
FNF:0
FNH:0
DA:4,0
DA:6,0
DA:15,0
DA:22,0
DA:28,0
DA:40,0
DA:48,0
LF:7
LH:0
BRF:0
BRH:0
end_of_record
