TN:
SF:src/middleware/auth.ts
FN:21,(anonymous_0)
FN:38,(anonymous_1)
FN:39,(anonymous_2)
FNF:3
FNH:3
FNDA:29,(anonymous_0)
FNDA:23,(anonymous_1)
FNDA:15,(anonymous_2)
DA:2,3
DA:21,3
DA:22,29
DA:23,29
DA:24,1
DA:27,28
DA:28,28
DA:30,28
DA:31,1
DA:34,27
DA:35,27
DA:38,3
DA:39,23
DA:40,15
DA:41,3
DA:43,12
LF:16
LH:16
BRDA:23,0,0,1
BRDA:23,1,0,29
BRDA:23,1,1,28
BRDA:30,2,0,1
BRDA:30,3,0,28
BRDA:30,3,1,27
BRDA:40,4,0,3
BRDA:40,5,0,15
BRDA:40,5,1,14
BRF:9
BRH:9
end_of_record
TN:
SF:src/middleware/errorHandler.ts
FN:3,(anonymous_0)
FNF:1
FNH:0
FNDA:0,(anonymous_0)
DA:3,0
DA:4,0
DA:6,0
DA:7,0
DA:10,0
DA:11,0
DA:14,0
DA:15,0
DA:18,0
DA:19,0
DA:22,0
LF:11
LH:0
BRDA:6,0,0,0
BRDA:10,1,0,0
BRDA:14,2,0,0
BRDA:18,3,0,0
BRF:4
BRH:0
end_of_record
TN:
SF:src/middleware/rateLimiter.ts
FNF:0
FNH:0
DA:1,1
DA:3,1
DA:9,1
DA:15,1
LF:4
LH:4
BRF:0
BRH:0
end_of_record
TN:
SF:src/middleware/roleGuard.ts
FN:10,(anonymous_0)
FN:30,(anonymous_1)
FNF:2
FNH:0
FNDA:0,(anonymous_0)
FNDA:0,(anonymous_1)
DA:2,0
DA:10,0
DA:11,0
DA:12,0
DA:13,0
DA:16,0
DA:17,0
DA:19,0
DA:20,0
DA:23,0
DA:25,0
DA:26,0
DA:30,0
DA:31,0
DA:32,0
DA:33,0
DA:36,0
DA:37,0
DA:39,0
DA:40,0
DA:43,0
DA:45,0
DA:46,0
LF:23
LH:0
BRDA:12,0,0,0
BRDA:19,1,0,0
BRDA:19,2,0,0
BRDA:19,2,1,0
BRDA:32,3,0,0
BRDA:39,4,0,0
BRDA:39,5,0,0
BRDA:39,5,1,0
BRF:8
BRH:0
end_of_record
TN:
SF:src/middleware/validate.ts
FN:5,(anonymous_0)
FN:6,(anonymous_1)
FN:9,(anonymous_2)
FNF:3
FNH:3
FNDA:26,(anonymous_0)
FNDA:32,(anonymous_1)
FNDA:10,(anonymous_2)
DA:3,3
DA:5,3
DA:6,26
DA:7,32
DA:8,32
DA:9,10
DA:10,7
DA:12,25
LF:8
LH:8
BRDA:8,0,0,7
BRF:1
BRH:1
end_of_record
TN:
SF:src/routes/admin.ts
FN:13,(anonymous_0)
FN:36,(anonymous_1)
FN:48,(anonymous_2)
FN:58,(anonymous_3)
FN:74,(anonymous_4)
FN:75,(anonymous_5)
FN:95,(anonymous_6)
FN:106,(anonymous_7)
FN:117,(anonymous_8)
FN:120,(anonymous_9)
FNF:10
FNH:10
FNDA:1,(anonymous_0)
FNDA:2,(anonymous_1)
FNDA:6,(anonymous_2)
FNDA:1,(anonymous_3)
FNDA:12,(anonymous_4)
FNDA:12,(anonymous_5)
FNDA:1,(anonymous_6)
FNDA:2,(anonymous_7)
FNDA:1,(anonymous_8)
FNDA:1,(anonymous_9)
DA:1,1
DA:2,1
DA:3,1
DA:4,1
DA:5,1
DA:6,1
DA:9,1
DA:11,1
DA:13,1
DA:14,1
DA:15,1
DA:16,1
DA:17,1
DA:18,1
DA:19,1
DA:25,1
DA:32,0
DA:36,1
DA:37,2
DA:38,2
DA:39,2
DA:48,6
DA:54,0
DA:58,1
DA:60,1
DA:61,1
DA:62,1
DA:63,1
DA:65,1
DA:66,1
DA:68,1
DA:70,3
DA:71,3
DA:73,3
DA:74,12
DA:75,12
DA:76,3
DA:78,3
DA:79,3
DA:82,3
DA:83,3
DA:86,1
DA:87,1
DA:89,0
DA:90,0
DA:91,0
DA:95,1
DA:96,1
DA:97,1
DA:98,1
DA:99,1
DA:100,1
DA:102,0
DA:106,1
DA:108,2
DA:109,2
DA:110,2
DA:112,2
DA:114,2
DA:115,2
DA:116,1
DA:117,1
DA:119,1
DA:120,1
DA:123,2
DA:124,2
DA:127,2
DA:128,2
DA:130,0
DA:131,0
DA:132,0
DA:136,1
LF:72
LH:63
BRDA:26,0,0,1
BRDA:26,0,1,0
BRDA:27,1,0,1
BRDA:27,1,1,0
BRDA:28,2,0,1
BRDA:28,2,1,1
BRDA:29,3,0,1
BRDA:29,3,1,1
BRDA:51,4,0,0
BRDA:51,4,1,6
BRDA:63,5,0,1
BRDA:63,5,1,0
BRDA:79,6,0,3
BRDA:89,7,0,0
BRDA:115,8,0,1
BRDA:115,8,1,1
BRDA:115,9,0,2
BRDA:115,9,1,2
BRDA:130,10,0,0
BRF:19
BRH:13
end_of_record
TN:
SF:src/routes/auth.ts
FN:14,(anonymous_1)
FN:46,(anonymous_2)
FN:79,(anonymous_3)
FN:113,(anonymous_4)
FNF:4
FNH:3
FNDA:3,(anonymous_1)
FNDA:0,(anonymous_2)
FNDA:6,(anonymous_3)
FNDA:1,(anonymous_4)
DA:1,2
DA:2,2
DA:3,2
DA:4,2
DA:5,2
DA:6,2
DA:7,2
DA:8,2
DA:9,2
DA:11,2
DA:14,2
DA:15,3
DA:16,3
DA:18,3
DA:21,3
DA:22,3
DA:23,1
DA:26,2
DA:27,2
DA:30,2
DA:32,2
DA:37,2
DA:38,2
DA:40,0
DA:41,0
DA:46,2
DA:47,0
DA:48,0
DA:50,0
DA:51,0
DA:54,0
DA:56,0
DA:57,0
DA:58,0
DA:61,0
DA:62,0
DA:63,0
DA:65,0
DA:70,0
DA:71,0
DA:73,0
DA:74,0
DA:79,2
DA:80,6
DA:81,6
DA:83,6
DA:84,6
DA:86,6
DA:87,1
DA:90,5
DA:91,5
DA:92,1
DA:95,4
DA:97,4
DA:107,0
DA:108,0
DA:113,2
DA:114,1
DA:115,1
DA:116,1
DA:118,1
DA:119,0
DA:122,1
DA:124,0
DA:125,0
DA:129,2
LF:66
LH:43
BRDA:22,0,0,1
BRDA:34,1,0,2
BRDA:34,1,1,1
BRDA:50,2,0,0
BRDA:57,3,0,0
BRDA:86,4,0,1
BRDA:91,5,0,1
BRDA:118,6,0,0
BRF:8
BRH:5
end_of_record
TN:
SF:src/routes/courses.ts
FN:13,(anonymous_0)
FN:27,(anonymous_1)
FN:43,(anonymous_2)
FN:55,(anonymous_3)
FN:58,(anonymous_4)
FN:63,(anonymous_5)
FN:65,(anonymous_6)
FN:76,(anonymous_7)
FN:97,(anonymous_8)
FN:103,(anonymous_9)
FN:111,(anonymous_10)
FN:112,(anonymous_11)
FN:127,(anonymous_12)
FN:143,(anonymous_13)
FN:161,(anonymous_14)
FN:172,(anonymous_15)
FN:189,(anonymous_16)
FN:195,(anonymous_17)
FN:199,(anonymous_18)
FN:200,(anonymous_19)
FN:213,(anonymous_20)
FN:227,(anonymous_21)
FN:238,(anonymous_22)
FN:255,(anonymous_23)
FN:261,(anonymous_24)
FN:265,(anonymous_25)
FN:266,(anonymous_26)
FN:278,(anonymous_27)
FN:290,(anonymous_28)
FN:309,(anonymous_29)
FN:321,(anonymous_30)
FN:324,(anonymous_31)
FN:328,(anonymous_32)
FN:330,(anonymous_33)
FN:340,(anonymous_34)
FN:352,(anonymous_35)
FN:362,(anonymous_36)
FNF:37
FNH:0
FNDA:0,(anonymous_0)
FNDA:0,(anonymous_1)
FNDA:0,(anonymous_2)
FNDA:0,(anonymous_3)
FNDA:0,(anonymous_4)
FNDA:0,(anonymous_5)
FNDA:0,(anonymous_6)
FNDA:0,(anonymous_7)
FNDA:0,(anonymous_8)
FNDA:0,(anonymous_9)
FNDA:0,(anonymous_10)
FNDA:0,(anonymous_11)
FNDA:0,(anonymous_12)
FNDA:0,(anonymous_13)
FNDA:0,(anonymous_14)
FNDA:0,(anonymous_15)
FNDA:0,(anonymous_16)
FNDA:0,(anonymous_17)
FNDA:0,(anonymous_18)
FNDA:0,(anonymous_19)
FNDA:0,(anonymous_20)
FNDA:0,(anonymous_21)
FNDA:0,(anonymous_22)
FNDA:0,(anonymous_23)
FNDA:0,(anonymous_24)
FNDA:0,(anonymous_25)
FNDA:0,(anonymous_26)
FNDA:0,(anonymous_27)
FNDA:0,(anonymous_28)
FNDA:0,(anonymous_29)
FNDA:0,(anonymous_30)
FNDA:0,(anonymous_31)
FNDA:0,(anonymous_32)
FNDA:0,(anonymous_33)
FNDA:0,(anonymous_34)
FNDA:0,(anonymous_35)
FNDA:0,(anonymous_36)
DA:1,0
DA:2,0
DA:3,0
DA:4,0
DA:5,0
DA:6,0
DA:8,0
DA:13,0
DA:14,0
DA:15,0
DA:16,0
DA:19,0
DA:21,0
DA:22,0
DA:27,0
DA:28,0
DA:29,0
DA:30,0
DA:34,0
DA:35,0
DA:37,0
DA:38,0
DA:43,0
DA:44,0
DA:45,0
DA:48,0
DA:49,0
DA:52,0
DA:55,0
DA:56,0
DA:57,0
DA:58,0
DA:59,0
DA:63,0
DA:65,0
DA:68,0
DA:70,0
DA:71,0
DA:76,0
DA:77,0
DA:78,0
DA:79,0
DA:81,0
DA:87,0
DA:88,0
DA:89,0
DA:91,0
DA:92,0
DA:97,0
DA:98,0
DA:99,0
DA:100,0
DA:102,0
DA:103,0
DA:105,0
DA:108,0
DA:109,0
DA:111,0
DA:112,0
DA:113,0
DA:115,0
DA:117,0
DA:118,0
DA:119,0
DA:121,0
DA:122,0
DA:127,0
DA:128,0
DA:129,0
DA:130,0
DA:134,0
DA:135,0
DA:137,0
DA:138,0
DA:143,0
DA:144,0
DA:145,0
DA:146,0
DA:150,0
DA:151,0
DA:153,0
DA:154,0
DA:161,0
DA:162,0
DA:163,0
DA:164,0
DA:165,0
DA:167,0
DA:172,0
DA:173,0
DA:174,0
DA:175,0
DA:176,0
DA:180,0
DA:181,0
DA:182,0
DA:184,0
DA:189,0
DA:190,0
DA:191,0
DA:192,0
DA:194,0
DA:195,0
DA:197,0
DA:199,0
DA:200,0
DA:201,0
DA:203,0
DA:204,0
DA:205,0
DA:206,0
DA:208,0
DA:213,0
DA:214,0
DA:215,0
DA:216,0
DA:217,0
DA:218,0
DA:220,0
DA:227,0
DA:228,0
DA:229,0
DA:230,0
DA:231,0
DA:233,0
DA:238,0
DA:239,0
DA:240,0
DA:241,0
DA:242,0
DA:247,0
DA:248,0
DA:250,0
DA:255,0
DA:256,0
DA:257,0
DA:258,0
DA:260,0
DA:261,0
DA:263,0
DA:265,0
DA:266,0
DA:267,0
DA:269,0
DA:270,0
DA:271,0
DA:273,0
DA:278,0
DA:279,0
DA:280,0
DA:281,0
DA:282,0
DA:283,0
DA:285,0
DA:290,0
DA:291,0
DA:292,0
DA:293,0
DA:295,0
DA:296,0
DA:297,0
DA:299,0
DA:301,0
DA:302,0
DA:304,0
DA:309,0
DA:310,0
DA:311,0
DA:313,0
DA:314,0
DA:316,0
DA:317,0
DA:319,0
DA:321,0
DA:322,0
DA:323,0
DA:324,0
DA:325,0
DA:328,0
DA:330,0
DA:333,0
DA:335,0
DA:340,0
DA:341,0
DA:342,0
DA:343,0
DA:352,0
DA:356,0
DA:358,0
DA:362,0
DA:363,0
DA:364,0
DA:365,0
DA:366,0
DA:368,0
DA:372,0
DA:373,0
DA:375,0
DA:379,0
LF:199
LH:0
BRDA:34,0,0,0
BRDA:49,1,0,0
BRDA:57,2,0,0
BRDA:84,3,0,0
BRDA:84,3,1,0
BRDA:84,4,0,0
BRDA:84,4,1,0
BRDA:84,5,0,0
BRDA:84,5,1,0
BRDA:84,6,0,0
BRDA:84,6,1,0
BRDA:84,7,0,0
BRDA:84,7,1,0
BRDA:105,8,0,0
BRDA:178,9,0,0
BRDA:178,9,1,0
BRDA:197,10,0,0
BRDA:245,11,0,0
BRDA:245,11,1,0
BRDA:245,12,0,0
BRDA:245,12,1,0
BRDA:245,13,0,0
BRDA:245,13,1,0
BRDA:263,14,0,0
BRDA:314,15,0,0
BRDA:323,16,0,0
BRF:26
BRH:0
end_of_record
TN:
SF:src/routes/quizzes.ts
FN:11,(anonymous_0)
FN:21,(anonymous_1)
FN:27,(anonymous_2)
FN:43,(anonymous_3)
FN:59,(anonymous_4)
FN:70,(anonymous_5)
FN:74,(anonymous_6)
FN:90,(anonymous_7)
FN:106,(anonymous_8)
FN:118,(anonymous_9)
FN:122,(anonymous_10)
FN:128,(anonymous_11)
FN:143,(anonymous_12)
FN:149,(anonymous_13)
FN:153,(anonymous_14)
FN:154,(anonymous_15)
FN:165,(anonymous_16)
FN:176,(anonymous_17)
FN:194,(anonymous_18)
FN:206,(anonymous_19)
FN:217,(anonymous_20)
FNF:21
FNH:7
FNDA:0,(anonymous_0)
FNDA:0,(anonymous_1)
FNDA:0,(anonymous_2)
FNDA:1,(anonymous_3)
FNDA:0,(anonymous_4)
FNDA:1,(anonymous_5)
FNDA:1,(anonymous_6)
FNDA:1,(anonymous_7)
FNDA:0,(anonymous_8)
FNDA:0,(anonymous_9)
FNDA:0,(anonymous_10)
FNDA:0,(anonymous_11)
FNDA:0,(anonymous_12)
FNDA:0,(anonymous_13)
FNDA:0,(anonymous_14)
FNDA:0,(anonymous_15)
FNDA:0,(anonymous_16)
FNDA:1,(anonymous_17)
FNDA:1,(anonymous_18)
FNDA:1,(anonymous_19)
FNDA:0,(anonymous_20)
DA:1,1
DA:2,1
DA:3,1
DA:4,1
DA:5,1
DA:6,1
DA:8,1
DA:11,1
DA:12,0
DA:13,0
DA:14,0
DA:21,0
DA:23,0
DA:27,1
DA:28,0
DA:29,0
DA:30,0
DA:36,0
DA:37,0
DA:39,0
DA:43,1
DA:44,1
DA:45,1
DA:46,1
DA:47,1
DA:51,1
DA:52,1
DA:53,1
DA:55,0
DA:59,1
DA:60,0
DA:61,0
DA:62,0
DA:63,0
DA:65,0
DA:70,1
DA:71,1
DA:72,1
DA:73,1
DA:74,1
DA:75,1
DA:76,1
DA:77,1
DA:79,1
DA:81,0
DA:83,1
DA:86,0
DA:90,1
DA:91,1
DA:92,1
DA:93,1
DA:94,1
DA:98,1
DA:99,1
DA:100,1
DA:102,0
DA:106,1
DA:107,0
DA:108,0
DA:109,0
DA:110,0
DA:111,0
DA:113,0
DA:118,1
DA:119,0
DA:120,0
DA:121,0
DA:122,0
DA:124,0
DA:128,1
DA:129,0
DA:130,0
DA:131,0
DA:132,0
DA:136,0
DA:137,0
DA:139,0
DA:143,1
DA:144,0
DA:145,0
DA:146,0
DA:148,0
DA:149,0
DA:151,0
DA:153,0
DA:154,0
DA:155,0
DA:157,0
DA:158,0
DA:159,0
DA:161,0
DA:165,1
DA:166,0
DA:167,0
DA:168,0
DA:169,0
DA:171,0
DA:176,1
DA:177,1
DA:178,1
DA:179,1
DA:180,1
DA:182,1
DA:186,1
DA:187,1
DA:188,1
DA:190,0
DA:194,1
DA:195,1
DA:196,1
DA:197,1
DA:206,1
DA:213,0
DA:217,1
DA:218,0
DA:219,0
DA:220,0
DA:227,0
DA:229,0
DA:235,0
DA:239,1
LF:121
LH:57
BRDA:36,0,0,0
BRDA:49,1,0,1
BRDA:49,1,1,0
BRDA:49,2,0,1
BRDA:49,2,1,0
BRDA:49,3,0,1
BRDA:49,3,1,0
BRDA:77,4,0,1
BRDA:77,4,1,0
BRDA:79,5,0,0
BRDA:83,6,0,1
BRDA:83,6,1,0
BRDA:96,7,0,1
BRDA:96,7,1,0
BRDA:96,8,0,1
BRDA:96,8,1,1
BRDA:96,9,0,1
BRDA:96,9,1,1
BRDA:122,10,0,0
BRDA:122,10,1,0
BRDA:134,11,0,0
BRDA:134,11,1,0
BRDA:134,12,0,0
BRDA:134,12,1,0
BRDA:134,13,0,0
BRDA:134,13,1,0
BRDA:151,14,0,0
BRDA:154,15,0,0
BRDA:154,15,1,0
BRDA:184,16,0,1
BRDA:184,16,1,1
BRDA:184,17,0,1
BRDA:184,17,1,0
BRDA:184,18,0,1
BRDA:184,18,1,0
BRDA:208,19,0,1
BRDA:208,19,1,0
BRDA:209,20,0,0
BRDA:209,20,1,1
BRDA:210,21,0,1
BRDA:210,21,1,0
BRDA:227,22,0,0
BRDA:231,23,0,0
BRDA:231,23,1,0
BRF:44
BRH:17
end_of_record
TN:
SF:src/routes/settings.ts
FN:8,(anonymous_0)
FN:12,(anonymous_1)
FN:23,(anonymous_2)
FNF:3
FNH:0
FNDA:0,(anonymous_0)
FNDA:0,(anonymous_1)
FNDA:0,(anonymous_2)
DA:1,0
DA:2,0
DA:3,0
DA:5,0
DA:8,0
DA:9,0
DA:10,0
DA:11,0
DA:12,0
DA:13,0
DA:14,0
DA:16,0
DA:18,0
DA:23,0
DA:24,0
DA:25,0
DA:26,0
DA:28,0
DA:29,0
DA:34,0
DA:36,0
DA:40,0
LF:22
LH:0
BRF:0
BRH:0
end_of_record
TN:
SF:src/routes/students.ts
FN:11,(anonymous_0)
FN:21,(anonymous_1)
FN:31,(anonymous_2)
FN:42,(anonymous_3)
FN:46,(anonymous_4)
FN:47,(anonymous_5)
FN:62,(anonymous_6)
FN:94,(anonymous_7)
FN:108,(anonymous_8)
FN:125,(anonymous_9)
FN:134,(anonymous_10)
FN:144,(anonymous_11)
FN:171,(anonymous_12)
FN:187,(anonymous_13)
FN:196,(anonymous_14)
FN:210,(anonymous_15)
FN:254,(anonymous_16)
FN:260,(anonymous_17)
FN:264,(anonymous_18)
FN:270,(anonymous_19)
FN:289,(anonymous_20)
FN:328,(anonymous_21)
FN:339,(anonymous_22)
FN:362,(anonymous_23)
FN:368,(anonymous_24)
FN:379,(anonymous_25)
FN:385,(anonymous_26)
FN:398,(anonymous_27)
FN:408,(anonymous_28)
FN:424,(anonymous_29)
FN:437,(anonymous_30)
FN:449,(anonymous_31)
FN:455,(anonymous_32)
FN:461,(anonymous_33)
FNF:34
FNH:7
FNDA:0,(anonymous_0)
FNDA:0,(anonymous_1)
FNDA:0,(anonymous_2)
FNDA:0,(anonymous_3)
FNDA:0,(anonymous_4)
FNDA:0,(anonymous_5)
FNDA:0,(anonymous_6)
FNDA:0,(anonymous_7)
FNDA:0,(anonymous_8)
FNDA:0,(anonymous_9)
FNDA:0,(anonymous_10)
FNDA:0,(anonymous_11)
FNDA:2,(anonymous_12)
FNDA:1,(anonymous_13)
FNDA:0,(anonymous_14)
FNDA:3,(anonymous_15)
FNDA:0,(anonymous_16)
FNDA:1,(anonymous_17)
FNDA:1,(anonymous_18)
FNDA:2,(anonymous_19)
FNDA:0,(anonymous_20)
FNDA:0,(anonymous_21)
FNDA:3,(anonymous_22)
FNDA:0,(anonymous_23)
FNDA:0,(anonymous_24)
FNDA:0,(anonymous_25)
FNDA:0,(anonymous_26)
FNDA:0,(anonymous_27)
FNDA:0,(anonymous_28)
FNDA:0,(anonymous_29)
FNDA:0,(anonymous_30)
FNDA:0,(anonymous_31)
FNDA:0,(anonymous_32)
FNDA:0,(anonymous_33)
DA:1,2
DA:2,2
DA:3,2
DA:4,2
DA:5,2
DA:6,2
DA:8,2
DA:11,2
DA:12,0
DA:13,0
DA:14,0
DA:15,0
DA:17,0
DA:21,2
DA:22,0
DA:23,0
DA:24,0
DA:25,0
DA:27,0
DA:31,2
DA:32,0
DA:34,0
DA:35,0
DA:38,0
DA:39,0
DA:41,0
DA:42,0
DA:44,0
DA:46,0
DA:47,0
DA:48,0
DA:50,0
DA:51,0
DA:52,0
DA:53,0
DA:55,0
DA:62,2
DA:63,0
DA:64,0
DA:65,0
DA:68,0
DA:76,0
DA:82,0
DA:85,0
DA:93,0
DA:94,0
DA:97,0
DA:107,0
DA:108,0
DA:109,0
DA:113,0
DA:115,0
DA:124,0
DA:125,0
DA:126,0
DA:128,0
DA:129,0
DA:134,0
DA:135,0
DA:136,0
DA:138,0
DA:139,0
DA:143,0
DA:144,0
DA:145,0
DA:146,0
DA:155,0
DA:163,0
DA:165,0
DA:166,0
DA:171,2
DA:172,2
DA:173,2
DA:174,1
DA:176,1
DA:177,1
DA:187,1
DA:192,0
DA:196,2
DA:197,0
DA:198,0
DA:199,0
DA:204,0
DA:206,0
DA:210,2
DA:213,3
DA:214,3
DA:215,3
DA:216,3
DA:218,3
DA:221,3
DA:222,3
DA:223,1
DA:224,1
DA:228,2
DA:229,2
DA:230,1
DA:231,1
DA:235,1
DA:236,1
DA:237,1
DA:244,1
DA:245,1
DA:250,1
DA:251,1
DA:252,1
DA:254,0
DA:255,0
DA:260,2
DA:261,1
DA:262,1
DA:263,1
DA:264,1
DA:266,0
DA:270,2
DA:271,2
DA:272,2
DA:273,2
DA:274,2
DA:276,2
DA:281,2
DA:282,2
DA:284,0
DA:289,2
DA:290,0
DA:291,0
DA:292,0
DA:297,0
DA:298,0
DA:300,0
DA:302,0
DA:309,0
DA:317,0
DA:318,0
DA:319,0
DA:321,0
DA:323,0
DA:328,2
DA:329,0
DA:330,0
DA:331,0
DA:332,0
DA:333,0
DA:335,0
DA:339,2
DA:342,3
DA:343,3
DA:344,3
DA:345,3
DA:347,3
DA:348,3
DA:349,3
DA:350,2
DA:351,2
DA:355,1
DA:356,1
DA:357,1
DA:359,1
DA:360,1
DA:362,0
DA:363,0
DA:368,2
DA:369,0
DA:370,0
DA:371,0
DA:379,0
DA:381,0
DA:385,2
DA:386,0
DA:387,0
DA:388,0
DA:398,0
DA:404,0
DA:408,2
DA:409,0
DA:410,0
DA:411,0
DA:412,0
DA:416,0
DA:417,0
DA:418,0
DA:420,0
DA:424,2
DA:425,0
DA:426,0
DA:427,0
DA:428,0
DA:429,0
DA:430,0
DA:431,0
DA:433,0
DA:437,2
DA:438,0
DA:439,0
DA:440,0
DA:441,0
DA:442,0
DA:444,0
DA:449,2
DA:450,0
DA:451,0
DA:452,0
DA:453,0
DA:455,0
DA:457,0
DA:461,2
DA:462,0
DA:463,0
DA:464,0
DA:465,0
DA:466,0
DA:467,0
DA:469,0
DA:473,2
LF:214
LH:79
BRDA:34,0,0,0
BRDA:34,1,0,0
BRDA:34,1,1,0
BRDA:44,2,0,0
BRDA:82,3,0,0
BRDA:82,3,1,0
BRDA:126,4,0,0
BRDA:128,5,0,0
BRDA:135,6,0,0
BRDA:135,6,1,0
BRDA:136,7,0,0
BRDA:136,7,1,0
BRDA:139,8,0,0
BRDA:139,8,1,0
BRDA:139,9,0,0
BRDA:139,9,1,0
BRDA:143,10,0,0
BRDA:143,10,1,0
BRDA:149,11,0,0
BRDA:149,11,1,0
BRDA:150,12,0,0
BRDA:150,12,1,0
BRDA:151,13,0,0
BRDA:151,13,1,0
BRDA:151,14,0,0
BRDA:151,14,1,0
BRDA:173,15,0,1
BRDA:173,16,0,2
BRDA:173,16,1,2
BRDA:222,17,0,1
BRDA:222,18,0,3
BRDA:222,18,1,3
BRDA:222,19,0,3
BRDA:222,19,1,0
BRDA:229,20,0,1
BRDA:235,21,0,1
BRDA:244,22,0,1
BRDA:244,22,1,0
BRDA:254,23,0,0
BRDA:317,24,0,0
BRDA:317,24,1,0
BRDA:318,25,0,0
BRDA:318,25,1,0
BRDA:319,26,0,0
BRDA:319,26,1,0
BRDA:330,27,0,0
BRDA:330,28,0,0
BRDA:330,28,1,0
BRDA:349,29,0,2
BRDA:362,30,0,0
BRDA:451,31,0,0
BRDA:451,32,0,0
BRDA:451,32,1,0
BRDA:463,33,0,0
BRDA:463,34,0,0
BRDA:463,34,1,0
BRF:56
BRH:11
end_of_record
TN:
SF:src/routes/upload.ts
FN:12,(anonymous_1)
FN:19,(anonymous_2)
FN:30,(anonymous_3)
FN:45,(anonymous_4)
FN:58,(anonymous_5)
FNF:5
FNH:0
FNDA:0,(anonymous_1)
FNDA:0,(anonymous_2)
FNDA:0,(anonymous_3)
FNDA:0,(anonymous_4)
FNDA:0,(anonymous_5)
DA:1,0
DA:2,0
DA:3,0
DA:4,0
DA:5,0
DA:6,0
DA:8,0
DA:11,0
DA:13,0
DA:14,0
DA:15,0
DA:17,0
DA:20,0
DA:21,0
DA:25,0
DA:32,0
DA:33,0
DA:34,0
DA:36,0
DA:37,0
DA:39,0
DA:45,0
DA:46,0
DA:47,0
DA:51,0
DA:58,0
DA:59,0
DA:60,0
DA:63,0
DA:64,0
DA:66,0
DA:67,0
DA:68,0
DA:70,0
DA:73,0
LF:35
LH:0
BRDA:14,0,0,0
BRDA:36,1,0,0
BRDA:36,1,1,0
BRDA:36,2,0,0
BRDA:36,2,1,0
BRDA:46,3,0,0
BRDA:60,4,0,0
BRDA:66,5,0,0
BRF:8
BRH:0
end_of_record
TN:
SF:src/validators/admin.ts
FNF:0
FNH:0
DA:4,1
DA:6,1
DA:17,1
DA:31,1
LF:4
LH:4
BRF:0
BRH:0
end_of_record
TN:
SF:src/validators/auth.ts
FNF:0
FNH:0
DA:1,2
DA:3,2
DA:14,2
DA:23,2
LF:4
LH:4
BRF:0
BRH:0
end_of_record
TN:
SF:src/validators/courses.ts
FNF:0
FNH:0
DA:4,1
DA:6,1
DA:24,1
DA:38,1
DA:46,1
DA:60,1
LF:6
LH:6
BRF:0
BRH:0
end_of_record
TN:
SF:src/validators/quizzes.ts
FNF:0
FNH:0
DA:4,1
DA:6,1
DA:21,1
DA:33,1
DA:41,1
LF:5
LH:5
BRF:0
BRH:0
end_of_record
TN:
SF:src/validators/students.ts
FNF:0
FNH:0
DA:4,2
DA:6,2
DA:15,2
DA:22,2
DA:28,2
DA:40,2
DA:48,2
LF:7
LH:7
BRF:0
BRH:0
end_of_record
